{"D:\\windu\\WinduDocs\\src\\TextEditor\\wd-text-editor\\src\\__mocks__\\editor-mocks.ts": {"path":"D:\\windu\\WinduDocs\\src\\TextEditor\\wd-text-editor\\src\\__mocks__\\editor-mocks.ts","all":false,"statementMap":{"0":{"start":{"line":1,"column":0},"end":{"line":1,"column":58}},"1":{"start":{"line":2,"column":0},"end":{"line":2,"column":0}},"2":{"start":{"line":3,"column":0},"end":{"line":3,"column":45}},"3":{"start":{"line":4,"column":0},"end":{"line":4,"column":3}},"4":{"start":{"line":5,"column":0},"end":{"line":5,"column":28}},"5":{"start":{"line":6,"column":0},"end":{"line":6,"column":21}},"6":{"start":{"line":7,"column":0},"end":{"line":7,"column":21}},"7":{"start":{"line":8,"column":0},"end":{"line":8,"column":15}},"8":{"start":{"line":9,"column":0},"end":{"line":9,"column":51}},"9":{"start":{"line":10,"column":0},"end":{"line":10,"column":24}},"10":{"start":{"line":11,"column":0},"end":{"line":11,"column":18}},"11":{"start":{"line":12,"column":0},"end":{"line":12,"column":3}},"12":{"start":{"line":13,"column":0},"end":{"line":13,"column":2}},"13":{"start":{"line":14,"column":0},"end":{"line":14,"column":0}},"14":{"start":{"line":15,"column":0},"end":{"line":15,"column":43}},"15":{"start":{"line":16,"column":0},"end":{"line":16,"column":31}},"16":{"start":{"line":17,"column":0},"end":{"line":17,"column":19}},"17":{"start":{"line":18,"column":0},"end":{"line":18,"column":18}},"18":{"start":{"line":19,"column":0},"end":{"line":19,"column":13}},"19":{"start":{"line":20,"column":0},"end":{"line":20,"column":49}},"20":{"start":{"line":21,"column":0},"end":{"line":21,"column":22}},"21":{"start":{"line":22,"column":0},"end":{"line":22,"column":15}},"22":{"start":{"line":23,"column":0},"end":{"line":23,"column":5}},"23":{"start":{"line":24,"column":0},"end":{"line":24,"column":27}},"24":{"start":{"line":25,"column":0},"end":{"line":25,"column":23}},"25":{"start":{"line":26,"column":0},"end":{"line":26,"column":22}},"26":{"start":{"line":27,"column":0},"end":{"line":27,"column":17}},"27":{"start":{"line":28,"column":0},"end":{"line":28,"column":53}},"28":{"start":{"line":29,"column":0},"end":{"line":29,"column":26}},"29":{"start":{"line":30,"column":0},"end":{"line":30,"column":19}},"30":{"start":{"line":31,"column":0},"end":{"line":31,"column":9}},"31":{"start":{"line":32,"column":0},"end":{"line":32,"column":29}},"32":{"start":{"line":33,"column":0},"end":{"line":33,"column":27}},"33":{"start":{"line":34,"column":0},"end":{"line":34,"column":26}},"34":{"start":{"line":35,"column":0},"end":{"line":35,"column":21}},"35":{"start":{"line":36,"column":0},"end":{"line":36,"column":57}},"36":{"start":{"line":37,"column":0},"end":{"line":37,"column":58}},"37":{"start":{"line":38,"column":0},"end":{"line":38,"column":24}},"38":{"start":{"line":39,"column":0},"end":{"line":39,"column":10}},"39":{"start":{"line":40,"column":0},"end":{"line":40,"column":9}},"40":{"start":{"line":41,"column":0},"end":{"line":41,"column":31}},"41":{"start":{"line":42,"column":0},"end":{"line":42,"column":27}},"42":{"start":{"line":43,"column":0},"end":{"line":43,"column":26}},"43":{"start":{"line":44,"column":0},"end":{"line":44,"column":21}},"44":{"start":{"line":45,"column":0},"end":{"line":45,"column":57}},"45":{"start":{"line":46,"column":0},"end":{"line":46,"column":30}},"46":{"start":{"line":47,"column":0},"end":{"line":47,"column":23}},"47":{"start":{"line":48,"column":0},"end":{"line":48,"column":13}},"48":{"start":{"line":49,"column":0},"end":{"line":49,"column":37}},"49":{"start":{"line":50,"column":0},"end":{"line":50,"column":31}},"50":{"start":{"line":51,"column":0},"end":{"line":51,"column":30}},"51":{"start":{"line":52,"column":0},"end":{"line":52,"column":25}},"52":{"start":{"line":53,"column":0},"end":{"line":53,"column":61}},"53":{"start":{"line":54,"column":0},"end":{"line":54,"column":34}},"54":{"start":{"line":55,"column":0},"end":{"line":55,"column":27}},"55":{"start":{"line":56,"column":0},"end":{"line":56,"column":17}},"56":{"start":{"line":57,"column":0},"end":{"line":57,"column":37}},"57":{"start":{"line":58,"column":0},"end":{"line":58,"column":35}},"58":{"start":{"line":59,"column":0},"end":{"line":59,"column":34}},"59":{"start":{"line":60,"column":0},"end":{"line":60,"column":29}},"60":{"start":{"line":61,"column":0},"end":{"line":61,"column":65}},"61":{"start":{"line":62,"column":0},"end":{"line":62,"column":51}},"62":{"start":{"line":63,"column":0},"end":{"line":63,"column":32}},"63":{"start":{"line":64,"column":0},"end":{"line":64,"column":17}},"64":{"start":{"line":65,"column":0},"end":{"line":65,"column":15}},"65":{"start":{"line":66,"column":0},"end":{"line":66,"column":13}},"66":{"start":{"line":67,"column":0},"end":{"line":67,"column":11}},"67":{"start":{"line":68,"column":0},"end":{"line":68,"column":10}},"68":{"start":{"line":69,"column":0},"end":{"line":69,"column":9}},"69":{"start":{"line":70,"column":0},"end":{"line":70,"column":29}},"70":{"start":{"line":71,"column":0},"end":{"line":71,"column":27}},"71":{"start":{"line":72,"column":0},"end":{"line":72,"column":26}},"72":{"start":{"line":73,"column":0},"end":{"line":73,"column":21}},"73":{"start":{"line":74,"column":0},"end":{"line":74,"column":57}},"74":{"start":{"line":75,"column":0},"end":{"line":75,"column":33}},"75":{"start":{"line":76,"column":0},"end":{"line":76,"column":24}},"76":{"start":{"line":77,"column":0},"end":{"line":77,"column":9}},"77":{"start":{"line":78,"column":0},"end":{"line":78,"column":7}},"78":{"start":{"line":79,"column":0},"end":{"line":79,"column":6}},"79":{"start":{"line":80,"column":0},"end":{"line":80,"column":5}},"80":{"start":{"line":81,"column":0},"end":{"line":81,"column":25}},"81":{"start":{"line":82,"column":0},"end":{"line":82,"column":23}},"82":{"start":{"line":83,"column":0},"end":{"line":83,"column":22}},"83":{"start":{"line":84,"column":0},"end":{"line":84,"column":17}},"84":{"start":{"line":85,"column":0},"end":{"line":85,"column":53}},"85":{"start":{"line":86,"column":0},"end":{"line":86,"column":50}},"86":{"start":{"line":87,"column":0},"end":{"line":87,"column":20}},"87":{"start":{"line":88,"column":0},"end":{"line":88,"column":5}},"88":{"start":{"line":89,"column":0},"end":{"line":89,"column":3}},"89":{"start":{"line":90,"column":0},"end":{"line":90,"column":2}},"90":{"start":{"line":91,"column":0},"end":{"line":91,"column":0}},"91":{"start":{"line":92,"column":0},"end":{"line":92,"column":44}},"92":{"start":{"line":93,"column":0},"end":{"line":93,"column":3}},"93":{"start":{"line":94,"column":0},"end":{"line":94,"column":28}},"94":{"start":{"line":95,"column":0},"end":{"line":95,"column":21}},"95":{"start":{"line":96,"column":0},"end":{"line":96,"column":20}},"96":{"start":{"line":97,"column":0},"end":{"line":97,"column":15}},"97":{"start":{"line":98,"column":0},"end":{"line":98,"column":51}},"98":{"start":{"line":99,"column":0},"end":{"line":99,"column":24}},"99":{"start":{"line":100,"column":0},"end":{"line":100,"column":17}},"100":{"start":{"line":101,"column":0},"end":{"line":101,"column":7}},"101":{"start":{"line":102,"column":0},"end":{"line":102,"column":37}},"102":{"start":{"line":103,"column":0},"end":{"line":103,"column":25}},"103":{"start":{"line":104,"column":0},"end":{"line":104,"column":24}},"104":{"start":{"line":105,"column":0},"end":{"line":105,"column":19}},"105":{"start":{"line":106,"column":0},"end":{"line":106,"column":55}},"106":{"start":{"line":107,"column":0},"end":{"line":107,"column":28}},"107":{"start":{"line":108,"column":0},"end":{"line":108,"column":21}},"108":{"start":{"line":109,"column":0},"end":{"line":109,"column":11}},"109":{"start":{"line":110,"column":0},"end":{"line":110,"column":31}},"110":{"start":{"line":111,"column":0},"end":{"line":111,"column":29}},"111":{"start":{"line":112,"column":0},"end":{"line":112,"column":28}},"112":{"start":{"line":113,"column":0},"end":{"line":113,"column":23}},"113":{"start":{"line":114,"column":0},"end":{"line":114,"column":59}},"114":{"start":{"line":115,"column":0},"end":{"line":115,"column":38}},"115":{"start":{"line":116,"column":0},"end":{"line":116,"column":26}},"116":{"start":{"line":117,"column":0},"end":{"line":117,"column":11}},"117":{"start":{"line":118,"column":0},"end":{"line":118,"column":9}},"118":{"start":{"line":119,"column":0},"end":{"line":119,"column":7}},"119":{"start":{"line":120,"column":0},"end":{"line":120,"column":5}},"120":{"start":{"line":121,"column":0},"end":{"line":121,"column":4}},"121":{"start":{"line":122,"column":0},"end":{"line":122,"column":3}},"122":{"start":{"line":123,"column":0},"end":{"line":123,"column":28}},"123":{"start":{"line":124,"column":0},"end":{"line":124,"column":21}},"124":{"start":{"line":125,"column":0},"end":{"line":125,"column":20}},"125":{"start":{"line":126,"column":0},"end":{"line":126,"column":15}},"126":{"start":{"line":127,"column":0},"end":{"line":127,"column":51}},"127":{"start":{"line":128,"column":0},"end":{"line":128,"column":24}},"128":{"start":{"line":129,"column":0},"end":{"line":129,"column":17}},"129":{"start":{"line":130,"column":0},"end":{"line":130,"column":7}},"130":{"start":{"line":131,"column":0},"end":{"line":131,"column":37}},"131":{"start":{"line":132,"column":0},"end":{"line":132,"column":25}},"132":{"start":{"line":133,"column":0},"end":{"line":133,"column":24}},"133":{"start":{"line":134,"column":0},"end":{"line":134,"column":19}},"134":{"start":{"line":135,"column":0},"end":{"line":135,"column":55}},"135":{"start":{"line":136,"column":0},"end":{"line":136,"column":28}},"136":{"start":{"line":137,"column":0},"end":{"line":137,"column":21}},"137":{"start":{"line":138,"column":0},"end":{"line":138,"column":11}},"138":{"start":{"line":139,"column":0},"end":{"line":139,"column":31}},"139":{"start":{"line":140,"column":0},"end":{"line":140,"column":29}},"140":{"start":{"line":141,"column":0},"end":{"line":141,"column":28}},"141":{"start":{"line":142,"column":0},"end":{"line":142,"column":23}},"142":{"start":{"line":143,"column":0},"end":{"line":143,"column":59}},"143":{"start":{"line":144,"column":0},"end":{"line":144,"column":38}},"144":{"start":{"line":145,"column":0},"end":{"line":145,"column":26}},"145":{"start":{"line":146,"column":0},"end":{"line":146,"column":11}},"146":{"start":{"line":147,"column":0},"end":{"line":147,"column":9}},"147":{"start":{"line":148,"column":0},"end":{"line":148,"column":7}},"148":{"start":{"line":149,"column":0},"end":{"line":149,"column":5}},"149":{"start":{"line":150,"column":0},"end":{"line":150,"column":3}},"150":{"start":{"line":151,"column":0},"end":{"line":151,"column":2}},"151":{"start":{"line":152,"column":0},"end":{"line":152,"column":0}},"152":{"start":{"line":153,"column":0},"end":{"line":153,"column":42}},"153":{"start":{"line":154,"column":0},"end":{"line":154,"column":3}},"154":{"start":{"line":155,"column":0},"end":{"line":155,"column":23}},"155":{"start":{"line":156,"column":0},"end":{"line":156,"column":21}},"156":{"start":{"line":157,"column":0},"end":{"line":157,"column":20}},"157":{"start":{"line":158,"column":0},"end":{"line":158,"column":15}},"158":{"start":{"line":159,"column":0},"end":{"line":159,"column":51}},"159":{"start":{"line":160,"column":0},"end":{"line":160,"column":52}},"160":{"start":{"line":161,"column":0},"end":{"line":161,"column":18}},"161":{"start":{"line":162,"column":0},"end":{"line":162,"column":4}},"162":{"start":{"line":163,"column":0},"end":{"line":163,"column":3}},"163":{"start":{"line":164,"column":0},"end":{"line":164,"column":25}},"164":{"start":{"line":165,"column":0},"end":{"line":165,"column":21}},"165":{"start":{"line":166,"column":0},"end":{"line":166,"column":20}},"166":{"start":{"line":167,"column":0},"end":{"line":167,"column":15}},"167":{"start":{"line":168,"column":0},"end":{"line":168,"column":51}},"168":{"start":{"line":169,"column":0},"end":{"line":169,"column":24}},"169":{"start":{"line":170,"column":0},"end":{"line":170,"column":17}},"170":{"start":{"line":171,"column":0},"end":{"line":171,"column":7}},"171":{"start":{"line":172,"column":0},"end":{"line":172,"column":31}},"172":{"start":{"line":173,"column":0},"end":{"line":173,"column":25}},"173":{"start":{"line":174,"column":0},"end":{"line":174,"column":24}},"174":{"start":{"line":175,"column":0},"end":{"line":175,"column":19}},"175":{"start":{"line":176,"column":0},"end":{"line":176,"column":55}},"176":{"start":{"line":177,"column":0},"end":{"line":177,"column":28}},"177":{"start":{"line":178,"column":0},"end":{"line":178,"column":21}},"178":{"start":{"line":179,"column":0},"end":{"line":179,"column":11}},"179":{"start":{"line":180,"column":0},"end":{"line":180,"column":31}},"180":{"start":{"line":181,"column":0},"end":{"line":181,"column":29}},"181":{"start":{"line":182,"column":0},"end":{"line":182,"column":28}},"182":{"start":{"line":183,"column":0},"end":{"line":183,"column":23}},"183":{"start":{"line":184,"column":0},"end":{"line":184,"column":59}},"184":{"start":{"line":185,"column":0},"end":{"line":185,"column":45}},"185":{"start":{"line":186,"column":0},"end":{"line":186,"column":26}},"186":{"start":{"line":187,"column":0},"end":{"line":187,"column":11}},"187":{"start":{"line":188,"column":0},"end":{"line":188,"column":9}},"188":{"start":{"line":189,"column":0},"end":{"line":189,"column":7}},"189":{"start":{"line":190,"column":0},"end":{"line":190,"column":5}},"190":{"start":{"line":191,"column":0},"end":{"line":191,"column":4}},"191":{"start":{"line":192,"column":0},"end":{"line":192,"column":3}},"192":{"start":{"line":193,"column":0},"end":{"line":193,"column":23}},"193":{"start":{"line":194,"column":0},"end":{"line":194,"column":21}},"194":{"start":{"line":195,"column":0},"end":{"line":195,"column":20}},"195":{"start":{"line":196,"column":0},"end":{"line":196,"column":15}},"196":{"start":{"line":197,"column":0},"end":{"line":197,"column":51}},"197":{"start":{"line":198,"column":0},"end":{"line":198,"column":27}},"198":{"start":{"line":199,"column":0},"end":{"line":199,"column":18}},"199":{"start":{"line":200,"column":0},"end":{"line":200,"column":3}},"200":{"start":{"line":201,"column":0},"end":{"line":201,"column":2}},"201":{"start":{"line":202,"column":0},"end":{"line":202,"column":0}},"202":{"start":{"line":203,"column":0},"end":{"line":203,"column":37}},"203":{"start":{"line":204,"column":0},"end":{"line":204,"column":33}},"204":{"start":{"line":205,"column":0},"end":{"line":205,"column":19}},"205":{"start":{"line":206,"column":0},"end":{"line":206,"column":18}},"206":{"start":{"line":207,"column":0},"end":{"line":207,"column":13}},"207":{"start":{"line":208,"column":0},"end":{"line":208,"column":49}},"208":{"start":{"line":209,"column":0},"end":{"line":209,"column":22}},"209":{"start":{"line":210,"column":0},"end":{"line":210,"column":15}},"210":{"start":{"line":211,"column":0},"end":{"line":211,"column":5}},"211":{"start":{"line":212,"column":0},"end":{"line":212,"column":35}},"212":{"start":{"line":213,"column":0},"end":{"line":213,"column":23}},"213":{"start":{"line":214,"column":0},"end":{"line":214,"column":22}},"214":{"start":{"line":215,"column":0},"end":{"line":215,"column":17}},"215":{"start":{"line":216,"column":0},"end":{"line":216,"column":53}},"216":{"start":{"line":217,"column":0},"end":{"line":217,"column":26}},"217":{"start":{"line":218,"column":0},"end":{"line":218,"column":19}},"218":{"start":{"line":219,"column":0},"end":{"line":219,"column":9}},"219":{"start":{"line":220,"column":0},"end":{"line":220,"column":31}},"220":{"start":{"line":221,"column":0},"end":{"line":221,"column":27}},"221":{"start":{"line":222,"column":0},"end":{"line":222,"column":26}},"222":{"start":{"line":223,"column":0},"end":{"line":223,"column":21}},"223":{"start":{"line":224,"column":0},"end":{"line":224,"column":57}},"224":{"start":{"line":225,"column":0},"end":{"line":225,"column":30}},"225":{"start":{"line":226,"column":0},"end":{"line":226,"column":23}},"226":{"start":{"line":227,"column":0},"end":{"line":227,"column":13}},"227":{"start":{"line":228,"column":0},"end":{"line":228,"column":33}},"228":{"start":{"line":229,"column":0},"end":{"line":229,"column":31}},"229":{"start":{"line":230,"column":0},"end":{"line":230,"column":30}},"230":{"start":{"line":231,"column":0},"end":{"line":231,"column":25}},"231":{"start":{"line":232,"column":0},"end":{"line":232,"column":61}},"232":{"start":{"line":233,"column":0},"end":{"line":233,"column":62}},"233":{"start":{"line":234,"column":0},"end":{"line":234,"column":28}},"234":{"start":{"line":235,"column":0},"end":{"line":235,"column":14}},"235":{"start":{"line":236,"column":0},"end":{"line":236,"column":13}},"236":{"start":{"line":237,"column":0},"end":{"line":237,"column":35}},"237":{"start":{"line":238,"column":0},"end":{"line":238,"column":31}},"238":{"start":{"line":239,"column":0},"end":{"line":239,"column":30}},"239":{"start":{"line":240,"column":0},"end":{"line":240,"column":25}},"240":{"start":{"line":241,"column":0},"end":{"line":241,"column":61}},"241":{"start":{"line":242,"column":0},"end":{"line":242,"column":34}},"242":{"start":{"line":243,"column":0},"end":{"line":243,"column":27}},"243":{"start":{"line":244,"column":0},"end":{"line":244,"column":17}},"244":{"start":{"line":245,"column":0},"end":{"line":245,"column":41}},"245":{"start":{"line":246,"column":0},"end":{"line":246,"column":35}},"246":{"start":{"line":247,"column":0},"end":{"line":247,"column":34}},"247":{"start":{"line":248,"column":0},"end":{"line":248,"column":29}},"248":{"start":{"line":249,"column":0},"end":{"line":249,"column":65}},"249":{"start":{"line":250,"column":0},"end":{"line":250,"column":38}},"250":{"start":{"line":251,"column":0},"end":{"line":251,"column":31}},"251":{"start":{"line":252,"column":0},"end":{"line":252,"column":21}},"252":{"start":{"line":253,"column":0},"end":{"line":253,"column":41}},"253":{"start":{"line":254,"column":0},"end":{"line":254,"column":39}},"254":{"start":{"line":255,"column":0},"end":{"line":255,"column":38}},"255":{"start":{"line":256,"column":0},"end":{"line":256,"column":33}},"256":{"start":{"line":257,"column":0},"end":{"line":257,"column":69}},"257":{"start":{"line":258,"column":0},"end":{"line":258,"column":55}},"258":{"start":{"line":259,"column":0},"end":{"line":259,"column":36}},"259":{"start":{"line":260,"column":0},"end":{"line":260,"column":21}},"260":{"start":{"line":261,"column":0},"end":{"line":261,"column":19}},"261":{"start":{"line":262,"column":0},"end":{"line":262,"column":17}},"262":{"start":{"line":263,"column":0},"end":{"line":263,"column":15}},"263":{"start":{"line":264,"column":0},"end":{"line":264,"column":14}},"264":{"start":{"line":265,"column":0},"end":{"line":265,"column":13}},"265":{"start":{"line":266,"column":0},"end":{"line":266,"column":33}},"266":{"start":{"line":267,"column":0},"end":{"line":267,"column":31}},"267":{"start":{"line":268,"column":0},"end":{"line":268,"column":30}},"268":{"start":{"line":269,"column":0},"end":{"line":269,"column":25}},"269":{"start":{"line":270,"column":0},"end":{"line":270,"column":61}},"270":{"start":{"line":271,"column":0},"end":{"line":271,"column":37}},"271":{"start":{"line":272,"column":0},"end":{"line":272,"column":28}},"272":{"start":{"line":273,"column":0},"end":{"line":273,"column":13}},"273":{"start":{"line":274,"column":0},"end":{"line":274,"column":11}},"274":{"start":{"line":275,"column":0},"end":{"line":275,"column":10}},"275":{"start":{"line":276,"column":0},"end":{"line":276,"column":9}},"276":{"start":{"line":277,"column":0},"end":{"line":277,"column":29}},"277":{"start":{"line":278,"column":0},"end":{"line":278,"column":27}},"278":{"start":{"line":279,"column":0},"end":{"line":279,"column":26}},"279":{"start":{"line":280,"column":0},"end":{"line":280,"column":21}},"280":{"start":{"line":281,"column":0},"end":{"line":281,"column":57}},"281":{"start":{"line":282,"column":0},"end":{"line":282,"column":54}},"282":{"start":{"line":283,"column":0},"end":{"line":283,"column":24}},"283":{"start":{"line":284,"column":0},"end":{"line":284,"column":9}},"284":{"start":{"line":285,"column":0},"end":{"line":285,"column":7}},"285":{"start":{"line":286,"column":0},"end":{"line":286,"column":6}},"286":{"start":{"line":287,"column":0},"end":{"line":287,"column":5}},"287":{"start":{"line":288,"column":0},"end":{"line":288,"column":30}},"288":{"start":{"line":289,"column":0},"end":{"line":289,"column":23}},"289":{"start":{"line":290,"column":0},"end":{"line":290,"column":22}},"290":{"start":{"line":291,"column":0},"end":{"line":291,"column":17}},"291":{"start":{"line":292,"column":0},"end":{"line":292,"column":53}},"292":{"start":{"line":293,"column":0},"end":{"line":293,"column":26}},"293":{"start":{"line":294,"column":0},"end":{"line":294,"column":20}},"294":{"start":{"line":295,"column":0},"end":{"line":295,"column":6}},"295":{"start":{"line":296,"column":0},"end":{"line":296,"column":5}},"296":{"start":{"line":297,"column":0},"end":{"line":297,"column":35}},"297":{"start":{"line":298,"column":0},"end":{"line":298,"column":23}},"298":{"start":{"line":299,"column":0},"end":{"line":299,"column":22}},"299":{"start":{"line":300,"column":0},"end":{"line":300,"column":17}},"300":{"start":{"line":301,"column":0},"end":{"line":301,"column":53}},"301":{"start":{"line":302,"column":0},"end":{"line":302,"column":26}},"302":{"start":{"line":303,"column":0},"end":{"line":303,"column":19}},"303":{"start":{"line":304,"column":0},"end":{"line":304,"column":9}},"304":{"start":{"line":305,"column":0},"end":{"line":305,"column":31}},"305":{"start":{"line":306,"column":0},"end":{"line":306,"column":27}},"306":{"start":{"line":307,"column":0},"end":{"line":307,"column":26}},"307":{"start":{"line":308,"column":0},"end":{"line":308,"column":21}},"308":{"start":{"line":309,"column":0},"end":{"line":309,"column":57}},"309":{"start":{"line":310,"column":0},"end":{"line":310,"column":30}},"310":{"start":{"line":311,"column":0},"end":{"line":311,"column":23}},"311":{"start":{"line":312,"column":0},"end":{"line":312,"column":13}},"312":{"start":{"line":313,"column":0},"end":{"line":313,"column":33}},"313":{"start":{"line":314,"column":0},"end":{"line":314,"column":31}},"314":{"start":{"line":315,"column":0},"end":{"line":315,"column":30}},"315":{"start":{"line":316,"column":0},"end":{"line":316,"column":25}},"316":{"start":{"line":317,"column":0},"end":{"line":317,"column":61}},"317":{"start":{"line":318,"column":0},"end":{"line":318,"column":44}},"318":{"start":{"line":319,"column":0},"end":{"line":319,"column":28}},"319":{"start":{"line":320,"column":0},"end":{"line":320,"column":13}},"320":{"start":{"line":321,"column":0},"end":{"line":321,"column":11}},"321":{"start":{"line":322,"column":0},"end":{"line":322,"column":9}},"322":{"start":{"line":323,"column":0},"end":{"line":323,"column":7}},"323":{"start":{"line":324,"column":0},"end":{"line":324,"column":6}},"324":{"start":{"line":325,"column":0},"end":{"line":325,"column":5}},"325":{"start":{"line":326,"column":0},"end":{"line":326,"column":30}},"326":{"start":{"line":327,"column":0},"end":{"line":327,"column":23}},"327":{"start":{"line":328,"column":0},"end":{"line":328,"column":23}},"328":{"start":{"line":329,"column":0},"end":{"line":329,"column":17}},"329":{"start":{"line":330,"column":0},"end":{"line":330,"column":53}},"330":{"start":{"line":331,"column":0},"end":{"line":331,"column":26}},"331":{"start":{"line":332,"column":0},"end":{"line":332,"column":20}},"332":{"start":{"line":333,"column":0},"end":{"line":333,"column":6}},"333":{"start":{"line":334,"column":0},"end":{"line":334,"column":5}},"334":{"start":{"line":335,"column":0},"end":{"line":335,"column":33}},"335":{"start":{"line":336,"column":0},"end":{"line":336,"column":21}},"336":{"start":{"line":337,"column":0},"end":{"line":337,"column":20}},"337":{"start":{"line":338,"column":0},"end":{"line":338,"column":8}},"338":{"start":{"line":339,"column":0},"end":{"line":339,"column":23}},"339":{"start":{"line":340,"column":0},"end":{"line":340,"column":17}},"340":{"start":{"line":341,"column":0},"end":{"line":341,"column":53}},"341":{"start":{"line":342,"column":0},"end":{"line":342,"column":26}},"342":{"start":{"line":343,"column":0},"end":{"line":343,"column":19}},"343":{"start":{"line":344,"column":0},"end":{"line":344,"column":9}},"344":{"start":{"line":345,"column":0},"end":{"line":345,"column":29}},"345":{"start":{"line":346,"column":0},"end":{"line":346,"column":27}},"346":{"start":{"line":347,"column":0},"end":{"line":347,"column":26}},"347":{"start":{"line":348,"column":0},"end":{"line":348,"column":21}},"348":{"start":{"line":349,"column":0},"end":{"line":349,"column":57}},"349":{"start":{"line":350,"column":0},"end":{"line":350,"column":33}},"350":{"start":{"line":351,"column":0},"end":{"line":351,"column":24}},"351":{"start":{"line":352,"column":0},"end":{"line":352,"column":9}},"352":{"start":{"line":353,"column":0},"end":{"line":353,"column":7}},"353":{"start":{"line":354,"column":0},"end":{"line":354,"column":6}},"354":{"start":{"line":355,"column":0},"end":{"line":355,"column":5}},"355":{"start":{"line":356,"column":0},"end":{"line":356,"column":30}},"356":{"start":{"line":357,"column":0},"end":{"line":357,"column":23}},"357":{"start":{"line":358,"column":0},"end":{"line":358,"column":23}},"358":{"start":{"line":359,"column":0},"end":{"line":359,"column":17}},"359":{"start":{"line":360,"column":0},"end":{"line":360,"column":53}},"360":{"start":{"line":361,"column":0},"end":{"line":361,"column":26}},"361":{"start":{"line":362,"column":0},"end":{"line":362,"column":20}},"362":{"start":{"line":363,"column":0},"end":{"line":363,"column":6}},"363":{"start":{"line":364,"column":0},"end":{"line":364,"column":5}},"364":{"start":{"line":365,"column":0},"end":{"line":365,"column":35}},"365":{"start":{"line":366,"column":0},"end":{"line":366,"column":23}},"366":{"start":{"line":367,"column":0},"end":{"line":367,"column":22}},"367":{"start":{"line":368,"column":0},"end":{"line":368,"column":17}},"368":{"start":{"line":369,"column":0},"end":{"line":369,"column":53}},"369":{"start":{"line":370,"column":0},"end":{"line":370,"column":26}},"370":{"start":{"line":371,"column":0},"end":{"line":371,"column":19}},"371":{"start":{"line":372,"column":0},"end":{"line":372,"column":9}},"372":{"start":{"line":373,"column":0},"end":{"line":373,"column":29}},"373":{"start":{"line":374,"column":0},"end":{"line":374,"column":27}},"374":{"start":{"line":375,"column":0},"end":{"line":375,"column":26}},"375":{"start":{"line":376,"column":0},"end":{"line":376,"column":21}},"376":{"start":{"line":377,"column":0},"end":{"line":377,"column":57}},"377":{"start":{"line":378,"column":0},"end":{"line":378,"column":38}},"378":{"start":{"line":379,"column":0},"end":{"line":379,"column":24}},"379":{"start":{"line":380,"column":0},"end":{"line":380,"column":10}},"380":{"start":{"line":381,"column":0},"end":{"line":381,"column":9}},"381":{"start":{"line":382,"column":0},"end":{"line":382,"column":29}},"382":{"start":{"line":383,"column":0},"end":{"line":383,"column":25}},"383":{"start":{"line":384,"column":0},"end":{"line":384,"column":40}},"384":{"start":{"line":385,"column":0},"end":{"line":385,"column":23}},"385":{"start":{"line":386,"column":0},"end":{"line":386,"column":12}},"386":{"start":{"line":387,"column":0},"end":{"line":387,"column":26}},"387":{"start":{"line":388,"column":0},"end":{"line":388,"column":21}},"388":{"start":{"line":389,"column":0},"end":{"line":389,"column":57}},"389":{"start":{"line":390,"column":0},"end":{"line":390,"column":30}},"390":{"start":{"line":391,"column":0},"end":{"line":391,"column":23}},"391":{"start":{"line":392,"column":0},"end":{"line":392,"column":13}},"392":{"start":{"line":393,"column":0},"end":{"line":393,"column":33}},"393":{"start":{"line":394,"column":0},"end":{"line":394,"column":31}},"394":{"start":{"line":395,"column":0},"end":{"line":395,"column":30}},"395":{"start":{"line":396,"column":0},"end":{"line":396,"column":25}},"396":{"start":{"line":397,"column":0},"end":{"line":397,"column":61}},"397":{"start":{"line":398,"column":0},"end":{"line":398,"column":37}},"398":{"start":{"line":399,"column":0},"end":{"line":399,"column":28}},"399":{"start":{"line":400,"column":0},"end":{"line":400,"column":14}},"400":{"start":{"line":401,"column":0},"end":{"line":401,"column":13}},"401":{"start":{"line":402,"column":0},"end":{"line":402,"column":35}},"402":{"start":{"line":403,"column":0},"end":{"line":403,"column":31}},"403":{"start":{"line":404,"column":0},"end":{"line":404,"column":30}},"404":{"start":{"line":405,"column":0},"end":{"line":405,"column":25}},"405":{"start":{"line":406,"column":0},"end":{"line":406,"column":61}},"406":{"start":{"line":407,"column":0},"end":{"line":407,"column":34}},"407":{"start":{"line":408,"column":0},"end":{"line":408,"column":27}},"408":{"start":{"line":409,"column":0},"end":{"line":409,"column":17}},"409":{"start":{"line":410,"column":0},"end":{"line":410,"column":37}},"410":{"start":{"line":411,"column":0},"end":{"line":411,"column":35}},"411":{"start":{"line":412,"column":0},"end":{"line":412,"column":34}},"412":{"start":{"line":413,"column":0},"end":{"line":413,"column":29}},"413":{"start":{"line":414,"column":0},"end":{"line":414,"column":65}},"414":{"start":{"line":415,"column":0},"end":{"line":415,"column":38}},"415":{"start":{"line":416,"column":0},"end":{"line":416,"column":32}},"416":{"start":{"line":417,"column":0},"end":{"line":417,"column":17}},"417":{"start":{"line":418,"column":0},"end":{"line":418,"column":15}},"418":{"start":{"line":419,"column":0},"end":{"line":419,"column":14}},"419":{"start":{"line":420,"column":0},"end":{"line":420,"column":13}},"420":{"start":{"line":421,"column":0},"end":{"line":421,"column":33}},"421":{"start":{"line":422,"column":0},"end":{"line":422,"column":31}},"422":{"start":{"line":423,"column":0},"end":{"line":423,"column":30}},"423":{"start":{"line":424,"column":0},"end":{"line":424,"column":25}},"424":{"start":{"line":425,"column":0},"end":{"line":425,"column":61}},"425":{"start":{"line":426,"column":0},"end":{"line":426,"column":39}},"426":{"start":{"line":427,"column":0},"end":{"line":427,"column":28}},"427":{"start":{"line":428,"column":0},"end":{"line":428,"column":13}},"428":{"start":{"line":429,"column":0},"end":{"line":429,"column":11}},"429":{"start":{"line":430,"column":0},"end":{"line":430,"column":10}},"430":{"start":{"line":431,"column":0},"end":{"line":431,"column":9}},"431":{"start":{"line":432,"column":0},"end":{"line":432,"column":29}},"432":{"start":{"line":433,"column":0},"end":{"line":433,"column":27}},"433":{"start":{"line":434,"column":0},"end":{"line":434,"column":26}},"434":{"start":{"line":435,"column":0},"end":{"line":435,"column":21}},"435":{"start":{"line":436,"column":0},"end":{"line":436,"column":57}},"436":{"start":{"line":437,"column":0},"end":{"line":437,"column":29}},"437":{"start":{"line":438,"column":0},"end":{"line":438,"column":24}},"438":{"start":{"line":439,"column":0},"end":{"line":439,"column":9}},"439":{"start":{"line":440,"column":0},"end":{"line":440,"column":7}},"440":{"start":{"line":441,"column":0},"end":{"line":441,"column":6}},"441":{"start":{"line":442,"column":0},"end":{"line":442,"column":5}},"442":{"start":{"line":443,"column":0},"end":{"line":443,"column":30}},"443":{"start":{"line":444,"column":0},"end":{"line":444,"column":23}},"444":{"start":{"line":445,"column":0},"end":{"line":445,"column":23}},"445":{"start":{"line":446,"column":0},"end":{"line":446,"column":17}},"446":{"start":{"line":447,"column":0},"end":{"line":447,"column":53}},"447":{"start":{"line":448,"column":0},"end":{"line":448,"column":26}},"448":{"start":{"line":449,"column":0},"end":{"line":449,"column":20}},"449":{"start":{"line":450,"column":0},"end":{"line":450,"column":6}},"450":{"start":{"line":451,"column":0},"end":{"line":451,"column":5}},"451":{"start":{"line":452,"column":0},"end":{"line":452,"column":33}},"452":{"start":{"line":453,"column":0},"end":{"line":453,"column":21}},"453":{"start":{"line":454,"column":0},"end":{"line":454,"column":20}},"454":{"start":{"line":455,"column":0},"end":{"line":455,"column":8}},"455":{"start":{"line":456,"column":0},"end":{"line":456,"column":23}},"456":{"start":{"line":457,"column":0},"end":{"line":457,"column":17}},"457":{"start":{"line":458,"column":0},"end":{"line":458,"column":53}},"458":{"start":{"line":459,"column":0},"end":{"line":459,"column":26}},"459":{"start":{"line":460,"column":0},"end":{"line":460,"column":19}},"460":{"start":{"line":461,"column":0},"end":{"line":461,"column":9}},"461":{"start":{"line":462,"column":0},"end":{"line":462,"column":29}},"462":{"start":{"line":463,"column":0},"end":{"line":463,"column":27}},"463":{"start":{"line":464,"column":0},"end":{"line":464,"column":26}},"464":{"start":{"line":465,"column":0},"end":{"line":465,"column":21}},"465":{"start":{"line":466,"column":0},"end":{"line":466,"column":57}},"466":{"start":{"line":467,"column":0},"end":{"line":467,"column":49}},"467":{"start":{"line":468,"column":0},"end":{"line":468,"column":24}},"468":{"start":{"line":469,"column":0},"end":{"line":469,"column":9}},"469":{"start":{"line":470,"column":0},"end":{"line":470,"column":7}},"470":{"start":{"line":471,"column":0},"end":{"line":471,"column":6}},"471":{"start":{"line":472,"column":0},"end":{"line":472,"column":5}},"472":{"start":{"line":473,"column":0},"end":{"line":473,"column":30}},"473":{"start":{"line":474,"column":0},"end":{"line":474,"column":23}},"474":{"start":{"line":475,"column":0},"end":{"line":475,"column":23}},"475":{"start":{"line":476,"column":0},"end":{"line":476,"column":17}},"476":{"start":{"line":477,"column":0},"end":{"line":477,"column":53}},"477":{"start":{"line":478,"column":0},"end":{"line":478,"column":26}},"478":{"start":{"line":479,"column":0},"end":{"line":479,"column":20}},"479":{"start":{"line":480,"column":0},"end":{"line":480,"column":6}},"480":{"start":{"line":481,"column":0},"end":{"line":481,"column":5}},"481":{"start":{"line":482,"column":0},"end":{"line":482,"column":39}},"482":{"start":{"line":483,"column":0},"end":{"line":483,"column":23}},"483":{"start":{"line":484,"column":0},"end":{"line":484,"column":23}},"484":{"start":{"line":485,"column":0},"end":{"line":485,"column":17}},"485":{"start":{"line":486,"column":0},"end":{"line":486,"column":53}},"486":{"start":{"line":487,"column":0},"end":{"line":487,"column":26}},"487":{"start":{"line":488,"column":0},"end":{"line":488,"column":20}},"488":{"start":{"line":489,"column":0},"end":{"line":489,"column":6}},"489":{"start":{"line":490,"column":0},"end":{"line":490,"column":5}},"490":{"start":{"line":491,"column":0},"end":{"line":491,"column":30}},"491":{"start":{"line":492,"column":0},"end":{"line":492,"column":23}},"492":{"start":{"line":493,"column":0},"end":{"line":493,"column":23}},"493":{"start":{"line":494,"column":0},"end":{"line":494,"column":17}},"494":{"start":{"line":495,"column":0},"end":{"line":495,"column":53}},"495":{"start":{"line":496,"column":0},"end":{"line":496,"column":26}},"496":{"start":{"line":497,"column":0},"end":{"line":497,"column":20}},"497":{"start":{"line":498,"column":0},"end":{"line":498,"column":6}},"498":{"start":{"line":499,"column":0},"end":{"line":499,"column":5}},"499":{"start":{"line":500,"column":0},"end":{"line":500,"column":36}},"500":{"start":{"line":501,"column":0},"end":{"line":501,"column":21}},"501":{"start":{"line":502,"column":0},"end":{"line":502,"column":32}},"502":{"start":{"line":503,"column":0},"end":{"line":503,"column":8}},"503":{"start":{"line":504,"column":0},"end":{"line":504,"column":23}},"504":{"start":{"line":505,"column":0},"end":{"line":505,"column":17}},"505":{"start":{"line":506,"column":0},"end":{"line":506,"column":53}},"506":{"start":{"line":507,"column":0},"end":{"line":507,"column":26}},"507":{"start":{"line":508,"column":0},"end":{"line":508,"column":19}},"508":{"start":{"line":509,"column":0},"end":{"line":509,"column":9}},"509":{"start":{"line":510,"column":0},"end":{"line":510,"column":29}},"510":{"start":{"line":511,"column":0},"end":{"line":511,"column":27}},"511":{"start":{"line":512,"column":0},"end":{"line":512,"column":26}},"512":{"start":{"line":513,"column":0},"end":{"line":513,"column":21}},"513":{"start":{"line":514,"column":0},"end":{"line":514,"column":57}},"514":{"start":{"line":515,"column":0},"end":{"line":515,"column":67}},"515":{"start":{"line":516,"column":0},"end":{"line":516,"column":24}},"516":{"start":{"line":517,"column":0},"end":{"line":517,"column":10}},"517":{"start":{"line":518,"column":0},"end":{"line":518,"column":9}},"518":{"start":{"line":519,"column":0},"end":{"line":519,"column":29}},"519":{"start":{"line":520,"column":0},"end":{"line":520,"column":27}},"520":{"start":{"line":521,"column":0},"end":{"line":521,"column":26}},"521":{"start":{"line":522,"column":0},"end":{"line":522,"column":21}},"522":{"start":{"line":523,"column":0},"end":{"line":523,"column":57}},"523":{"start":{"line":524,"column":0},"end":{"line":524,"column":30}},"524":{"start":{"line":525,"column":0},"end":{"line":525,"column":24}},"525":{"start":{"line":526,"column":0},"end":{"line":526,"column":10}},"526":{"start":{"line":527,"column":0},"end":{"line":527,"column":9}},"527":{"start":{"line":528,"column":0},"end":{"line":528,"column":29}},"528":{"start":{"line":529,"column":0},"end":{"line":529,"column":27}},"529":{"start":{"line":530,"column":0},"end":{"line":530,"column":26}},"530":{"start":{"line":531,"column":0},"end":{"line":531,"column":21}},"531":{"start":{"line":532,"column":0},"end":{"line":532,"column":57}},"532":{"start":{"line":533,"column":0},"end":{"line":533,"column":69}},"533":{"start":{"line":534,"column":0},"end":{"line":534,"column":24}},"534":{"start":{"line":535,"column":0},"end":{"line":535,"column":9}},"535":{"start":{"line":536,"column":0},"end":{"line":536,"column":7}},"536":{"start":{"line":537,"column":0},"end":{"line":537,"column":6}},"537":{"start":{"line":538,"column":0},"end":{"line":538,"column":5}},"538":{"start":{"line":539,"column":0},"end":{"line":539,"column":30}},"539":{"start":{"line":540,"column":0},"end":{"line":540,"column":23}},"540":{"start":{"line":541,"column":0},"end":{"line":541,"column":23}},"541":{"start":{"line":542,"column":0},"end":{"line":542,"column":17}},"542":{"start":{"line":543,"column":0},"end":{"line":543,"column":53}},"543":{"start":{"line":544,"column":0},"end":{"line":544,"column":26}},"544":{"start":{"line":545,"column":0},"end":{"line":545,"column":20}},"545":{"start":{"line":546,"column":0},"end":{"line":546,"column":6}},"546":{"start":{"line":547,"column":0},"end":{"line":547,"column":5}},"547":{"start":{"line":548,"column":0},"end":{"line":548,"column":35}},"548":{"start":{"line":549,"column":0},"end":{"line":549,"column":23}},"549":{"start":{"line":550,"column":0},"end":{"line":550,"column":23}},"550":{"start":{"line":551,"column":0},"end":{"line":551,"column":17}},"551":{"start":{"line":552,"column":0},"end":{"line":552,"column":53}},"552":{"start":{"line":553,"column":0},"end":{"line":553,"column":26}},"553":{"start":{"line":554,"column":0},"end":{"line":554,"column":19}},"554":{"start":{"line":555,"column":0},"end":{"line":555,"column":9}},"555":{"start":{"line":556,"column":0},"end":{"line":556,"column":29}},"556":{"start":{"line":557,"column":0},"end":{"line":557,"column":27}},"557":{"start":{"line":558,"column":0},"end":{"line":558,"column":26}},"558":{"start":{"line":559,"column":0},"end":{"line":559,"column":21}},"559":{"start":{"line":560,"column":0},"end":{"line":560,"column":57}},"560":{"start":{"line":561,"column":0},"end":{"line":561,"column":54}},"561":{"start":{"line":562,"column":0},"end":{"line":562,"column":24}},"562":{"start":{"line":563,"column":0},"end":{"line":563,"column":9}},"563":{"start":{"line":564,"column":0},"end":{"line":564,"column":7}},"564":{"start":{"line":565,"column":0},"end":{"line":565,"column":5}},"565":{"start":{"line":566,"column":0},"end":{"line":566,"column":3}},"566":{"start":{"line":567,"column":0},"end":{"line":567,"column":2}},"567":{"start":{"line":568,"column":0},"end":{"line":568,"column":0}},"568":{"start":{"line":569,"column":0},"end":{"line":569,"column":46}},"569":{"start":{"line":570,"column":0},"end":{"line":570,"column":3}},"570":{"start":{"line":571,"column":0},"end":{"line":571,"column":33}},"571":{"start":{"line":572,"column":0},"end":{"line":572,"column":21}},"572":{"start":{"line":573,"column":0},"end":{"line":573,"column":20}},"573":{"start":{"line":574,"column":0},"end":{"line":574,"column":15}},"574":{"start":{"line":575,"column":0},"end":{"line":575,"column":51}},"575":{"start":{"line":576,"column":0},"end":{"line":576,"column":24}},"576":{"start":{"line":577,"column":0},"end":{"line":577,"column":17}},"577":{"start":{"line":578,"column":0},"end":{"line":578,"column":7}},"578":{"start":{"line":579,"column":0},"end":{"line":579,"column":27}},"579":{"start":{"line":580,"column":0},"end":{"line":580,"column":25}},"580":{"start":{"line":581,"column":0},"end":{"line":581,"column":24}},"581":{"start":{"line":582,"column":0},"end":{"line":582,"column":19}},"582":{"start":{"line":583,"column":0},"end":{"line":583,"column":55}},"583":{"start":{"line":584,"column":0},"end":{"line":584,"column":27}},"584":{"start":{"line":585,"column":0},"end":{"line":585,"column":22}},"585":{"start":{"line":586,"column":0},"end":{"line":586,"column":8}},"586":{"start":{"line":587,"column":0},"end":{"line":587,"column":7}},"587":{"start":{"line":588,"column":0},"end":{"line":588,"column":27}},"588":{"start":{"line":589,"column":0},"end":{"line":589,"column":25}},"589":{"start":{"line":590,"column":0},"end":{"line":590,"column":24}},"590":{"start":{"line":591,"column":0},"end":{"line":591,"column":19}},"591":{"start":{"line":592,"column":0},"end":{"line":592,"column":55}},"592":{"start":{"line":593,"column":0},"end":{"line":593,"column":47}},"593":{"start":{"line":594,"column":0},"end":{"line":594,"column":22}},"594":{"start":{"line":595,"column":0},"end":{"line":595,"column":7}},"595":{"start":{"line":596,"column":0},"end":{"line":596,"column":5}},"596":{"start":{"line":597,"column":0},"end":{"line":597,"column":4}},"597":{"start":{"line":598,"column":0},"end":{"line":598,"column":3}},"598":{"start":{"line":599,"column":0},"end":{"line":599,"column":33}},"599":{"start":{"line":600,"column":0},"end":{"line":600,"column":21}},"600":{"start":{"line":601,"column":0},"end":{"line":601,"column":20}},"601":{"start":{"line":602,"column":0},"end":{"line":602,"column":15}},"602":{"start":{"line":603,"column":0},"end":{"line":603,"column":51}},"603":{"start":{"line":604,"column":0},"end":{"line":604,"column":24}},"604":{"start":{"line":605,"column":0},"end":{"line":605,"column":17}},"605":{"start":{"line":606,"column":0},"end":{"line":606,"column":7}},"606":{"start":{"line":607,"column":0},"end":{"line":607,"column":27}},"607":{"start":{"line":608,"column":0},"end":{"line":608,"column":25}},"608":{"start":{"line":609,"column":0},"end":{"line":609,"column":24}},"609":{"start":{"line":610,"column":0},"end":{"line":610,"column":19}},"610":{"start":{"line":611,"column":0},"end":{"line":611,"column":55}},"611":{"start":{"line":612,"column":0},"end":{"line":612,"column":37}},"612":{"start":{"line":613,"column":0},"end":{"line":613,"column":22}},"613":{"start":{"line":614,"column":0},"end":{"line":614,"column":8}},"614":{"start":{"line":615,"column":0},"end":{"line":615,"column":7}},"615":{"start":{"line":616,"column":0},"end":{"line":616,"column":27}},"616":{"start":{"line":617,"column":0},"end":{"line":617,"column":25}},"617":{"start":{"line":618,"column":0},"end":{"line":618,"column":24}},"618":{"start":{"line":619,"column":0},"end":{"line":619,"column":19}},"619":{"start":{"line":620,"column":0},"end":{"line":620,"column":55}},"620":{"start":{"line":621,"column":0},"end":{"line":621,"column":41}},"621":{"start":{"line":622,"column":0},"end":{"line":622,"column":22}},"622":{"start":{"line":623,"column":0},"end":{"line":623,"column":7}},"623":{"start":{"line":624,"column":0},"end":{"line":624,"column":5}},"624":{"start":{"line":625,"column":0},"end":{"line":625,"column":3}},"625":{"start":{"line":626,"column":0},"end":{"line":626,"column":1}},"626":{"start":{"line":627,"column":0},"end":{"line":627,"column":0}},"627":{"start":{"line":628,"column":0},"end":{"line":628,"column":56}},"628":{"start":{"line":629,"column":0},"end":{"line":629,"column":5}},"629":{"start":{"line":630,"column":0},"end":{"line":630,"column":35}},"630":{"start":{"line":631,"column":0},"end":{"line":631,"column":23}},"631":{"start":{"line":632,"column":0},"end":{"line":632,"column":22}},"632":{"start":{"line":633,"column":0},"end":{"line":633,"column":17}},"633":{"start":{"line":634,"column":0},"end":{"line":634,"column":31}},"634":{"start":{"line":635,"column":0},"end":{"line":635,"column":26}},"635":{"start":{"line":636,"column":0},"end":{"line":636,"column":19}},"636":{"start":{"line":637,"column":0},"end":{"line":637,"column":9}},"637":{"start":{"line":638,"column":0},"end":{"line":638,"column":31}},"638":{"start":{"line":639,"column":0},"end":{"line":639,"column":27}},"639":{"start":{"line":640,"column":0},"end":{"line":640,"column":26}},"640":{"start":{"line":641,"column":0},"end":{"line":641,"column":21}},"641":{"start":{"line":642,"column":0},"end":{"line":642,"column":57}},"642":{"start":{"line":643,"column":0},"end":{"line":643,"column":30}},"643":{"start":{"line":644,"column":0},"end":{"line":644,"column":23}},"644":{"start":{"line":645,"column":0},"end":{"line":645,"column":13}},"645":{"start":{"line":646,"column":0},"end":{"line":646,"column":33}},"646":{"start":{"line":647,"column":0},"end":{"line":647,"column":31}},"647":{"start":{"line":648,"column":0},"end":{"line":648,"column":30}},"648":{"start":{"line":649,"column":0},"end":{"line":649,"column":25}},"649":{"start":{"line":650,"column":0},"end":{"line":650,"column":61}},"650":{"start":{"line":651,"column":0},"end":{"line":651,"column":62}},"651":{"start":{"line":652,"column":0},"end":{"line":652,"column":28}},"652":{"start":{"line":653,"column":0},"end":{"line":653,"column":14}},"653":{"start":{"line":654,"column":0},"end":{"line":654,"column":13}},"654":{"start":{"line":655,"column":0},"end":{"line":655,"column":35}},"655":{"start":{"line":656,"column":0},"end":{"line":656,"column":31}},"656":{"start":{"line":657,"column":0},"end":{"line":657,"column":30}},"657":{"start":{"line":658,"column":0},"end":{"line":658,"column":25}},"658":{"start":{"line":659,"column":0},"end":{"line":659,"column":61}},"659":{"start":{"line":660,"column":0},"end":{"line":660,"column":34}},"660":{"start":{"line":661,"column":0},"end":{"line":661,"column":27}},"661":{"start":{"line":662,"column":0},"end":{"line":662,"column":17}},"662":{"start":{"line":663,"column":0},"end":{"line":663,"column":41}},"663":{"start":{"line":664,"column":0},"end":{"line":664,"column":35}},"664":{"start":{"line":665,"column":0},"end":{"line":665,"column":34}},"665":{"start":{"line":666,"column":0},"end":{"line":666,"column":29}},"666":{"start":{"line":667,"column":0},"end":{"line":667,"column":65}},"667":{"start":{"line":668,"column":0},"end":{"line":668,"column":38}},"668":{"start":{"line":669,"column":0},"end":{"line":669,"column":31}},"669":{"start":{"line":670,"column":0},"end":{"line":670,"column":21}},"670":{"start":{"line":671,"column":0},"end":{"line":671,"column":41}},"671":{"start":{"line":672,"column":0},"end":{"line":672,"column":39}},"672":{"start":{"line":673,"column":0},"end":{"line":673,"column":38}},"673":{"start":{"line":674,"column":0},"end":{"line":674,"column":33}},"674":{"start":{"line":675,"column":0},"end":{"line":675,"column":69}},"675":{"start":{"line":676,"column":0},"end":{"line":676,"column":55}},"676":{"start":{"line":677,"column":0},"end":{"line":677,"column":36}},"677":{"start":{"line":678,"column":0},"end":{"line":678,"column":21}},"678":{"start":{"line":679,"column":0},"end":{"line":679,"column":19}},"679":{"start":{"line":680,"column":0},"end":{"line":680,"column":17}},"680":{"start":{"line":681,"column":0},"end":{"line":681,"column":15}},"681":{"start":{"line":682,"column":0},"end":{"line":682,"column":14}},"682":{"start":{"line":683,"column":0},"end":{"line":683,"column":13}},"683":{"start":{"line":684,"column":0},"end":{"line":684,"column":33}},"684":{"start":{"line":685,"column":0},"end":{"line":685,"column":31}},"685":{"start":{"line":686,"column":0},"end":{"line":686,"column":30}},"686":{"start":{"line":687,"column":0},"end":{"line":687,"column":25}},"687":{"start":{"line":688,"column":0},"end":{"line":688,"column":61}},"688":{"start":{"line":689,"column":0},"end":{"line":689,"column":37}},"689":{"start":{"line":690,"column":0},"end":{"line":690,"column":28}},"690":{"start":{"line":691,"column":0},"end":{"line":691,"column":13}},"691":{"start":{"line":692,"column":0},"end":{"line":692,"column":11}},"692":{"start":{"line":693,"column":0},"end":{"line":693,"column":10}},"693":{"start":{"line":694,"column":0},"end":{"line":694,"column":9}},"694":{"start":{"line":695,"column":0},"end":{"line":695,"column":29}},"695":{"start":{"line":696,"column":0},"end":{"line":696,"column":27}},"696":{"start":{"line":697,"column":0},"end":{"line":697,"column":26}},"697":{"start":{"line":698,"column":0},"end":{"line":698,"column":21}},"698":{"start":{"line":699,"column":0},"end":{"line":699,"column":57}},"699":{"start":{"line":700,"column":0},"end":{"line":700,"column":54}},"700":{"start":{"line":701,"column":0},"end":{"line":701,"column":24}},"701":{"start":{"line":702,"column":0},"end":{"line":702,"column":9}},"702":{"start":{"line":703,"column":0},"end":{"line":703,"column":7}},"703":{"start":{"line":704,"column":0},"end":{"line":704,"column":6}},"704":{"start":{"line":705,"column":0},"end":{"line":705,"column":5}},"705":{"start":{"line":706,"column":0},"end":{"line":706,"column":30}},"706":{"start":{"line":707,"column":0},"end":{"line":707,"column":23}},"707":{"start":{"line":708,"column":0},"end":{"line":708,"column":22}},"708":{"start":{"line":709,"column":0},"end":{"line":709,"column":17}},"709":{"start":{"line":710,"column":0},"end":{"line":710,"column":53}},"710":{"start":{"line":711,"column":0},"end":{"line":711,"column":26}},"711":{"start":{"line":712,"column":0},"end":{"line":712,"column":20}},"712":{"start":{"line":713,"column":0},"end":{"line":713,"column":5}},"713":{"start":{"line":714,"column":0},"end":{"line":714,"column":2}},"714":{"start":{"line":715,"column":0},"end":{"line":715,"column":0}},"715":{"start":{"line":716,"column":0},"end":{"line":716,"column":45}},"716":{"start":{"line":717,"column":0},"end":{"line":717,"column":3}},"717":{"start":{"line":718,"column":0},"end":{"line":718,"column":25}},"718":{"start":{"line":719,"column":0},"end":{"line":719,"column":21}},"719":{"start":{"line":720,"column":0},"end":{"line":720,"column":20}},"720":{"start":{"line":721,"column":0},"end":{"line":721,"column":15}},"721":{"start":{"line":722,"column":0},"end":{"line":722,"column":51}},"722":{"start":{"line":723,"column":0},"end":{"line":723,"column":24}},"723":{"start":{"line":724,"column":0},"end":{"line":724,"column":17}},"724":{"start":{"line":725,"column":0},"end":{"line":725,"column":7}},"725":{"start":{"line":726,"column":0},"end":{"line":726,"column":27}},"726":{"start":{"line":727,"column":0},"end":{"line":727,"column":25}},"727":{"start":{"line":728,"column":0},"end":{"line":728,"column":24}},"728":{"start":{"line":729,"column":0},"end":{"line":729,"column":19}},"729":{"start":{"line":730,"column":0},"end":{"line":730,"column":55}},"730":{"start":{"line":731,"column":0},"end":{"line":731,"column":56}},"731":{"start":{"line":732,"column":0},"end":{"line":732,"column":22}},"732":{"start":{"line":733,"column":0},"end":{"line":733,"column":8}},"733":{"start":{"line":734,"column":0},"end":{"line":734,"column":7}},"734":{"start":{"line":735,"column":0},"end":{"line":735,"column":29}},"735":{"start":{"line":736,"column":0},"end":{"line":736,"column":25}},"736":{"start":{"line":737,"column":0},"end":{"line":737,"column":24}},"737":{"start":{"line":738,"column":0},"end":{"line":738,"column":19}},"738":{"start":{"line":739,"column":0},"end":{"line":739,"column":55}},"739":{"start":{"line":740,"column":0},"end":{"line":740,"column":28}},"740":{"start":{"line":741,"column":0},"end":{"line":741,"column":21}},"741":{"start":{"line":742,"column":0},"end":{"line":742,"column":11}},"742":{"start":{"line":743,"column":0},"end":{"line":743,"column":35}},"743":{"start":{"line":744,"column":0},"end":{"line":744,"column":29}},"744":{"start":{"line":745,"column":0},"end":{"line":745,"column":28}},"745":{"start":{"line":746,"column":0},"end":{"line":746,"column":23}},"746":{"start":{"line":747,"column":0},"end":{"line":747,"column":59}},"747":{"start":{"line":748,"column":0},"end":{"line":748,"column":32}},"748":{"start":{"line":749,"column":0},"end":{"line":749,"column":25}},"749":{"start":{"line":750,"column":0},"end":{"line":750,"column":15}},"750":{"start":{"line":751,"column":0},"end":{"line":751,"column":35}},"751":{"start":{"line":752,"column":0},"end":{"line":752,"column":33}},"752":{"start":{"line":753,"column":0},"end":{"line":753,"column":32}},"753":{"start":{"line":754,"column":0},"end":{"line":754,"column":27}},"754":{"start":{"line":755,"column":0},"end":{"line":755,"column":63}},"755":{"start":{"line":756,"column":0},"end":{"line":756,"column":49}},"756":{"start":{"line":757,"column":0},"end":{"line":757,"column":30}},"757":{"start":{"line":758,"column":0},"end":{"line":758,"column":15}},"758":{"start":{"line":759,"column":0},"end":{"line":759,"column":13}},"759":{"start":{"line":760,"column":0},"end":{"line":760,"column":11}},"760":{"start":{"line":761,"column":0},"end":{"line":761,"column":9}},"761":{"start":{"line":762,"column":0},"end":{"line":762,"column":8}},"762":{"start":{"line":763,"column":0},"end":{"line":763,"column":7}},"763":{"start":{"line":764,"column":0},"end":{"line":764,"column":27}},"764":{"start":{"line":765,"column":0},"end":{"line":765,"column":25}},"765":{"start":{"line":766,"column":0},"end":{"line":766,"column":24}},"766":{"start":{"line":767,"column":0},"end":{"line":767,"column":19}},"767":{"start":{"line":768,"column":0},"end":{"line":768,"column":55}},"768":{"start":{"line":769,"column":0},"end":{"line":769,"column":31}},"769":{"start":{"line":770,"column":0},"end":{"line":770,"column":22}},"770":{"start":{"line":771,"column":0},"end":{"line":771,"column":7}},"771":{"start":{"line":772,"column":0},"end":{"line":772,"column":5}},"772":{"start":{"line":773,"column":0},"end":{"line":773,"column":4}},"773":{"start":{"line":774,"column":0},"end":{"line":774,"column":3}},"774":{"start":{"line":775,"column":0},"end":{"line":775,"column":23}},"775":{"start":{"line":776,"column":0},"end":{"line":776,"column":21}},"776":{"start":{"line":777,"column":0},"end":{"line":777,"column":20}},"777":{"start":{"line":778,"column":0},"end":{"line":778,"column":15}},"778":{"start":{"line":779,"column":0},"end":{"line":779,"column":51}},"779":{"start":{"line":780,"column":0},"end":{"line":780,"column":48}},"780":{"start":{"line":781,"column":0},"end":{"line":781,"column":18}},"781":{"start":{"line":782,"column":0},"end":{"line":782,"column":3}},"782":{"start":{"line":783,"column":0},"end":{"line":783,"column":2}},"783":{"start":{"line":784,"column":0},"end":{"line":784,"column":0}},"784":{"start":{"line":785,"column":0},"end":{"line":785,"column":45}},"785":{"start":{"line":786,"column":0},"end":{"line":786,"column":3}},"786":{"start":{"line":787,"column":0},"end":{"line":787,"column":33}},"787":{"start":{"line":788,"column":0},"end":{"line":788,"column":21}},"788":{"start":{"line":789,"column":0},"end":{"line":789,"column":20}},"789":{"start":{"line":790,"column":0},"end":{"line":790,"column":15}},"790":{"start":{"line":791,"column":0},"end":{"line":791,"column":51}},"791":{"start":{"line":792,"column":0},"end":{"line":792,"column":24}},"792":{"start":{"line":793,"column":0},"end":{"line":793,"column":17}},"793":{"start":{"line":794,"column":0},"end":{"line":794,"column":7}},"794":{"start":{"line":795,"column":0},"end":{"line":795,"column":27}},"795":{"start":{"line":796,"column":0},"end":{"line":796,"column":25}},"796":{"start":{"line":797,"column":0},"end":{"line":797,"column":24}},"797":{"start":{"line":798,"column":0},"end":{"line":798,"column":19}},"798":{"start":{"line":799,"column":0},"end":{"line":799,"column":55}},"799":{"start":{"line":800,"column":0},"end":{"line":800,"column":34}},"800":{"start":{"line":801,"column":0},"end":{"line":801,"column":22}},"801":{"start":{"line":802,"column":0},"end":{"line":802,"column":7}},"802":{"start":{"line":803,"column":0},"end":{"line":803,"column":5}},"803":{"start":{"line":804,"column":0},"end":{"line":804,"column":3}},"804":{"start":{"line":805,"column":0},"end":{"line":805,"column":2}},"805":{"start":{"line":806,"column":0},"end":{"line":806,"column":0}},"806":{"start":{"line":807,"column":0},"end":{"line":807,"column":42}},"807":{"start":{"line":808,"column":0},"end":{"line":808,"column":25}},"808":{"start":{"line":809,"column":0},"end":{"line":809,"column":17}},"809":{"start":{"line":810,"column":0},"end":{"line":810,"column":22}},"810":{"start":{"line":811,"column":0},"end":{"line":811,"column":4}},"811":{"start":{"line":812,"column":0},"end":{"line":812,"column":18}},"812":{"start":{"line":813,"column":0},"end":{"line":813,"column":13}},"813":{"start":{"line":814,"column":0},"end":{"line":814,"column":49}},"814":{"start":{"line":815,"column":0},"end":{"line":815,"column":22}},"815":{"start":{"line":816,"column":0},"end":{"line":816,"column":15}},"816":{"start":{"line":817,"column":0},"end":{"line":817,"column":5}},"817":{"start":{"line":818,"column":0},"end":{"line":818,"column":30}},"818":{"start":{"line":819,"column":0},"end":{"line":819,"column":23}},"819":{"start":{"line":820,"column":0},"end":{"line":820,"column":22}},"820":{"start":{"line":821,"column":0},"end":{"line":821,"column":17}},"821":{"start":{"line":822,"column":0},"end":{"line":822,"column":53}},"822":{"start":{"line":823,"column":0},"end":{"line":823,"column":26}},"823":{"start":{"line":824,"column":0},"end":{"line":824,"column":19}},"824":{"start":{"line":825,"column":0},"end":{"line":825,"column":9}},"825":{"start":{"line":826,"column":0},"end":{"line":826,"column":39}},"826":{"start":{"line":827,"column":0},"end":{"line":827,"column":27}},"827":{"start":{"line":828,"column":0},"end":{"line":828,"column":26}},"828":{"start":{"line":829,"column":0},"end":{"line":829,"column":21}},"829":{"start":{"line":830,"column":0},"end":{"line":830,"column":57}},"830":{"start":{"line":831,"column":0},"end":{"line":831,"column":30}},"831":{"start":{"line":832,"column":0},"end":{"line":832,"column":23}},"832":{"start":{"line":833,"column":0},"end":{"line":833,"column":13}},"833":{"start":{"line":834,"column":0},"end":{"line":834,"column":33}},"834":{"start":{"line":835,"column":0},"end":{"line":835,"column":31}},"835":{"start":{"line":836,"column":0},"end":{"line":836,"column":30}},"836":{"start":{"line":837,"column":0},"end":{"line":837,"column":25}},"837":{"start":{"line":838,"column":0},"end":{"line":838,"column":61}},"838":{"start":{"line":839,"column":0},"end":{"line":839,"column":40}},"839":{"start":{"line":840,"column":0},"end":{"line":840,"column":28}},"840":{"start":{"line":841,"column":0},"end":{"line":841,"column":13}},"841":{"start":{"line":842,"column":0},"end":{"line":842,"column":11}},"842":{"start":{"line":843,"column":0},"end":{"line":843,"column":9}},"843":{"start":{"line":844,"column":0},"end":{"line":844,"column":7}},"844":{"start":{"line":845,"column":0},"end":{"line":845,"column":6}},"845":{"start":{"line":846,"column":0},"end":{"line":846,"column":5}},"846":{"start":{"line":847,"column":0},"end":{"line":847,"column":30}},"847":{"start":{"line":848,"column":0},"end":{"line":848,"column":23}},"848":{"start":{"line":849,"column":0},"end":{"line":849,"column":22}},"849":{"start":{"line":850,"column":0},"end":{"line":850,"column":17}},"850":{"start":{"line":851,"column":0},"end":{"line":851,"column":53}},"851":{"start":{"line":852,"column":0},"end":{"line":852,"column":26}},"852":{"start":{"line":853,"column":0},"end":{"line":853,"column":19}},"853":{"start":{"line":854,"column":0},"end":{"line":854,"column":9}},"854":{"start":{"line":855,"column":0},"end":{"line":855,"column":39}},"855":{"start":{"line":856,"column":0},"end":{"line":856,"column":27}},"856":{"start":{"line":857,"column":0},"end":{"line":857,"column":26}},"857":{"start":{"line":858,"column":0},"end":{"line":858,"column":21}},"858":{"start":{"line":859,"column":0},"end":{"line":859,"column":57}},"859":{"start":{"line":860,"column":0},"end":{"line":860,"column":30}},"860":{"start":{"line":861,"column":0},"end":{"line":861,"column":23}},"861":{"start":{"line":862,"column":0},"end":{"line":862,"column":13}},"862":{"start":{"line":863,"column":0},"end":{"line":863,"column":33}},"863":{"start":{"line":864,"column":0},"end":{"line":864,"column":31}},"864":{"start":{"line":865,"column":0},"end":{"line":865,"column":30}},"865":{"start":{"line":866,"column":0},"end":{"line":866,"column":25}},"866":{"start":{"line":867,"column":0},"end":{"line":867,"column":61}},"867":{"start":{"line":868,"column":0},"end":{"line":868,"column":40}},"868":{"start":{"line":869,"column":0},"end":{"line":869,"column":28}},"869":{"start":{"line":870,"column":0},"end":{"line":870,"column":13}},"870":{"start":{"line":871,"column":0},"end":{"line":871,"column":11}},"871":{"start":{"line":872,"column":0},"end":{"line":872,"column":9}},"872":{"start":{"line":873,"column":0},"end":{"line":873,"column":7}},"873":{"start":{"line":874,"column":0},"end":{"line":874,"column":5}},"874":{"start":{"line":875,"column":0},"end":{"line":875,"column":3}},"875":{"start":{"line":876,"column":0},"end":{"line":876,"column":2}},"876":{"start":{"line":877,"column":0},"end":{"line":877,"column":1}},"877":{"start":{"line":878,"column":0},"end":{"line":878,"column":25}},"878":{"start":{"line":879,"column":0},"end":{"line":879,"column":17}},"879":{"start":{"line":880,"column":0},"end":{"line":880,"column":23}},"880":{"start":{"line":881,"column":0},"end":{"line":881,"column":4}},"881":{"start":{"line":882,"column":0},"end":{"line":882,"column":18}},"882":{"start":{"line":883,"column":0},"end":{"line":883,"column":13}},"883":{"start":{"line":884,"column":0},"end":{"line":884,"column":49}},"884":{"start":{"line":885,"column":0},"end":{"line":885,"column":22}},"885":{"start":{"line":886,"column":0},"end":{"line":886,"column":15}},"886":{"start":{"line":887,"column":0},"end":{"line":887,"column":5}},"887":{"start":{"line":888,"column":0},"end":{"line":888,"column":30}},"888":{"start":{"line":889,"column":0},"end":{"line":889,"column":23}},"889":{"start":{"line":890,"column":0},"end":{"line":890,"column":22}},"890":{"start":{"line":891,"column":0},"end":{"line":891,"column":17}},"891":{"start":{"line":892,"column":0},"end":{"line":892,"column":53}},"892":{"start":{"line":893,"column":0},"end":{"line":893,"column":26}},"893":{"start":{"line":894,"column":0},"end":{"line":894,"column":19}},"894":{"start":{"line":895,"column":0},"end":{"line":895,"column":9}},"895":{"start":{"line":896,"column":0},"end":{"line":896,"column":39}},"896":{"start":{"line":897,"column":0},"end":{"line":897,"column":27}},"897":{"start":{"line":898,"column":0},"end":{"line":898,"column":26}},"898":{"start":{"line":899,"column":0},"end":{"line":899,"column":21}},"899":{"start":{"line":900,"column":0},"end":{"line":900,"column":57}},"900":{"start":{"line":901,"column":0},"end":{"line":901,"column":30}},"901":{"start":{"line":902,"column":0},"end":{"line":902,"column":23}},"902":{"start":{"line":903,"column":0},"end":{"line":903,"column":13}},"903":{"start":{"line":904,"column":0},"end":{"line":904,"column":33}},"904":{"start":{"line":905,"column":0},"end":{"line":905,"column":31}},"905":{"start":{"line":906,"column":0},"end":{"line":906,"column":30}},"906":{"start":{"line":907,"column":0},"end":{"line":907,"column":25}},"907":{"start":{"line":908,"column":0},"end":{"line":908,"column":61}},"908":{"start":{"line":909,"column":0},"end":{"line":909,"column":38}},"909":{"start":{"line":910,"column":0},"end":{"line":910,"column":28}},"910":{"start":{"line":911,"column":0},"end":{"line":911,"column":14}},"911":{"start":{"line":912,"column":0},"end":{"line":912,"column":13}},"912":{"start":{"line":913,"column":0},"end":{"line":913,"column":35}},"913":{"start":{"line":914,"column":0},"end":{"line":914,"column":31}},"914":{"start":{"line":915,"column":0},"end":{"line":915,"column":30}},"915":{"start":{"line":916,"column":0},"end":{"line":916,"column":25}},"916":{"start":{"line":917,"column":0},"end":{"line":917,"column":61}},"917":{"start":{"line":918,"column":0},"end":{"line":918,"column":34}},"918":{"start":{"line":919,"column":0},"end":{"line":919,"column":27}},"919":{"start":{"line":920,"column":0},"end":{"line":920,"column":17}},"920":{"start":{"line":921,"column":0},"end":{"line":921,"column":37}},"921":{"start":{"line":922,"column":0},"end":{"line":922,"column":35}},"922":{"start":{"line":923,"column":0},"end":{"line":923,"column":34}},"923":{"start":{"line":924,"column":0},"end":{"line":924,"column":29}},"924":{"start":{"line":925,"column":0},"end":{"line":925,"column":65}},"925":{"start":{"line":926,"column":0},"end":{"line":926,"column":40}},"926":{"start":{"line":927,"column":0},"end":{"line":927,"column":32}},"927":{"start":{"line":928,"column":0},"end":{"line":928,"column":17}},"928":{"start":{"line":929,"column":0},"end":{"line":929,"column":15}},"929":{"start":{"line":930,"column":0},"end":{"line":930,"column":14}},"930":{"start":{"line":931,"column":0},"end":{"line":931,"column":13}},"931":{"start":{"line":932,"column":0},"end":{"line":932,"column":33}},"932":{"start":{"line":933,"column":0},"end":{"line":933,"column":31}},"933":{"start":{"line":934,"column":0},"end":{"line":934,"column":30}},"934":{"start":{"line":935,"column":0},"end":{"line":935,"column":25}},"935":{"start":{"line":936,"column":0},"end":{"line":936,"column":61}},"936":{"start":{"line":937,"column":0},"end":{"line":937,"column":32}},"937":{"start":{"line":938,"column":0},"end":{"line":938,"column":28}},"938":{"start":{"line":939,"column":0},"end":{"line":939,"column":13}},"939":{"start":{"line":940,"column":0},"end":{"line":940,"column":11}},"940":{"start":{"line":941,"column":0},"end":{"line":941,"column":9}},"941":{"start":{"line":942,"column":0},"end":{"line":942,"column":7}},"942":{"start":{"line":943,"column":0},"end":{"line":943,"column":6}},"943":{"start":{"line":944,"column":0},"end":{"line":944,"column":5}},"944":{"start":{"line":945,"column":0},"end":{"line":945,"column":30}},"945":{"start":{"line":946,"column":0},"end":{"line":946,"column":23}},"946":{"start":{"line":947,"column":0},"end":{"line":947,"column":22}},"947":{"start":{"line":948,"column":0},"end":{"line":948,"column":17}},"948":{"start":{"line":949,"column":0},"end":{"line":949,"column":53}},"949":{"start":{"line":950,"column":0},"end":{"line":950,"column":26}},"950":{"start":{"line":951,"column":0},"end":{"line":951,"column":19}},"951":{"start":{"line":952,"column":0},"end":{"line":952,"column":9}},"952":{"start":{"line":953,"column":0},"end":{"line":953,"column":39}},"953":{"start":{"line":954,"column":0},"end":{"line":954,"column":27}},"954":{"start":{"line":955,"column":0},"end":{"line":955,"column":26}},"955":{"start":{"line":956,"column":0},"end":{"line":956,"column":21}},"956":{"start":{"line":957,"column":0},"end":{"line":957,"column":57}},"957":{"start":{"line":958,"column":0},"end":{"line":958,"column":30}},"958":{"start":{"line":959,"column":0},"end":{"line":959,"column":23}},"959":{"start":{"line":960,"column":0},"end":{"line":960,"column":13}},"960":{"start":{"line":961,"column":0},"end":{"line":961,"column":33}},"961":{"start":{"line":962,"column":0},"end":{"line":962,"column":31}},"962":{"start":{"line":963,"column":0},"end":{"line":963,"column":30}},"963":{"start":{"line":964,"column":0},"end":{"line":964,"column":25}},"964":{"start":{"line":965,"column":0},"end":{"line":965,"column":61}},"965":{"start":{"line":966,"column":0},"end":{"line":966,"column":39}},"966":{"start":{"line":967,"column":0},"end":{"line":967,"column":28}},"967":{"start":{"line":968,"column":0},"end":{"line":968,"column":14}},"968":{"start":{"line":969,"column":0},"end":{"line":969,"column":13}},"969":{"start":{"line":970,"column":0},"end":{"line":970,"column":37}},"970":{"start":{"line":971,"column":0},"end":{"line":971,"column":31}},"971":{"start":{"line":972,"column":0},"end":{"line":972,"column":30}},"972":{"start":{"line":973,"column":0},"end":{"line":973,"column":25}},"973":{"start":{"line":974,"column":0},"end":{"line":974,"column":61}},"974":{"start":{"line":975,"column":0},"end":{"line":975,"column":34}},"975":{"start":{"line":976,"column":0},"end":{"line":976,"column":27}},"976":{"start":{"line":977,"column":0},"end":{"line":977,"column":17}},"977":{"start":{"line":978,"column":0},"end":{"line":978,"column":37}},"978":{"start":{"line":979,"column":0},"end":{"line":979,"column":35}},"979":{"start":{"line":980,"column":0},"end":{"line":980,"column":34}},"980":{"start":{"line":981,"column":0},"end":{"line":981,"column":29}},"981":{"start":{"line":982,"column":0},"end":{"line":982,"column":65}},"982":{"start":{"line":983,"column":0},"end":{"line":983,"column":40}},"983":{"start":{"line":984,"column":0},"end":{"line":984,"column":32}},"984":{"start":{"line":985,"column":0},"end":{"line":985,"column":17}},"985":{"start":{"line":986,"column":0},"end":{"line":986,"column":15}},"986":{"start":{"line":987,"column":0},"end":{"line":987,"column":14}},"987":{"start":{"line":988,"column":0},"end":{"line":988,"column":13}},"988":{"start":{"line":989,"column":0},"end":{"line":989,"column":33}},"989":{"start":{"line":990,"column":0},"end":{"line":990,"column":31}},"990":{"start":{"line":991,"column":0},"end":{"line":991,"column":30}},"991":{"start":{"line":992,"column":0},"end":{"line":992,"column":25}},"992":{"start":{"line":993,"column":0},"end":{"line":993,"column":61}},"993":{"start":{"line":994,"column":0},"end":{"line":994,"column":32}},"994":{"start":{"line":995,"column":0},"end":{"line":995,"column":28}},"995":{"start":{"line":996,"column":0},"end":{"line":996,"column":13}},"996":{"start":{"line":997,"column":0},"end":{"line":997,"column":11}},"997":{"start":{"line":998,"column":0},"end":{"line":998,"column":9}},"998":{"start":{"line":999,"column":0},"end":{"line":999,"column":7}},"999":{"start":{"line":1000,"column":0},"end":{"line":1000,"column":5}},"1000":{"start":{"line":1001,"column":0},"end":{"line":1001,"column":3}},"1001":{"start":{"line":1002,"column":0},"end":{"line":1002,"column":2}},"1002":{"start":{"line":1003,"column":0},"end":{"line":1003,"column":1}},"1003":{"start":{"line":1004,"column":0},"end":{"line":1004,"column":25}},"1004":{"start":{"line":1005,"column":0},"end":{"line":1005,"column":17}},"1005":{"start":{"line":1006,"column":0},"end":{"line":1006,"column":23}},"1006":{"start":{"line":1007,"column":0},"end":{"line":1007,"column":4}},"1007":{"start":{"line":1008,"column":0},"end":{"line":1008,"column":18}},"1008":{"start":{"line":1009,"column":0},"end":{"line":1009,"column":13}},"1009":{"start":{"line":1010,"column":0},"end":{"line":1010,"column":49}},"1010":{"start":{"line":1011,"column":0},"end":{"line":1011,"column":22}},"1011":{"start":{"line":1012,"column":0},"end":{"line":1012,"column":15}},"1012":{"start":{"line":1013,"column":0},"end":{"line":1013,"column":5}},"1013":{"start":{"line":1014,"column":0},"end":{"line":1014,"column":30}},"1014":{"start":{"line":1015,"column":0},"end":{"line":1015,"column":23}},"1015":{"start":{"line":1016,"column":0},"end":{"line":1016,"column":22}},"1016":{"start":{"line":1017,"column":0},"end":{"line":1017,"column":17}},"1017":{"start":{"line":1018,"column":0},"end":{"line":1018,"column":53}},"1018":{"start":{"line":1019,"column":0},"end":{"line":1019,"column":26}},"1019":{"start":{"line":1020,"column":0},"end":{"line":1020,"column":19}},"1020":{"start":{"line":1021,"column":0},"end":{"line":1021,"column":9}},"1021":{"start":{"line":1022,"column":0},"end":{"line":1022,"column":39}},"1022":{"start":{"line":1023,"column":0},"end":{"line":1023,"column":27}},"1023":{"start":{"line":1024,"column":0},"end":{"line":1024,"column":26}},"1024":{"start":{"line":1025,"column":0},"end":{"line":1025,"column":21}},"1025":{"start":{"line":1026,"column":0},"end":{"line":1026,"column":57}},"1026":{"start":{"line":1027,"column":0},"end":{"line":1027,"column":30}},"1027":{"start":{"line":1028,"column":0},"end":{"line":1028,"column":23}},"1028":{"start":{"line":1029,"column":0},"end":{"line":1029,"column":13}},"1029":{"start":{"line":1030,"column":0},"end":{"line":1030,"column":33}},"1030":{"start":{"line":1031,"column":0},"end":{"line":1031,"column":31}},"1031":{"start":{"line":1032,"column":0},"end":{"line":1032,"column":30}},"1032":{"start":{"line":1033,"column":0},"end":{"line":1033,"column":25}},"1033":{"start":{"line":1034,"column":0},"end":{"line":1034,"column":61}},"1034":{"start":{"line":1035,"column":0},"end":{"line":1035,"column":37}},"1035":{"start":{"line":1036,"column":0},"end":{"line":1036,"column":28}},"1036":{"start":{"line":1037,"column":0},"end":{"line":1037,"column":13}},"1037":{"start":{"line":1038,"column":0},"end":{"line":1038,"column":11}},"1038":{"start":{"line":1039,"column":0},"end":{"line":1039,"column":9}},"1039":{"start":{"line":1040,"column":0},"end":{"line":1040,"column":7}},"1040":{"start":{"line":1041,"column":0},"end":{"line":1041,"column":6}},"1041":{"start":{"line":1042,"column":0},"end":{"line":1042,"column":5}},"1042":{"start":{"line":1043,"column":0},"end":{"line":1043,"column":30}},"1043":{"start":{"line":1044,"column":0},"end":{"line":1044,"column":23}},"1044":{"start":{"line":1045,"column":0},"end":{"line":1045,"column":22}},"1045":{"start":{"line":1046,"column":0},"end":{"line":1046,"column":17}},"1046":{"start":{"line":1047,"column":0},"end":{"line":1047,"column":53}},"1047":{"start":{"line":1048,"column":0},"end":{"line":1048,"column":26}},"1048":{"start":{"line":1049,"column":0},"end":{"line":1049,"column":19}},"1049":{"start":{"line":1050,"column":0},"end":{"line":1050,"column":9}},"1050":{"start":{"line":1051,"column":0},"end":{"line":1051,"column":39}},"1051":{"start":{"line":1052,"column":0},"end":{"line":1052,"column":27}},"1052":{"start":{"line":1053,"column":0},"end":{"line":1053,"column":26}},"1053":{"start":{"line":1054,"column":0},"end":{"line":1054,"column":21}},"1054":{"start":{"line":1055,"column":0},"end":{"line":1055,"column":57}},"1055":{"start":{"line":1056,"column":0},"end":{"line":1056,"column":30}},"1056":{"start":{"line":1057,"column":0},"end":{"line":1057,"column":23}},"1057":{"start":{"line":1058,"column":0},"end":{"line":1058,"column":13}},"1058":{"start":{"line":1059,"column":0},"end":{"line":1059,"column":33}},"1059":{"start":{"line":1060,"column":0},"end":{"line":1060,"column":31}},"1060":{"start":{"line":1061,"column":0},"end":{"line":1061,"column":30}},"1061":{"start":{"line":1062,"column":0},"end":{"line":1062,"column":25}},"1062":{"start":{"line":1063,"column":0},"end":{"line":1063,"column":61}},"1063":{"start":{"line":1064,"column":0},"end":{"line":1064,"column":38}},"1064":{"start":{"line":1065,"column":0},"end":{"line":1065,"column":28}},"1065":{"start":{"line":1066,"column":0},"end":{"line":1066,"column":13}},"1066":{"start":{"line":1067,"column":0},"end":{"line":1067,"column":11}},"1067":{"start":{"line":1068,"column":0},"end":{"line":1068,"column":9}},"1068":{"start":{"line":1069,"column":0},"end":{"line":1069,"column":7}},"1069":{"start":{"line":1070,"column":0},"end":{"line":1070,"column":5}},"1070":{"start":{"line":1071,"column":0},"end":{"line":1071,"column":3}},"1071":{"start":{"line":1072,"column":0},"end":{"line":1072,"column":1}},"1072":{"start":{"line":1073,"column":0},"end":{"line":1073,"column":2}},"1073":{"start":{"line":1074,"column":0},"end":{"line":1074,"column":0}},"1074":{"start":{"line":1075,"column":0},"end":{"line":1075,"column":40}},"1075":{"start":{"line":1076,"column":0},"end":{"line":1076,"column":5}},"1076":{"start":{"line":1077,"column":0},"end":{"line":1077,"column":36}},"1077":{"start":{"line":1078,"column":0},"end":{"line":1078,"column":25}},"1078":{"start":{"line":1079,"column":0},"end":{"line":1079,"column":24}},"1079":{"start":{"line":1080,"column":0},"end":{"line":1080,"column":19}},"1080":{"start":{"line":1081,"column":0},"end":{"line":1081,"column":55}},"1081":{"start":{"line":1082,"column":0},"end":{"line":1082,"column":28}},"1082":{"start":{"line":1083,"column":0},"end":{"line":1083,"column":21}},"1083":{"start":{"line":1084,"column":0},"end":{"line":1084,"column":11}},"1084":{"start":{"line":1085,"column":0},"end":{"line":1085,"column":41}},"1085":{"start":{"line":1086,"column":0},"end":{"line":1086,"column":29}},"1086":{"start":{"line":1087,"column":0},"end":{"line":1087,"column":28}},"1087":{"start":{"line":1088,"column":0},"end":{"line":1088,"column":23}},"1088":{"start":{"line":1089,"column":0},"end":{"line":1089,"column":59}},"1089":{"start":{"line":1090,"column":0},"end":{"line":1090,"column":32}},"1090":{"start":{"line":1091,"column":0},"end":{"line":1091,"column":25}},"1091":{"start":{"line":1092,"column":0},"end":{"line":1092,"column":15}},"1092":{"start":{"line":1093,"column":0},"end":{"line":1093,"column":35}},"1093":{"start":{"line":1094,"column":0},"end":{"line":1094,"column":33}},"1094":{"start":{"line":1095,"column":0},"end":{"line":1095,"column":32}},"1095":{"start":{"line":1096,"column":0},"end":{"line":1096,"column":27}},"1096":{"start":{"line":1097,"column":0},"end":{"line":1097,"column":63}},"1097":{"start":{"line":1098,"column":0},"end":{"line":1098,"column":58}},"1098":{"start":{"line":1099,"column":0},"end":{"line":1099,"column":30}},"1099":{"start":{"line":1100,"column":0},"end":{"line":1100,"column":15}},"1100":{"start":{"line":1101,"column":0},"end":{"line":1101,"column":13}},"1101":{"start":{"line":1102,"column":0},"end":{"line":1102,"column":12}},"1102":{"start":{"line":1103,"column":0},"end":{"line":1103,"column":11}},"1103":{"start":{"line":1104,"column":0},"end":{"line":1104,"column":36}},"1104":{"start":{"line":1105,"column":0},"end":{"line":1105,"column":27}},"1105":{"start":{"line":1106,"column":0},"end":{"line":1106,"column":34}},"1106":{"start":{"line":1107,"column":0},"end":{"line":1107,"column":14}},"1107":{"start":{"line":1108,"column":0},"end":{"line":1108,"column":28}},"1108":{"start":{"line":1109,"column":0},"end":{"line":1109,"column":23}},"1109":{"start":{"line":1110,"column":0},"end":{"line":1110,"column":59}},"1110":{"start":{"line":1111,"column":0},"end":{"line":1111,"column":32}},"1111":{"start":{"line":1112,"column":0},"end":{"line":1112,"column":25}},"1112":{"start":{"line":1113,"column":0},"end":{"line":1113,"column":15}},"1113":{"start":{"line":1114,"column":0},"end":{"line":1114,"column":44}},"1114":{"start":{"line":1115,"column":0},"end":{"line":1115,"column":33}},"1115":{"start":{"line":1116,"column":0},"end":{"line":1116,"column":32}},"1116":{"start":{"line":1117,"column":0},"end":{"line":1117,"column":27}},"1117":{"start":{"line":1118,"column":0},"end":{"line":1118,"column":63}},"1118":{"start":{"line":1119,"column":0},"end":{"line":1119,"column":36}},"1119":{"start":{"line":1120,"column":0},"end":{"line":1120,"column":29}},"1120":{"start":{"line":1121,"column":0},"end":{"line":1121,"column":19}},"1121":{"start":{"line":1122,"column":0},"end":{"line":1122,"column":49}},"1122":{"start":{"line":1123,"column":0},"end":{"line":1123,"column":37}},"1123":{"start":{"line":1124,"column":0},"end":{"line":1124,"column":36}},"1124":{"start":{"line":1125,"column":0},"end":{"line":1125,"column":31}},"1125":{"start":{"line":1126,"column":0},"end":{"line"
[...]
n":18}},"54":{"start":{"line":55,"column":0},"end":{"line":55,"column":37}},"55":{"start":{"line":56,"column":0},"end":{"line":56,"column":62}},"56":{"start":{"line":57,"column":0},"end":{"line":57,"column":22}},"57":{"start":{"line":58,"column":0},"end":{"line":58,"column":20}},"58":{"start":{"line":59,"column":0},"end":{"line":59,"column":31}},"59":{"start":{"line":60,"column":0},"end":{"line":60,"column":66}},"60":{"start":{"line":61,"column":0},"end":{"line":61,"column":37}},"61":{"start":{"line":62,"column":0},"end":{"line":62,"column":62}},"62":{"start":{"line":63,"column":0},"end":{"line":63,"column":22}},"63":{"start":{"line":64,"column":0},"end":{"line":64,"column":20}},"64":{"start":{"line":65,"column":0},"end":{"line":65,"column":31}},"65":{"start":{"line":66,"column":0},"end":{"line":66,"column":114}},"66":{"start":{"line":67,"column":0},"end":{"line":67,"column":27}},"67":{"start":{"line":68,"column":0},"end":{"line":68,"column":73}},"68":{"start":{"line":69,"column":0},"end":{"line":69,"column":80}},"69":{"start":{"line":70,"column":0},"end":{"line":70,"column":63}},"70":{"start":{"line":71,"column":0},"end":{"line":71,"column":18}},"71":{"start":{"line":72,"column":0},"end":{"line":72,"column":177}},"72":{"start":{"line":73,"column":0},"end":{"line":73,"column":184}},"73":{"start":{"line":74,"column":0},"end":{"line":74,"column":70}},"74":{"start":{"line":75,"column":0},"end":{"line":75,"column":68}},"75":{"start":{"line":76,"column":0},"end":{"line":76,"column":66}},"76":{"start":{"line":77,"column":0},"end":{"line":77,"column":70}},"77":{"start":{"line":78,"column":0},"end":{"line":78,"column":37}},"78":{"start":{"line":79,"column":0},"end":{"line":79,"column":62}},"79":{"start":{"line":80,"column":0},"end":{"line":80,"column":16}},"80":{"start":{"line":81,"column":0},"end":{"line":81,"column":54}},"81":{"start":{"line":82,"column":0},"end":{"line":82,"column":5}},"82":{"start":{"line":83,"column":0},"end":{"line":83,"column":1}},"83":{"start":{"line":84,"column":0},"end":{"line":84,"column":0}},"84":{"start":{"line":85,"column":0},"end":{"line":85,"column":35}}},"s":{"0":1,"1":1,"2":1,"3":1,"4":1,"5":1,"6":1,"7":1,"8":1,"9":1,"10":1,"11":1,"12":1,"13":1,"14":1,"15":1,"16":1,"17":13,"18":13,"19":13,"20":5,"21":5,"22":8,"23":8,"24":8,"25":8,"26":1,"27":1,"28":13,"29":13,"30":13,"31":1,"32":1,"33":1,"34":1,"35":1,"36":1,"37":1,"38":1,"39":1,"40":1,"41":1,"42":1,"43":13,"44":12,"45":12,"46":12,"47":12,"48":12,"49":12,"50":12,"51":12,"52":12,"53":12,"54":12,"55":12,"56":13,"57":0,"58":0,"59":0,"60":0,"61":0,"62":13,"63":0,"64":0,"65":0,"66":0,"67":0,"68":0,"69":0,"70":0,"71":0,"72":0,"73":0,"74":0,"75":0,"76":0,"77":0,"78":0,"79":13,"80":0,"81":13,"82":13,"83":1,"84":1},"branchMap":{"0":{"type":"branch","line":17,"loc":{"start":{"line":17,"column":20},"end":{"line":26,"column":1}},"locations":[{"start":{"line":17,"column":20},"end":{"line":26,"column":1}}]},"1":{"type":"branch","line":20,"loc":{"start":{"line":20,"column":4},"end":{"line":22,"column":5}},"locations":[{"start":{"line":20,"column":4},"end":{"line":22,"column":5}}]},"2":{"type":"branch","line":22,"loc":{"start":{"line":22,"column":4},"end":{"line":26,"column":1}},"locations":[{"start":{"line":22,"column":4},"end":{"line":26,"column":1}}]},"3":{"type":"branch","line":28,"loc":{"start":{"line":28,"column":28},"end":{"line":83,"column":1}},"locations":[{"start":{"line":28,"column":28},"end":{"line":83,"column":1}}]},"4":{"type":"branch","line":31,"loc":{"start":{"line":31,"column":8},"end":{"line":43,"column":62}},"locations":[{"start":{"line":31,"column":8},"end":{"line":43,"column":62}}]},"5":{"type":"branch","line":34,"loc":{"start":{"line":34,"column":70},"end":{"line":34,"column":128}},"locations":[{"start":{"line":34,"column":70},"end":{"line":34,"column":128}}]},"6":{"type":"branch","line":44,"loc":{"start":{"line":44,"column":8},"end":{"line":56,"column":62}},"locations":[{"start":{"line":44,"column":8},"end":{"line":56,"column":62}}]},"7":{"type":"branch","line":47,"loc":{"start":{"line":47,"column":74},"end":{"line":47,"column":136}},"locations":[{"start":{"line":47,"column":74},"end":{"line":47,"column":136}}]},"8":{"type":"branch","line":57,"loc":{"start":{"line":57,"column":8},"end":{"line":62,"column":62}},"locations":[{"start":{"line":57,"column":8},"end":{"line":62,"column":62}}]},"9":{"type":"branch","line":63,"loc":{"start":{"line":63,"column":8},"end":{"line":79,"column":62}},"locations":[{"start":{"line":63,"column":8},"end":{"line":79,"column":62}}]},"10":{"type":"branch","line":80,"loc":{"start":{"line":80,"column":8},"end":{"line":81,"column":54}},"locations":[{"start":{"line":80,"column":8},"end":{"line":81,"column":54}}]}},"b":{"0":[13],"1":[5],"2":[8],"3":[13],"4":[1],"5":[0],"6":[12],"7":[0],"8":[0],"9":[0],"10":[0]},"fnMap":{"0":{"name":"getParentId","decl":{"start":{"line":17,"column":20},"end":{"line":26,"column":1}},"loc":{"start":{"line":17,"column":20},"end":{"line":26,"column":1}},"line":17},"1":{"name":"createNodeOperation","decl":{"start":{"line":28,"column":28},"end":{"line":83,"column":1}},"loc":{"start":{"line":28,"column":28},"end":{"line":83,"column":1}},"line":28}},"f":{"0":13,"1":13}}
,"D:\\windu\\WinduDocs\\src\\TextEditor\\wd-text-editor\\src\\rich-text-editor\\undo-redo-ot\\operations\\operation-handlers.ts": {"path":"D:\\windu\\WinduDocs\\src\\TextEditor\\wd-text-editor\\src\\rich-text-editor\\undo-redo-ot\\operations\\operation-handlers.ts","all":false,"statementMap":{"0":{"start":{"line":1,"column":0},"end":{"line":1,"column":50}},"1":{"start":{"line":2,"column":0},"end":{"line":2,"column":78}},"2":{"start":{"line":3,"column":0},"end":{"line":3,"column":0}},"3":{"start":{"line":4,"column":0},"end":{"line":4,"column":93}},"4":{"start":{"line":5,"column":0},"end":{"line":5,"column":80}},"5":{"start":{"line":6,"column":0},"end":{"line":6,"column":65}},"6":{"start":{"line":7,"column":0},"end":{"line":7,"column":21}},"7":{"start":{"line":8,"column":0},"end":{"line":8,"column":61}},"8":{"start":{"line":9,"column":0},"end":{"line":9,"column":5}},"9":{"start":{"line":10,"column":0},"end":{"line":10,"column":42}},"10":{"start":{"line":11,"column":0},"end":{"line":11,"column":1}},"11":{"start":{"line":12,"column":0},"end":{"line":12,"column":0}},"12":{"start":{"line":13,"column":0},"end":{"line":13,"column":89}},"13":{"start":{"line":14,"column":0},"end":{"line":14,"column":67}},"14":{"start":{"line":15,"column":0},"end":{"line":15,"column":67}},"15":{"start":{"line":16,"column":0},"end":{"line":16,"column":21}},"16":{"start":{"line":17,"column":0},"end":{"line":17,"column":105}},"17":{"start":{"line":18,"column":0},"end":{"line":18,"column":5}},"18":{"start":{"line":19,"column":0},"end":{"line":19,"column":15}},"19":{"start":{"line":20,"column":0},"end":{"line":20,"column":1}},"20":{"start":{"line":21,"column":0},"end":{"line":21,"column":0}},"21":{"start":{"line":22,"column":0},"end":{"line":22,"column":99}},"22":{"start":{"line":23,"column":0},"end":{"line":23,"column":46}},"23":{"start":{"line":24,"column":0},"end":{"line":24,"column":59}},"24":{"start":{"line":25,"column":0},"end":{"line":25,"column":15}},"25":{"start":{"line":26,"column":0},"end":{"line":26,"column":53}},"26":{"start":{"line":27,"column":0},"end":{"line":27,"column":66}},"27":{"start":{"line":28,"column":0},"end":{"line":28,"column":5}},"28":{"start":{"line":29,"column":0},"end":{"line":29,"column":15}},"29":{"start":{"line":30,"column":0},"end":{"line":30,"column":1}},"30":{"start":{"line":31,"column":0},"end":{"line":31,"column":0}},"31":{"start":{"line":32,"column":0},"end":{"line":32,"column":83}},"32":{"start":{"line":33,"column":0},"end":{"line":33,"column":29}},"33":{"start":{"line":34,"column":0},"end":{"line":34,"column":19}},"34":{"start":{"line":35,"column":0},"end":{"line":35,"column":76}},"35":{"start":{"line":36,"column":0},"end":{"line":36,"column":22}},"36":{"start":{"line":37,"column":0},"end":{"line":37,"column":56}},"37":{"start":{"line":38,"column":0},"end":{"line":38,"column":22}},"38":{"start":{"line":39,"column":0},"end":{"line":39,"column":82}},"39":{"start":{"line":40,"column":0},"end":{"line":40,"column":16}},"40":{"start":{"line":41,"column":0},"end":{"line":41,"column":58}},"41":{"start":{"line":42,"column":0},"end":{"line":42,"column":5}},"42":{"start":{"line":43,"column":0},"end":{"line":43,"column":1}}},"s":{"0":1,"1":1,"2":1,"3":1,"4":0,"5":0,"6":0,"7":0,"8":0,"9":0,"10":0,"11":1,"12":1,"13":0,"14":0,"15":0,"16":0,"17":0,"18":0,"19":0,"20":1,"21":1,"22":0,"23":0,"24":0,"25":0,"26":0,"27":0,"28":0,"29":0,"30":1,"31":1,"32":0,"33":0,"34":0,"35":0,"36":0,"37":0,"38":0,"39":0,"40":0,"41":0,"42":0},"branchMap":{},"b":{},"fnMap":{"0":{"name":"applyAddOperation","decl":{"start":{"line":4,"column":33},"end":{"line":11,"column":1}},"loc":{"start":{"line":4,"column":33},"end":{"line":11,"column":1}},"line":4},"1":{"name":"applyRemoveOperation","decl":{"start":{"line":13,"column":36},"end":{"line":20,"column":1}},"loc":{"start":{"line":13,"column":36},"end":{"line":20,"column":1}},"line":13},"2":{"name":"applyUpdateOperation","decl":{"start":{"line":22,"column":36},"end":{"line":30,"column":1}},"loc":{"start":{"line":22,"column":36},"end":{"line":30,"column":1}},"line":22},"3":{"name":"applyOperation","decl":{"start":{"line":32,"column":30},"end":{"line":43,"column":1}},"loc":{"start":{"line":32,"column":30},"end":{"line":43,"column":1}},"line":32}},"f":{"0":0,"1":0,"2":0,"3":0}}
,"D:\\windu\\WinduDocs\\src\\TextEditor\\wd-text-editor\\src\\rich-text-editor\\undo-redo-ot\\utils\\find-node-by-id.ts": {"path":"D:\\windu\\WinduDocs\\src\\TextEditor\\wd-text-editor\\src\\rich-text-editor\\undo-redo-ot\\utils\\find-node-by-id.ts","all":false,"statementMap":{"0":{"start":{"line":1,"column":0},"end":{"line":1,"column":64}},"1":{"start":{"line":2,"column":0},"end":{"line":2,"column":0}},"2":{"start":{"line":3,"column":0},"end":{"line":3,"column":69}},"3":{"start":{"line":4,"column":0},"end":{"line":4,"column":27}},"4":{"start":{"line":5,"column":0},"end":{"line":5,"column":20}},"5":{"start":{"line":6,"column":0},"end":{"line":6,"column":5}},"6":{"start":{"line":7,"column":0},"end":{"line":7,"column":40}},"7":{"start":{"line":8,"column":0},"end":{"line":8,"column":46}},"8":{"start":{"line":9,"column":0},"end":{"line":9,"column":32}},"9":{"start":{"line":10,"column":0},"end":{"line":10,"column":5}},"10":{"start":{"line":11,"column":0},"end":{"line":11,"column":16}},"11":{"start":{"line":12,"column":0},"end":{"line":12,"column":1}},"12":{"start":{"line":13,"column":0},"end":{"line":13,"column":0}},"13":{"start":{"line":14,"column":0},"end":{"line":14,"column":28}}},"s":{"0":1,"1":1,"2":1,"3":0,"4":0,"5":0,"6":0,"7":0,"8":0,"9":0,"10":0,"11":0,"12":1,"13":1},"branchMap":{},"b":{},"fnMap":{"0":{"name":"findNodeById","decl":{"start":{"line":3,"column":21},"end":{"line":12,"column":1}},"loc":{"start":{"line":3,"column":21},"end":{"line":12,"column":1}},"line":3}},"f":{"0":0}}
,"D:\\windu\\WinduDocs\\src\\TextEditor\\wd-text-editor\\src\\rich-text-editor\\undo-redo-ot\\utils\\find-parent-node.ts": {"path":"D:\\windu\\WinduDocs\\src\\TextEditor\\wd-text-editor\\src\\rich-text-editor\\undo-redo-ot\\utils\\find-parent-node.ts","all":false,"statementMap":{"0":{"start":{"line":1,"column":0},"end":{"line":1,"column":64}},"1":{"start":{"line":2,"column":0},"end":{"line":2,"column":0}},"2":{"start":{"line":3,"column":0},"end":{"line":3,"column":107}},"3":{"start":{"line":4,"column":0},"end":{"line":4,"column":32}},"4":{"start":{"line":5,"column":0},"end":{"line":5,"column":22}},"5":{"start":{"line":6,"column":0},"end":{"line":6,"column":5}},"6":{"start":{"line":7,"column":0},"end":{"line":7,"column":40}},"7":{"start":{"line":8,"column":0},"end":{"line":8,"column":65}},"8":{"start":{"line":9,"column":0},"end":{"line":9,"column":44}},"9":{"start":{"line":10,"column":0},"end":{"line":10,"column":5}},"10":{"start":{"line":11,"column":0},"end":{"line":11,"column":16}},"11":{"start":{"line":12,"column":0},"end":{"line":12,"column":1}},"12":{"start":{"line":13,"column":0},"end":{"line":13,"column":0}},"13":{"start":{"line":14,"column":0},"end":{"line":14,"column":30}}},"s":{"0":1,"1":1,"2":1,"3":0,"4":0,"5":0,"6":0,"7":0,"8":0,"9":0,"10":0,"11":0,"12":1,"13":1},"branchMap":{},"b":{},"fnMap":{"0":{"name":"findParentNode","decl":{"start":{"line":3,"column":23},"end":{"line":12,"column":1}},"loc":{"start":{"line":3,"column":23},"end":{"line":12,"column":1}},"line":3}},"f":{"0":0}}
,"D:\\windu\\WinduDocs\\src\\TextEditor\\wd-text-editor\\src\\rich-text-editor\\undo-redo-ot\\utils\\increment-end.ts": {"path":"D:\\windu\\WinduDocs\\src\\TextEditor\\wd-text-editor\\src\\rich-text-editor\\undo-redo-ot\\utils\\increment-end.ts","all":false,"statementMap":{"0":{"start":{"line":1,"column":0},"end":{"line":1,"column":49}},"1":{"start":{"line":2,"column":0},"end":{"line":2,"column":54}},"2":{"start":{"line":3,"column":0},"end":{"line":3,"column":27}},"3":{"start":{"line":4,"column":0},"end":{"line":4,"column":0}},"4":{"start":{"line":5,"column":0},"end":{"line":5,"column":21}},"5":{"start":{"line":6,"column":0},"end":{"line":6,"column":37}},"6":{"start":{"line":7,"column":0},"end":{"line":7,"column":0}},"7":{"start":{"line":8,"column":0},"end":{"line":8,"column":16}},"8":{"start":{"line":9,"column":0},"end":{"line":9,"column":51}},"9":{"start":{"line":10,"column":0},"end":{"line":10,"column":48}},"10":{"start":{"line":11,"column":0},"end":{"line":11,"column":50}},"11":{"start":{"line":12,"column":0},"end":{"line":12,"column":9}},"12":{"start":{"line":13,"column":0},"end":{"line":13,"column":27}},"13":{"start":{"line":14,"column":0},"end":{"line":14,"column":9}},"14":{"start":{"line":15,"column":0},"end":{"line":15,"column":53}},"15":{"start":{"line":16,"column":0},"end":{"line":16,"column":0}},"16":{"start":{"line":17,"column":0},"end":{"line":17,"column":85}},"17":{"start":{"line":18,"column":0},"end":{"line":18,"column":70}},"18":{"start":{"line":19,"column":0},"end":{"line":19,"column":5}},"19":{"start":{"line":20,"column":0},"end":{"line":20,"column":0}},"20":{"start":{"line":21,"column":0},"end":{"line":21,"column":71}},"21":{"start":{"line":22,"column":0},"end":{"line":22,"column":17}},"22":{"start":{"line":23,"column":0},"end":{"line":23,"column":1}},"23":{"start":{"line":24,"column":0},"end":{"line":24,"column":28}}},"s":{"0":1,"1":0,"2":0,"3":0,"4":0,"5":0,"6":0,"7":0,"8":0,"9":0,"10":0,"11":0,"12":0,"13":0,"14":0,"15":0,"16":0,"17":0,"18":0,"19":0,"20":0,"21":0,"22":0,"23":1},"branchMap":{},"b":{},"fnMap":{"0":{"name":"incrementEnd","decl":{"start":{"line":1,"column":21},"end":{"line":23,"column":1}},"loc":{"start":{"line":1,"column":21},"end":{"line":23,"column":1}},"line":1}},"f":{"0":0}}
,"D:\\windu\\WinduDocs\\src\\TextEditor\\wd-text-editor\\src\\rich-text-editor\\undo-redo-ot\\utils\\trim-special.ts": {"path":"D:\\windu\\WinduDocs\\src\\TextEditor\\wd-text-editor\\src\\rich-text-editor\\undo-redo-ot\\utils\\trim-special.ts","all":false,"statementMap":{"0":{"start":{"line":1,"column":0},"end":{"line":1,"column":27}},"1":{"start":{"line":2,"column":0},"end":{"line":2,"column":25}},"2":{"start":{"line":3,"column":0},"end":{"line":3,"column":23}},"3":{"start":{"line":4,"column":0},"end":{"line":4,"column":26}},"4":{"start":{"line":5,"column":0},"end":{"line":5,"column":24}},"5":{"start":{"line":6,"column":0},"end":{"line":6,"column":2}},"6":{"start":{"line":7,"column":0},"end":{"line":7,"column":0}},"7":{"start":{"line":8,"column":0},"end":{"line":8,"column":70}},"8":{"start":{"line":9,"column":0},"end":{"line":9,"column":26}},"9":{"start":{"line":10,"column":0},"end":{"line":10,"column":31}},"10":{"start":{"line":11,"column":0},"end":{"line":11,"column":56}},"11":{"start":{"line":12,"column":0},"end":{"line":12,"column":32}},"12":{"start":{"line":13,"column":0},"end":{"line":13,"column":42}},"13":{"start":{"line":14,"column":0},"end":{"line":14,"column":9}},"14":{"start":{"line":15,"column":0},"end":{"line":15,"column":5}},"15":{"start":{"line":16,"column":0},"end":{"line":16,"column":0}},"16":{"start":{"line":17,"column":0},"end":{"line":17,"column":17}},"17":{"start":{"line":18,"column":0},"end":{"line":18,"column":71}},"18":{"start":{"line":19,"column":0},"end":{"line":19,"column":60}},"19":{"start":{"line":20,"column":0},"end":{"line":20,"column":5}},"20":{"start":{"line":21,"column":0},"end":{"line":21,"column":0}},"21":{"start":{"line":22,"column":0},"end":{"line":22,"column":15}},"22":{"start":{"line":23,"column":0},"end":{"line":23,"column":65}},"23":{"start":{"line":24,"column":0},"end":{"line":24,"column":76}},"24":{"start":{"line":25,"column":0},"end":{"line":25,"column":5}},"25":{"start":{"line":26,"column":0},"end":{"line":26,"column":0}},"26":{"start":{"line":27,"column":0},"end":{"line":27,"column":17}},"27":{"start":{"line":28,"column":0},"end":{"line":28,"column":1}},"28":{"start":{"line":29,"column":0},"end":{"line":29,"column":0}},"29":{"start":{"line":30,"column":0},"end":{"line":30,"column":27}}},"s":{"0":1,"1":1,"2":1,"3":1,"4":1,"5":1,"6":1,"7":1,"8":0,"9":0,"10":0,"11":0,"12":0,"13":0,"14":0,"15":0,"16":0,"17":0,"18":0,"19":0,"20":0,"21":0,"22":0,"23":0,"24":0,"25":0,"26":0,"27":0,"28":1,"29":1},"branchMap":{},"b":{},"fnMap":{"0":{"name":"trimSpecial","decl":{"start":{"line":8,"column":20},"end":{"line":28,"column":1}},"loc":{"start":{"line":8,"column":20},"end":{"line":28,"column":1}},"line":8}},"f":{"0":0}}
,"D:\\windu\\WinduDocs\\src\\TextEditor\\wd-text-editor\\src\\utils\\test-utils.tsx": {"path":"D:\\windu\\WinduDocs\\src\\TextEditor\\wd-text-editor\\src\\utils\\test-utils.tsx","all":false,"statementMap":{"0":{"start":{"line":1,"column":0},"end":{"line":1,"column":56}},"1":{"start":{"line":2,"column":0},"end":{"line":2,"column":34}},"2":{"start":{"line":3,"column":0},"end":{"line":3,"column":0}},"3":{"start":{"line":4,"column":0},"end":{"line":4,"column":17}},"4":{"start":{"line":5,"column":0},"end":{"line":5,"column":11}},"5":{"start":{"line":6,"column":0},"end":{"line":6,"column":2}},"6":{"start":{"line":7,"column":0},"end":{"line":7,"column":0}},"7":{"start":{"line":8,"column":0},"end":{"line":8,"column":61}},"8":{"start":{"line":9,"column":0},"end":{"line":9,"column":21}},"9":{"start":{"line":10,"column":0},"end":{"line":10,"column":38}},"10":{"start":{"line":11,"column":0},"end":{"line":11,"column":40}},"11":{"start":{"line":12,"column":0},"end":{"line":12,"column":15}},"12":{"start":{"line":13,"column":0},"end":{"line":13,"column":4}},"13":{"start":{"line":14,"column":0},"end":{"line":14,"column":1}},"14":{"start":{"line":15,"column":0},"end":{"line":15,"column":0}},"15":{"start":{"line":16,"column":0},"end":{"line":16,"column":38}},"16":{"start":{"line":17,"column":0},"end":{"line":17,"column":66}},"17":{"start":{"line":18,"column":0},"end":{"line":18,"column":25}},"18":{"start":{"line":19,"column":0},"end":{"line":19,"column":33}}},"s":{"0":1,"1":1,"2":1,"3":1,"4":21,"5":21,"6":1,"7":21,"8":21,"9":21,"10":21,"11":21,"12":21,"13":21,"14":1,"15":1,"16":1,"17":1,"18":1},"branchMap":{"0":{"type":"branch","line":4,"loc":{"start":{"line":4,"column":10},"end":{"line":6,"column":2}},"locations":[{"start":{"line":4,"column":10},"end":{"line":6,"column":2}}]},"1":{"type":"branch","line":8,"loc":{"start":{"line":8,"column":0},"end":{"line":14,"column":1}},"locations":[{"start":{"line":8,"column":0},"end":{"line":14,"column":1}}]},"2":{"type":"branch","line":11,"loc":{"start":{"line":11,"column":13},"end":{"line":11,"column":40}},"locations":[{"start":{"line":11,"column":13},"end":{"line":11,"column":40}}]}},"b":{"0":[21],"1":[21],"2":[21]},"fnMap":{"0":{"name":"customRender","decl":{"start":{"line":8,"column":0},"end":{"line":14,"column":1}},"loc":{"start":{"line":8,"column":0},"end":{"line":14,"column":1}},"line":8},"1":{"name":"wrapper","decl":{"start":{"line":11,"column":13},"end":{"line":11,"column":40}},"loc":{"start":{"line":11,"column":13},"end":{"line":11,"column":40}},"line":11}},"f":{"0":21,"1":21}}
}
