{"E:\\windu\\WinduDocs\\src\\TextEditor\\wd-text-editor\\src\\__mocks__\\editor-mocks.ts": {"path":"E:\\windu\\WinduDocs\\src\\TextEditor\\wd-text-editor\\src\\__mocks__\\editor-mocks.ts","all":false,"statementMap":{"0":{"start":{"line":1,"column":0},"end":{"line":1,"column":58}},"1":{"start":{"line":2,"column":0},"end":{"line":2,"column":0}},"2":{"start":{"line":3,"column":0},"end":{"line":3,"column":44}},"3":{"start":{"line":4,"column":0},"end":{"line":4,"column":3}},"4":{"start":{"line":5,"column":0},"end":{"line":5,"column":28}},"5":{"start":{"line":6,"column":0},"end":{"line":6,"column":21}},"6":{"start":{"line":7,"column":0},"end":{"line":7,"column":20}},"7":{"start":{"line":8,"column":0},"end":{"line":8,"column":15}},"8":{"start":{"line":9,"column":0},"end":{"line":9,"column":51}},"9":{"start":{"line":10,"column":0},"end":{"line":10,"column":24}},"10":{"start":{"line":11,"column":0},"end":{"line":11,"column":17}},"11":{"start":{"line":12,"column":0},"end":{"line":12,"column":7}},"12":{"start":{"line":13,"column":0},"end":{"line":13,"column":37}},"13":{"start":{"line":14,"column":0},"end":{"line":14,"column":25}},"14":{"start":{"line":15,"column":0},"end":{"line":15,"column":24}},"15":{"start":{"line":16,"column":0},"end":{"line":16,"column":19}},"16":{"start":{"line":17,"column":0},"end":{"line":17,"column":55}},"17":{"start":{"line":18,"column":0},"end":{"line":18,"column":28}},"18":{"start":{"line":19,"column":0},"end":{"line":19,"column":21}},"19":{"start":{"line":20,"column":0},"end":{"line":20,"column":11}},"20":{"start":{"line":21,"column":0},"end":{"line":21,"column":31}},"21":{"start":{"line":22,"column":0},"end":{"line":22,"column":29}},"22":{"start":{"line":23,"column":0},"end":{"line":23,"column":28}},"23":{"start":{"line":24,"column":0},"end":{"line":24,"column":23}},"24":{"start":{"line":25,"column":0},"end":{"line":25,"column":59}},"25":{"start":{"line":26,"column":0},"end":{"line":26,"column":38}},"26":{"start":{"line":27,"column":0},"end":{"line":27,"column":26}},"27":{"start":{"line":28,"column":0},"end":{"line":28,"column":11}},"28":{"start":{"line":29,"column":0},"end":{"line":29,"column":9}},"29":{"start":{"line":30,"column":0},"end":{"line":30,"column":7}},"30":{"start":{"line":31,"column":0},"end":{"line":31,"column":5}},"31":{"start":{"line":32,"column":0},"end":{"line":32,"column":4}},"32":{"start":{"line":33,"column":0},"end":{"line":33,"column":3}},"33":{"start":{"line":34,"column":0},"end":{"line":34,"column":28}},"34":{"start":{"line":35,"column":0},"end":{"line":35,"column":21}},"35":{"start":{"line":36,"column":0},"end":{"line":36,"column":20}},"36":{"start":{"line":37,"column":0},"end":{"line":37,"column":15}},"37":{"start":{"line":38,"column":0},"end":{"line":38,"column":51}},"38":{"start":{"line":39,"column":0},"end":{"line":39,"column":24}},"39":{"start":{"line":40,"column":0},"end":{"line":40,"column":17}},"40":{"start":{"line":41,"column":0},"end":{"line":41,"column":7}},"41":{"start":{"line":42,"column":0},"end":{"line":42,"column":37}},"42":{"start":{"line":43,"column":0},"end":{"line":43,"column":25}},"43":{"start":{"line":44,"column":0},"end":{"line":44,"column":24}},"44":{"start":{"line":45,"column":0},"end":{"line":45,"column":19}},"45":{"start":{"line":46,"column":0},"end":{"line":46,"column":55}},"46":{"start":{"line":47,"column":0},"end":{"line":47,"column":28}},"47":{"start":{"line":48,"column":0},"end":{"line":48,"column":21}},"48":{"start":{"line":49,"column":0},"end":{"line":49,"column":11}},"49":{"start":{"line":50,"column":0},"end":{"line":50,"column":31}},"50":{"start":{"line":51,"column":0},"end":{"line":51,"column":29}},"51":{"start":{"line":52,"column":0},"end":{"line":52,"column":28}},"52":{"start":{"line":53,"column":0},"end":{"line":53,"column":23}},"53":{"start":{"line":54,"column":0},"end":{"line":54,"column":59}},"54":{"start":{"line":55,"column":0},"end":{"line":55,"column":38}},"55":{"start":{"line":56,"column":0},"end":{"line":56,"column":26}},"56":{"start":{"line":57,"column":0},"end":{"line":57,"column":11}},"57":{"start":{"line":58,"column":0},"end":{"line":58,"column":9}},"58":{"start":{"line":59,"column":0},"end":{"line":59,"column":7}},"59":{"start":{"line":60,"column":0},"end":{"line":60,"column":5}},"60":{"start":{"line":61,"column":0},"end":{"line":61,"column":3}},"61":{"start":{"line":62,"column":0},"end":{"line":62,"column":2}},"62":{"start":{"line":63,"column":0},"end":{"line":63,"column":0}},"63":{"start":{"line":64,"column":0},"end":{"line":64,"column":42}},"64":{"start":{"line":65,"column":0},"end":{"line":65,"column":3}},"65":{"start":{"line":66,"column":0},"end":{"line":66,"column":23}},"66":{"start":{"line":67,"column":0},"end":{"line":67,"column":21}},"67":{"start":{"line":68,"column":0},"end":{"line":68,"column":20}},"68":{"start":{"line":69,"column":0},"end":{"line":69,"column":15}},"69":{"start":{"line":70,"column":0},"end":{"line":70,"column":51}},"70":{"start":{"line":71,"column":0},"end":{"line":71,"column":52}},"71":{"start":{"line":72,"column":0},"end":{"line":72,"column":18}},"72":{"start":{"line":73,"column":0},"end":{"line":73,"column":4}},"73":{"start":{"line":74,"column":0},"end":{"line":74,"column":3}},"74":{"start":{"line":75,"column":0},"end":{"line":75,"column":25}},"75":{"start":{"line":76,"column":0},"end":{"line":76,"column":21}},"76":{"start":{"line":77,"column":0},"end":{"line":77,"column":20}},"77":{"start":{"line":78,"column":0},"end":{"line":78,"column":15}},"78":{"start":{"line":79,"column":0},"end":{"line":79,"column":51}},"79":{"start":{"line":80,"column":0},"end":{"line":80,"column":24}},"80":{"start":{"line":81,"column":0},"end":{"line":81,"column":17}},"81":{"start":{"line":82,"column":0},"end":{"line":82,"column":7}},"82":{"start":{"line":83,"column":0},"end":{"line":83,"column":31}},"83":{"start":{"line":84,"column":0},"end":{"line":84,"column":25}},"84":{"start":{"line":85,"column":0},"end":{"line":85,"column":24}},"85":{"start":{"line":86,"column":0},"end":{"line":86,"column":19}},"86":{"start":{"line":87,"column":0},"end":{"line":87,"column":55}},"87":{"start":{"line":88,"column":0},"end":{"line":88,"column":28}},"88":{"start":{"line":89,"column":0},"end":{"line":89,"column":21}},"89":{"start":{"line":90,"column":0},"end":{"line":90,"column":11}},"90":{"start":{"line":91,"column":0},"end":{"line":91,"column":31}},"91":{"start":{"line":92,"column":0},"end":{"line":92,"column":29}},"92":{"start":{"line":93,"column":0},"end":{"line":93,"column":28}},"93":{"start":{"line":94,"column":0},"end":{"line":94,"column":23}},"94":{"start":{"line":95,"column":0},"end":{"line":95,"column":59}},"95":{"start":{"line":96,"column":0},"end":{"line":96,"column":45}},"96":{"start":{"line":97,"column":0},"end":{"line":97,"column":26}},"97":{"start":{"line":98,"column":0},"end":{"line":98,"column":11}},"98":{"start":{"line":99,"column":0},"end":{"line":99,"column":9}},"99":{"start":{"line":100,"column":0},"end":{"line":100,"column":7}},"100":{"start":{"line":101,"column":0},"end":{"line":101,"column":5}},"101":{"start":{"line":102,"column":0},"end":{"line":102,"column":4}},"102":{"start":{"line":103,"column":0},"end":{"line":103,"column":3}},"103":{"start":{"line":104,"column":0},"end":{"line":104,"column":23}},"104":{"start":{"line":105,"column":0},"end":{"line":105,"column":21}},"105":{"start":{"line":106,"column":0},"end":{"line":106,"column":20}},"106":{"start":{"line":107,"column":0},"end":{"line":107,"column":15}},"107":{"start":{"line":108,"column":0},"end":{"line":108,"column":51}},"108":{"start":{"line":109,"column":0},"end":{"line":109,"column":27}},"109":{"start":{"line":110,"column":0},"end":{"line":110,"column":18}},"110":{"start":{"line":111,"column":0},"end":{"line":111,"column":3}},"111":{"start":{"line":112,"column":0},"end":{"line":112,"column":2}},"112":{"start":{"line":113,"column":0},"end":{"line":113,"column":0}},"113":{"start":{"line":114,"column":0},"end":{"line":114,"column":37}},"114":{"start":{"line":115,"column":0},"end":{"line":115,"column":33}},"115":{"start":{"line":116,"column":0},"end":{"line":116,"column":19}},"116":{"start":{"line":117,"column":0},"end":{"line":117,"column":18}},"117":{"start":{"line":118,"column":0},"end":{"line":118,"column":13}},"118":{"start":{"line":119,"column":0},"end":{"line":119,"column":49}},"119":{"start":{"line":120,"column":0},"end":{"line":120,"column":22}},"120":{"start":{"line":121,"column":0},"end":{"line":121,"column":15}},"121":{"start":{"line":122,"column":0},"end":{"line":122,"column":5}},"122":{"start":{"line":123,"column":0},"end":{"line":123,"column":35}},"123":{"start":{"line":124,"column":0},"end":{"line":124,"column":23}},"124":{"start":{"line":125,"column":0},"end":{"line":125,"column":22}},"125":{"start":{"line":126,"column":0},"end":{"line":126,"column":17}},"126":{"start":{"line":127,"column":0},"end":{"line":127,"column":53}},"127":{"start":{"line":128,"column":0},"end":{"line":128,"column":26}},"128":{"start":{"line":129,"column":0},"end":{"line":129,"column":19}},"129":{"start":{"line":130,"column":0},"end":{"line":130,"column":9}},"130":{"start":{"line":131,"column":0},"end":{"line":131,"column":31}},"131":{"start":{"line":132,"column":0},"end":{"line":132,"column":27}},"132":{"start":{"line":133,"column":0},"end":{"line":133,"column":26}},"133":{"start":{"line":134,"column":0},"end":{"line":134,"column":21}},"134":{"start":{"line":135,"column":0},"end":{"line":135,"column":57}},"135":{"start":{"line":136,"column":0},"end":{"line":136,"column":30}},"136":{"start":{"line":137,"column":0},"end":{"line":137,"column":23}},"137":{"start":{"line":138,"column":0},"end":{"line":138,"column":13}},"138":{"start":{"line":139,"column":0},"end":{"line":139,"column":33}},"139":{"start":{"line":140,"column":0},"end":{"line":140,"column":31}},"140":{"start":{"line":141,"column":0},"end":{"line":141,"column":30}},"141":{"start":{"line":142,"column":0},"end":{"line":142,"column":25}},"142":{"start":{"line":143,"column":0},"end":{"line":143,"column":61}},"143":{"start":{"line":144,"column":0},"end":{"line":144,"column":62}},"144":{"start":{"line":145,"column":0},"end":{"line":145,"column":28}},"145":{"start":{"line":146,"column":0},"end":{"line":146,"column":14}},"146":{"start":{"line":147,"column":0},"end":{"line":147,"column":13}},"147":{"start":{"line":148,"column":0},"end":{"line":148,"column":35}},"148":{"start":{"line":149,"column":0},"end":{"line":149,"column":31}},"149":{"start":{"line":150,"column":0},"end":{"line":150,"column":30}},"150":{"start":{"line":151,"column":0},"end":{"line":151,"column":25}},"151":{"start":{"line":152,"column":0},"end":{"line":152,"column":61}},"152":{"start":{"line":153,"column":0},"end":{"line":153,"column":34}},"153":{"start":{"line":154,"column":0},"end":{"line":154,"column":27}},"154":{"start":{"line":155,"column":0},"end":{"line":155,"column":17}},"155":{"start":{"line":156,"column":0},"end":{"line":156,"column":41}},"156":{"start":{"line":157,"column":0},"end":{"line":157,"column":35}},"157":{"start":{"line":158,"column":0},"end":{"line":158,"column":34}},"158":{"start":{"line":159,"column":0},"end":{"line":159,"column":29}},"159":{"start":{"line":160,"column":0},"end":{"line":160,"column":65}},"160":{"start":{"line":161,"column":0},"end":{"line":161,"column":38}},"161":{"start":{"line":162,"column":0},"end":{"line":162,"column":31}},"162":{"start":{"line":163,"column":0},"end":{"line":163,"column":21}},"163":{"start":{"line":164,"column":0},"end":{"line":164,"column":41}},"164":{"start":{"line":165,"column":0},"end":{"line":165,"column":39}},"165":{"start":{"line":166,"column":0},"end":{"line":166,"column":38}},"166":{"start":{"line":167,"column":0},"end":{"line":167,"column":33}},"167":{"start":{"line":168,"column":0},"end":{"line":168,"column":69}},"168":{"start":{"line":169,"column":0},"end":{"line":169,"column":55}},"169":{"start":{"line":170,"column":0},"end":{"line":170,"column":36}},"170":{"start":{"line":171,"column":0},"end":{"line":171,"column":21}},"171":{"start":{"line":172,"column":0},"end":{"line":172,"column":19}},"172":{"start":{"line":173,"column":0},"end":{"line":173,"column":17}},"173":{"start":{"line":174,"column":0},"end":{"line":174,"column":15}},"174":{"start":{"line":175,"column":0},"end":{"line":175,"column":14}},"175":{"start":{"line":176,"column":0},"end":{"line":176,"column":13}},"176":{"start":{"line":177,"column":0},"end":{"line":177,"column":33}},"177":{"start":{"line":178,"column":0},"end":{"line":178,"column":31}},"178":{"start":{"line":179,"column":0},"end":{"line":179,"column":30}},"179":{"start":{"line":180,"column":0},"end":{"line":180,"column":25}},"180":{"start":{"line":181,"column":0},"end":{"line":181,"column":61}},"181":{"start":{"line":182,"column":0},"end":{"line":182,"column":37}},"182":{"start":{"line":183,"column":0},"end":{"line":183,"column":28}},"183":{"start":{"line":184,"column":0},"end":{"line":184,"column":13}},"184":{"start":{"line":185,"column":0},"end":{"line":185,"column":11}},"185":{"start":{"line":186,"column":0},"end":{"line":186,"column":10}},"186":{"start":{"line":187,"column":0},"end":{"line":187,"column":9}},"187":{"start":{"line":188,"column":0},"end":{"line":188,"column":29}},"188":{"start":{"line":189,"column":0},"end":{"line":189,"column":27}},"189":{"start":{"line":190,"column":0},"end":{"line":190,"column":26}},"190":{"start":{"line":191,"column":0},"end":{"line":191,"column":21}},"191":{"start":{"line":192,"column":0},"end":{"line":192,"column":57}},"192":{"start":{"line":193,"column":0},"end":{"line":193,"column":54}},"193":{"start":{"line":194,"column":0},"end":{"line":194,"column":24}},"194":{"start":{"line":195,"column":0},"end":{"line":195,"column":9}},"195":{"start":{"line":196,"column":0},"end":{"line":196,"column":7}},"196":{"start":{"line":197,"column":0},"end":{"line":197,"column":6}},"197":{"start":{"line":198,"column":0},"end":{"line":198,"column":5}},"198":{"start":{"line":199,"column":0},"end":{"line":199,"column":30}},"199":{"start":{"line":200,"column":0},"end":{"line":200,"column":23}},"200":{"start":{"line":201,"column":0},"end":{"line":201,"column":22}},"201":{"start":{"line":202,"column":0},"end":{"line":202,"column":17}},"202":{"start":{"line":203,"column":0},"end":{"line":203,"column":53}},"203":{"start":{"line":204,"column":0},"end":{"line":204,"column":26}},"204":{"start":{"line":205,"column":0},"end":{"line":205,"column":20}},"205":{"start":{"line":206,"column":0},"end":{"line":206,"column":6}},"206":{"start":{"line":207,"column":0},"end":{"line":207,"column":5}},"207":{"start":{"line":208,"column":0},"end":{"line":208,"column":35}},"208":{"start":{"line":209,"column":0},"end":{"line":209,"column":23}},"209":{"start":{"line":210,"column":0},"end":{"line":210,"column":22}},"210":{"start":{"line":211,"column":0},"end":{"line":211,"column":17}},"211":{"start":{"line":212,"column":0},"end":{"line":212,"column":53}},"212":{"start":{"line":213,"column":0},"end":{"line":213,"column":26}},"213":{"start":{"line":214,"column":0},"end":{"line":214,"column":19}},"214":{"start":{"line":215,"column":0},"end":{"line":215,"column":9}},"215":{"start":{"line":216,"column":0},"end":{"line":216,"column":31}},"216":{"start":{"line":217,"column":0},"end":{"line":217,"column":27}},"217":{"start":{"line":218,"column":0},"end":{"line":218,"column":26}},"218":{"start":{"line":219,"column":0},"end":{"line":219,"column":21}},"219":{"start":{"line":220,"column":0},"end":{"line":220,"column":57}},"220":{"start":{"line":221,"column":0},"end":{"line":221,"column":30}},"221":{"start":{"line":222,"column":0},"end":{"line":222,"column":23}},"222":{"start":{"line":223,"column":0},"end":{"line":223,"column":13}},"223":{"start":{"line":224,"column":0},"end":{"line":224,"column":33}},"224":{"start":{"line":225,"column":0},"end":{"line":225,"column":31}},"225":{"start":{"line":226,"column":0},"end":{"line":226,"column":30}},"226":{"start":{"line":227,"column":0},"end":{"line":227,"column":25}},"227":{"start":{"line":228,"column":0},"end":{"line":228,"column":61}},"228":{"start":{"line":229,"column":0},"end":{"line":229,"column":44}},"229":{"start":{"line":230,"column":0},"end":{"line":230,"column":28}},"230":{"start":{"line":231,"column":0},"end":{"line":231,"column":13}},"231":{"start":{"line":232,"column":0},"end":{"line":232,"column":11}},"232":{"start":{"line":233,"column":0},"end":{"line":233,"column":9}},"233":{"start":{"line":234,"column":0},"end":{"line":234,"column":7}},"234":{"start":{"line":235,"column":0},"end":{"line":235,"column":6}},"235":{"start":{"line":236,"column":0},"end":{"line":236,"column":5}},"236":{"start":{"line":237,"column":0},"end":{"line":237,"column":30}},"237":{"start":{"line":238,"column":0},"end":{"line":238,"column":23}},"238":{"start":{"line":239,"column":0},"end":{"line":239,"column":23}},"239":{"start":{"line":240,"column":0},"end":{"line":240,"column":17}},"240":{"start":{"line":241,"column":0},"end":{"line":241,"column":53}},"241":{"start":{"line":242,"column":0},"end":{"line":242,"column":26}},"242":{"start":{"line":243,"column":0},"end":{"line":243,"column":20}},"243":{"start":{"line":244,"column":0},"end":{"line":244,"column":6}},"244":{"start":{"line":245,"column":0},"end":{"line":245,"column":5}},"245":{"start":{"line":246,"column":0},"end":{"line":246,"column":33}},"246":{"start":{"line":247,"column":0},"end":{"line":247,"column":21}},"247":{"start":{"line":248,"column":0},"end":{"line":248,"column":20}},"248":{"start":{"line":249,"column":0},"end":{"line":249,"column":8}},"249":{"start":{"line":250,"column":0},"end":{"line":250,"column":23}},"250":{"start":{"line":251,"column":0},"end":{"line":251,"column":17}},"251":{"start":{"line":252,"column":0},"end":{"line":252,"column":53}},"252":{"start":{"line":253,"column":0},"end":{"line":253,"column":26}},"253":{"start":{"line":254,"column":0},"end":{"line":254,"column":19}},"254":{"start":{"line":255,"column":0},"end":{"line":255,"column":9}},"255":{"start":{"line":256,"column":0},"end":{"line":256,"column":29}},"256":{"start":{"line":257,"column":0},"end":{"line":257,"column":27}},"257":{"start":{"line":258,"column":0},"end":{"line":258,"column":26}},"258":{"start":{"line":259,"column":0},"end":{"line":259,"column":21}},"259":{"start":{"line":260,"column":0},"end":{"line":260,"column":57}},"260":{"start":{"line":261,"column":0},"end":{"line":261,"column":33}},"261":{"start":{"line":262,"column":0},"end":{"line":262,"column":24}},"262":{"start":{"line":263,"column":0},"end":{"line":263,"column":9}},"263":{"start":{"line":264,"column":0},"end":{"line":264,"column":7}},"264":{"start":{"line":265,"column":0},"end":{"line":265,"column":6}},"265":{"start":{"line":266,"column":0},"end":{"line":266,"column":5}},"266":{"start":{"line":267,"column":0},"end":{"line":267,"column":30}},"267":{"start":{"line":268,"column":0},"end":{"line":268,"column":23}},"268":{"start":{"line":269,"column":0},"end":{"line":269,"column":23}},"269":{"start":{"line":270,"column":0},"end":{"line":270,"column":17}},"270":{"start":{"line":271,"column":0},"end":{"line":271,"column":53}},"271":{"start":{"line":272,"column":0},"end":{"line":272,"column":26}},"272":{"start":{"line":273,"column":0},"end":{"line":273,"column":20}},"273":{"start":{"line":274,"column":0},"end":{"line":274,"column":6}},"274":{"start":{"line":275,"column":0},"end":{"line":275,"column":5}},"275":{"start":{"line":276,"column":0},"end":{"line":276,"column":35}},"276":{"start":{"line":277,"column":0},"end":{"line":277,"column":23}},"277":{"start":{"line":278,"column":0},"end":{"line":278,"column":22}},"278":{"start":{"line":279,"column":0},"end":{"line":279,"column":17}},"279":{"start":{"line":280,"column":0},"end":{"line":280,"column":53}},"280":{"start":{"line":281,"column":0},"end":{"line":281,"column":26}},"281":{"start":{"line":282,"column":0},"end":{"line":282,"column":19}},"282":{"start":{"line":283,"column":0},"end":{"line":283,"column":9}},"283":{"start":{"line":284,"column":0},"end":{"line":284,"column":29}},"284":{"start":{"line":285,"column":0},"end":{"line":285,"column":27}},"285":{"start":{"line":286,"column":0},"end":{"line":286,"column":26}},"286":{"start":{"line":287,"column":0},"end":{"line":287,"column":21}},"287":{"start":{"line":288,"column":0},"end":{"line":288,"column":57}},"288":{"start":{"line":289,"column":0},"end":{"line":289,"column":38}},"289":{"start":{"line":290,"column":0},"end":{"line":290,"column":24}},"290":{"start":{"line":291,"column":0},"end":{"line":291,"column":10}},"291":{"start":{"line":292,"column":0},"end":{"line":292,"column":9}},"292":{"start":{"line":293,"column":0},"end":{"line":293,"column":29}},"293":{"start":{"line":294,"column":0},"end":{"line":294,"column":25}},"294":{"start":{"line":295,"column":0},"end":{"line":295,"column":40}},"295":{"start":{"line":296,"column":0},"end":{"line":296,"column":23}},"296":{"start":{"line":297,"column":0},"end":{"line":297,"column":12}},"297":{"start":{"line":298,"column":0},"end":{"line":298,"column":26}},"298":{"start":{"line":299,"column":0},"end":{"line":299,"column":21}},"299":{"start":{"line":300,"column":0},"end":{"line":300,"column":57}},"300":{"start":{"line":301,"column":0},"end":{"line":301,"column":30}},"301":{"start":{"line":302,"column":0},"end":{"line":302,"column":23}},"302":{"start":{"line":303,"column":0},"end":{"line":303,"column":13}},"303":{"start":{"line":304,"column":0},"end":{"line":304,"column":33}},"304":{"start":{"line":305,"column":0},"end":{"line":305,"column":31}},"305":{"start":{"line":306,"column":0},"end":{"line":306,"column":30}},"306":{"start":{"line":307,"column":0},"end":{"line":307,"column":25}},"307":{"start":{"line":308,"column":0},"end":{"line":308,"column":61}},"308":{"start":{"line":309,"column":0},"end":{"line":309,"column":37}},"309":{"start":{"line":310,"column":0},"end":{"line":310,"column":28}},"310":{"start":{"line":311,"column":0},"end":{"line":311,"column":14}},"311":{"start":{"line":312,"column":0},"end":{"line":312,"column":13}},"312":{"start":{"line":313,"column":0},"end":{"line":313,"column":35}},"313":{"start":{"line":314,"column":0},"end":{"line":314,"column":31}},"314":{"start":{"line":315,"column":0},"end":{"line":315,"column":30}},"315":{"start":{"line":316,"column":0},"end":{"line":316,"column":25}},"316":{"start":{"line":317,"column":0},"end":{"line":317,"column":61}},"317":{"start":{"line":318,"column":0},"end":{"line":318,"column":34}},"318":{"start":{"line":319,"column":0},"end":{"line":319,"column":27}},"319":{"start":{"line":320,"column":0},"end":{"line":320,"column":17}},"320":{"start":{"line":321,"column":0},"end":{"line":321,"column":37}},"321":{"start":{"line":322,"column":0},"end":{"line":322,"column":35}},"322":{"start":{"line":323,"column":0},"end":{"line":323,"column":34}},"323":{"start":{"line":324,"column":0},"end":{"line":324,"column":29}},"324":{"start":{"line":325,"column":0},"end":{"line":325,"column":65}},"325":{"start":{"line":326,"column":0},"end":{"line":326,"column":38}},"326":{"start":{"line":327,"column":0},"end":{"line":327,"column":32}},"327":{"start":{"line":328,"column":0},"end":{"line":328,"column":17}},"328":{"start":{"line":329,"column":0},"end":{"line":329,"column":15}},"329":{"start":{"line":330,"column":0},"end":{"line":330,"column":14}},"330":{"start":{"line":331,"column":0},"end":{"line":331,"column":13}},"331":{"start":{"line":332,"column":0},"end":{"line":332,"column":33}},"332":{"start":{"line":333,"column":0},"end":{"line":333,"column":31}},"333":{"start":{"line":334,"column":0},"end":{"line":334,"column":30}},"334":{"start":{"line":335,"column":0},"end":{"line":335,"column":25}},"335":{"start":{"line":336,"column":0},"end":{"line":336,"column":61}},"336":{"start":{"line":337,"column":0},"end":{"line":337,"column":39}},"337":{"start":{"line":338,"column":0},"end":{"line":338,"column":28}},"338":{"start":{"line":339,"column":0},"end":{"line":339,"column":13}},"339":{"start":{"line":340,"column":0},"end":{"line":340,"column":11}},"340":{"start":{"line":341,"column":0},"end":{"line":341,"column":10}},"341":{"start":{"line":342,"column":0},"end":{"line":342,"column":9}},"342":{"start":{"line":343,"column":0},"end":{"line":343,"column":29}},"343":{"start":{"line":344,"column":0},"end":{"line":344,"column":27}},"344":{"start":{"line":345,"column":0},"end":{"line":345,"column":26}},"345":{"start":{"line":346,"column":0},"end":{"line":346,"column":21}},"346":{"start":{"line":347,"column":0},"end":{"line":347,"column":57}},"347":{"start":{"line":348,"column":0},"end":{"line":348,"column":29}},"348":{"start":{"line":349,"column":0},"end":{"line":349,"column":24}},"349":{"start":{"line":350,"column":0},"end":{"line":350,"column":9}},"350":{"start":{"line":351,"column":0},"end":{"line":351,"column":7}},"351":{"start":{"line":352,"column":0},"end":{"line":352,"column":6}},"352":{"start":{"line":353,"column":0},"end":{"line":353,"column":5}},"353":{"start":{"line":354,"column":0},"end":{"line":354,"column":30}},"354":{"start":{"line":355,"column":0},"end":{"line":355,"column":23}},"355":{"start":{"line":356,"column":0},"end":{"line":356,"column":23}},"356":{"start":{"line":357,"column":0},"end":{"line":357,"column":17}},"357":{"start":{"line":358,"column":0},"end":{"line":358,"column":53}},"358":{"start":{"line":359,"column":0},"end":{"line":359,"column":26}},"359":{"start":{"line":360,"column":0},"end":{"line":360,"column":20}},"360":{"start":{"line":361,"column":0},"end":{"line":361,"column":6}},"361":{"start":{"line":362,"column":0},"end":{"line":362,"column":5}},"362":{"start":{"line":363,"column":0},"end":{"line":363,"column":33}},"363":{"start":{"line":364,"column":0},"end":{"line":364,"column":21}},"364":{"start":{"line":365,"column":0},"end":{"line":365,"column":20}},"365":{"start":{"line":366,"column":0},"end":{"line":366,"column":8}},"366":{"start":{"line":367,"column":0},"end":{"line":367,"column":23}},"367":{"start":{"line":368,"column":0},"end":{"line":368,"column":17}},"368":{"start":{"line":369,"column":0},"end":{"line":369,"column":53}},"369":{"start":{"line":370,"column":0},"end":{"line":370,"column":26}},"370":{"start":{"line":371,"column":0},"end":{"line":371,"column":19}},"371":{"start":{"line":372,"column":0},"end":{"line":372,"column":9}},"372":{"start":{"line":373,"column":0},"end":{"line":373,"column":29}},"373":{"start":{"line":374,"column":0},"end":{"line":374,"column":27}},"374":{"start":{"line":375,"column":0},"end":{"line":375,"column":26}},"375":{"start":{"line":376,"column":0},"end":{"line":376,"column":21}},"376":{"start":{"line":377,"column":0},"end":{"line":377,"column":57}},"377":{"start":{"line":378,"column":0},"end":{"line":378,"column":49}},"378":{"start":{"line":379,"column":0},"end":{"line":379,"column":24}},"379":{"start":{"line":380,"column":0},"end":{"line":380,"column":9}},"380":{"start":{"line":381,"column":0},"end":{"line":381,"column":7}},"381":{"start":{"line":382,"column":0},"end":{"line":382,"column":6}},"382":{"start":{"line":383,"column":0},"end":{"line":383,"column":5}},"383":{"start":{"line":384,"column":0},"end":{"line":384,"column":30}},"384":{"start":{"line":385,"column":0},"end":{"line":385,"column":23}},"385":{"start":{"line":386,"column":0},"end":{"line":386,"column":23}},"386":{"start":{"line":387,"column":0},"end":{"line":387,"column":17}},"387":{"start":{"line":388,"column":0},"end":{"line":388,"column":53}},"388":{"start":{"line":389,"column":0},"end":{"line":389,"column":26}},"389":{"start":{"line":390,"column":0},"end":{"line":390,"column":20}},"390":{"start":{"line":391,"column":0},"end":{"line":391,"column":6}},"391":{"start":{"line":392,"column":0},"end":{"line":392,"column":5}},"392":{"start":{"line":393,"column":0},"end":{"line":393,"column":39}},"393":{"start":{"line":394,"column":0},"end":{"line":394,"column":23}},"394":{"start":{"line":395,"column":0},"end":{"line":395,"column":23}},"395":{"start":{"line":396,"column":0},"end":{"line":396,"column":17}},"396":{"start":{"line":397,"column":0},"end":{"line":397,"column":53}},"397":{"start":{"line":398,"column":0},"end":{"line":398,"column":26}},"398":{"start":{"line":399,"column":0},"end":{"line":399,"column":20}},"399":{"start":{"line":400,"column":0},"end":{"line":400,"column":6}},"400":{"start":{"line":401,"column":0},"end":{"line":401,"column":5}},"401":{"start":{"line":402,"column":0},"end":{"line":402,"column":30}},"402":{"start":{"line":403,"column":0},"end":{"line":403,"column":23}},"403":{"start":{"line":404,"column":0},"end":{"line":404,"column":23}},"404":{"start":{"line":405,"column":0},"end":{"line":405,"column":17}},"405":{"start":{"line":406,"column":0},"end":{"line":406,"column":53}},"406":{"start":{"line":407,"column":0},"end":{"line":407,"column":26}},"407":{"start":{"line":408,"column":0},"end":{"line":408,"column":20}},"408":{"start":{"line":409,"column":0},"end":{"line":409,"column":6}},"409":{"start":{"line":410,"column":0},"end":{"line":410,"column":5}},"410":{"start":{"line":411,"column":0},"end":{"line":411,"column":36}},"411":{"start":{"line":412,"column":0},"end":{"line":412,"column":21}},"412":{"start":{"line":413,"column":0},"end":{"line":413,"column":32}},"413":{"start":{"line":414,"column":0},"end":{"line":414,"column":8}},"414":{"start":{"line":415,"column":0},"end":{"line":415,"column":23}},"415":{"start":{"line":416,"column":0},"end":{"line":416,"column":17}},"416":{"start":{"line":417,"column":0},"end":{"line":417,"column":53}},"417":{"start":{"line":418,"column":0},"end":{"line":418,"column":26}},"418":{"start":{"line":419,"column":0},"end":{"line":419,"column":19}},"419":{"start":{"line":420,"column":0},"end":{"line":420,"column":9}},"420":{"start":{"line":421,"column":0},"end":{"line":421,"column":29}},"421":{"start":{"line":422,"column":0},"end":{"line":422,"column":27}},"422":{"start":{"line":423,"column":0},"end":{"line":423,"column":26}},"423":{"start":{"line":424,"column":0},"end":{"line":424,"column":21}},"424":{"start":{"line":425,"column":0},"end":{"line":425,"column":57}},"425":{"start":{"line":426,"column":0},"end":{"line":426,"column":67}},"426":{"start":{"line":427,"column":0},"end":{"line":427,"column":24}},"427":{"start":{"line":428,"column":0},"end":{"line":428,"column":10}},"428":{"start":{"line":429,"column":0},"end":{"line":429,"column":9}},"429":{"start":{"line":430,"column":0},"end":{"line":430,"column":29}},"430":{"start":{"line":431,"column":0},"end":{"line":431,"column":27}},"431":{"start":{"line":432,"column":0},"end":{"line":432,"column":26}},"432":{"start":{"line":433,"column":0},"end":{"line":433,"column":21}},"433":{"start":{"line":434,"column":0},"end":{"line":434,"column":57}},"434":{"start":{"line":435,"column":0},"end":{"line":435,"column":30}},"435":{"start":{"line":436,"column":0},"end":{"line":436,"column":24}},"436":{"start":{"line":437,"column":0},"end":{"line":437,"column":10}},"437":{"start":{"line":438,"column":0},"end":{"line":438,"column":9}},"438":{"start":{"line":439,"column":0},"end":{"line":439,"column":29}},"439":{"start":{"line":440,"column":0},"end":{"line":440,"column":27}},"440":{"start":{"line":441,"column":0},"end":{"line":441,"column":26}},"441":{"start":{"line":442,"column":0},"end":{"line":442,"column":21}},"442":{"start":{"line":443,"column":0},"end":{"line":443,"column":57}},"443":{"start":{"line":444,"column":0},"end":{"line":444,"column":69}},"444":{"start":{"line":445,"column":0},"end":{"line":445,"column":24}},"445":{"start":{"line":446,"column":0},"end":{"line":446,"column":9}},"446":{"start":{"line":447,"column":0},"end":{"line":447,"column":7}},"447":{"start":{"line":448,"column":0},"end":{"line":448,"column":6}},"448":{"start":{"line":449,"column":0},"end":{"line":449,"column":5}},"449":{"start":{"line":450,"column":0},"end":{"line":450,"column":30}},"450":{"start":{"line":451,"column":0},"end":{"line":451,"column":23}},"451":{"start":{"line":452,"column":0},"end":{"line":452,"column":23}},"452":{"start":{"line":453,"column":0},"end":{"line":453,"column":17}},"453":{"start":{"line":454,"column":0},"end":{"line":454,"column":53}},"454":{"start":{"line":455,"column":0},"end":{"line":455,"column":26}},"455":{"start":{"line":456,"column":0},"end":{"line":456,"column":20}},"456":{"start":{"line":457,"column":0},"end":{"line":457,"column":6}},"457":{"start":{"line":458,"column":0},"end":{"line":458,"column":5}},"458":{"start":{"line":459,"column":0},"end":{"line":459,"column":35}},"459":{"start":{"line":460,"column":0},"end":{"line":460,"column":23}},"460":{"start":{"line":461,"column":0},"end":{"line":461,"column":23}},"461":{"start":{"line":462,"column":0},"end":{"line":462,"column":17}},"462":{"start":{"line":463,"column":0},"end":{"line":463,"column":53}},"463":{"start":{"line":464,"column":0},"end":{"line":464,"column":26}},"464":{"start":{"line":465,"column":0},"end":{"line":465,"column":19}},"465":{"start":{"line":466,"column":0},"end":{"line":466,"column":9}},"466":{"start":{"line":467,"column":0},"end":{"line":467,"column":29}},"467":{"start":{"line":468,"column":0},"end":{"line":468,"column":27}},"468":{"start":{"line":469,"column":0},"end":{"line":469,"column":26}},"469":{"start":{"line":470,"column":0},"end":{"line":470,"column":21}},"470":{"start":{"line":471,"column":0},"end":{"line":471,"column":57}},"471":{"start":{"line":472,"column":0},"end":{"line":472,"column":54}},"472":{"start":{"line":473,"column":0},"end":{"line":473,"column":24}},"473":{"start":{"line":474,"column":0},"end":{"line":474,"column":9}},"474":{"start":{"line":475,"column":0},"end":{"line":475,"column":7}},"475":{"start":{"line":476,"column":0},"end":{"line":476,"column":5}},"476":{"start":{"line":477,"column":0},"end":{"line":477,"column":3}},"477":{"start":{"line":478,"column":0},"end":{"line":478,"column":2}},"478":{"start":{"line":479,"column":0},"end":{"line":479,"column":0}},"479":{"start":{"line":480,"column":0},"end":{"line":480,"column":46}},"480":{"start":{"line":481,"column":0},"end":{"line":481,"column":3}},"481":{"start":{"line":482,"column":0},"end":{"line":482,"column":33}},"482":{"start":{"line":483,"column":0},"end":{"line":483,"column":21}},"483":{"start":{"line":484,"column":0},"end":{"line":484,"column":20}},"484":{"start":{"line":485,"column":0},"end":{"line":485,"column":15}},"485":{"start":{"line":486,"column":0},"end":{"line":486,"column":51}},"486":{"start":{"line":487,"column":0},"end":{"line":487,"column":24}},"487":{"start":{"line":488,"column":0},"end":{"line":488,"column":17}},"488":{"start":{"line":489,"column":0},"end":{"line":489,"column":7}},"489":{"start":{"line":490,"column":0},"end":{"line":490,"column":27}},"490":{"start":{"line":491,"column":0},"end":{"line":491,"column":25}},"491":{"start":{"line":492,"column":0},"end":{"line":492,"column":24}},"492":{"start":{"line":493,"column":0},"end":{"line":493,"column":19}},"493":{"start":{"line":494,"column":0},"end":{"line":494,"column":55}},"494":{"start":{"line":495,"column":0},"end":{"line":495,"column":27}},"495":{"start":{"line":496,"column":0},"end":{"line":496,"column":22}},"496":{"start":{"line":497,"column":0},"end":{"line":497,"column":8}},"497":{"start":{"line":498,"column":0},"end":{"line":498,"column":7}},"498":{"start":{"line":499,"column":0},"end":{"line":499,"column":27}},"499":{"start":{"line":500,"column":0},"end":{"line":500,"column":25}},"500":{"start":{"line":501,"column":0},"end":{"line":501,"column":24}},"501":{"start":{"line":502,"column":0},"end":{"line":502,"column":19}},"502":{"start":{"line":503,"column":0},"end":{"line":503,"column":55}},"503":{"start":{"line":504,"column":0},"end":{"line":504,"column":47}},"504":{"start":{"line":505,"column":0},"end":{"line":505,"column":22}},"505":{"start":{"line":506,"column":0},"end":{"line":506,"column":7}},"506":{"start":{"line":507,"column":0},"end":{"line":507,"column":5}},"507":{"start":{"line":508,"column":0},"end":{"line":508,"column":4}},"508":{"start":{"line":509,"column":0},"end":{"line":509,"column":3}},"509":{"start":{"line":510,"column":0},"end":{"line":510,"column":33}},"510":{"start":{"line":511,"column":0},"end":{"line":511,"column":21}},"511":{"start":{"line":512,"column":0},"end":{"line":512,"column":20}},"512":{"start":{"line":513,"column":0},"end":{"line":513,"column":15}},"513":{"start":{"line":514,"column":0},"end":{"line":514,"column":51}},"514":{"start":{"line":515,"column":0},"end":{"line":515,"column":24}},"515":{"start":{"line":516,"column":0},"end":{"line":516,"column":17}},"516":{"start":{"line":517,"column":0},"end":{"line":517,"column":7}},"517":{"start":{"line":518,"column":0},"end":{"line":518,"column":27}},"518":{"start":{"line":519,"column":0},"end":{"line":519,"column":25}},"519":{"start":{"line":520,"column":0},"end":{"line":520,"column":24}},"520":{"start":{"line":521,"column":0},"end":{"line":521,"column":19}},"521":{"start":{"line":522,"column":0},"end":{"line":522,"column":55}},"522":{"start":{"line":523,"column":0},"end":{"line":523,"column":37}},"523":{"start":{"line":524,"column":0},"end":{"line":524,"column":22}},"524":{"start":{"line":525,"column":0},"end":{"line":525,"column":8}},"525":{"start":{"line":526,"column":0},"end":{"line":526,"column":7}},"526":{"start":{"line":527,"column":0},"end":{"line":527,"column":27}},"527":{"start":{"line":528,"column":0},"end":{"line":528,"column":25}},"528":{"start":{"line":529,"column":0},"end":{"line":529,"column":24}},"529":{"start":{"line":530,"column":0},"end":{"line":530,"column":19}},"530":{"start":{"line":531,"column":0},"end":{"line":531,"column":55}},"531":{"start":{"line":532,"column":0},"end":{"line":532,"column":41}},"532":{"start":{"line":533,"column":0},"end":{"line":533,"column":22}},"533":{"start":{"line":534,"column":0},"end":{"line":534,"column":7}},"534":{"start":{"line":535,"column":0},"end":{"line":535,"column":5}},"535":{"start":{"line":536,"column":0},"end":{"line":536,"column":3}},"536":{"start":{"line":537,"column":0},"end":{"line":537,"column":1}},"537":{"start":{"line":538,"column":0},"end":{"line":538,"column":0}},"538":{"start":{"line":539,"column":0},"end":{"line":539,"column":56}},"539":{"start":{"line":540,"column":0},"end":{"line":540,"column":5}},"540":{"start":{"line":541,"column":0},"end":{"line":541,"column":35}},"541":{"start":{"line":542,"column":0},"end":{"line":542,"column":23}},"542":{"start":{"line":543,"column":0},"end":{"line":543,"column":22}},"543":{"start":{"line":544,"column":0},"end":{"line":544,"column":17}},"544":{"start":{"line":545,"column":0},"end":{"line":545,"column":31}},"545":{"start":{"line":546,"column":0},"end":{"line":546,"column":26}},"546":{"start":{"line":547,"column":0},"end":{"line":547,"column":19}},"547":{"start":{"line":548,"column":0},"end":{"line":548,"column":9}},"548":{"start":{"line":549,"column":0},"end":{"line":549,"column":31}},"549":{"start":{"line":550,"column":0},"end":{"line":550,"column":27}},"550":{"start":{"line":551,"column":0},"end":{"line":551,"column":26}},"551":{"start":{"line":552,"column":0},"end":{"line":552,"column":21}},"552":{"start":{"line":553,"column":0},"end":{"line":553,"column":57}},"553":{"start":{"line":554,"column":0},"end":{"line":554,"column":30}},"554":{"start":{"line":555,"column":0},"end":{"line":555,"column":23}},"555":{"start":{"line":556,"column":0},"end":{"line":556,"column":13}},"556":{"start":{"line":557,"column":0},"end":{"line":557,"column":33}},"557":{"start":{"line":558,"column":0},"end":{"line":558,"column":31}},"558":{"start":{"line":559,"column":0},"end":{"line":559,"column":30}},"559":{"start":{"line":560,"column":0},"end":{"line":560,"column":25}},"560":{"start":{"line":561,"column":0},"end":{"line":561,"column":61}},"561":{"start":{"line":562,"column":0},"end":{"line":562,"column":62}},"562":{"start":{"line":563,"column":0},"end":{"line":563,"column":28}},"563":{"start":{"line":564,"column":0},"end":{"line":564,"column":14}},"564":{"start":{"line":565,"column":0},"end":{"line":565,"column":13}},"565":{"start":{"line":566,"column":0},"end":{"line":566,"column":35}},"566":{"start":{"line":567,"column":0},"end":{"line":567,"column":31}},"567":{"start":{"line":568,"column":0},"end":{"line":568,"column":30}},"568":{"start":{"line":569,"column":0},"end":{"line":569,"column":25}},"569":{"start":{"line":570,"column":0},"end":{"line":570,"column":61}},"570":{"start":{"line":571,"column":0},"end":{"line":571,"column":34}},"571":{"start":{"line":572,"column":0},"end":{"line":572,"column":27}},"572":{"start":{"line":573,"column":0},"end":{"line":573,"column":17}},"573":{"start":{"line":574,"column":0},"end":{"line":574,"column":41}},"574":{"start":{"line":575,"column":0},"end":{"line":575,"column":35}},"575":{"start":{"line":576,"column":0},"end":{"line":576,"column":34}},"576":{"start":{"line":577,"column":0},"end":{"line":577,"column":29}},"577":{"start":{"line":578,"column":0},"end":{"line":578,"column":65}},"578":{"start":{"line":579,"column":0},"end":{"line":579,"column":38}},"579":{"start":{"line":580,"column":0},"end":{"line":580,"column":31}},"580":{"start":{"line":581,"column":0},"end":{"line":581,"column":21}},"581":{"start":{"line":582,"column":0},"end":{"line":582,"column":41}},"582":{"start":{"line":583,"column":0},"end":{"line":583,"column":39}},"583":{"start":{"line":584,"column":0},"end":{"line":584,"column":38}},"584":{"start":{"line":585,"column":0},"end":{"line":585,"column":33}},"585":{"start":{"line":586,"column":0},"end":{"line":586,"column":69}},"586":{"start":{"line":587,"column":0},"end":{"line":587,"column":55}},"587":{"start":{"line":588,"column":0},"end":{"line":588,"column":36}},"588":{"start":{"line":589,"column":0},"end":{"line":589,"column":21}},"589":{"start":{"line":590,"column":0},"end":{"line":590,"column":19}},"590":{"start":{"line":591,"column":0},"end":{"line":591,"column":17}},"591":{"start":{"line":592,"column":0},"end":{"line":592,"column":15}},"592":{"start":{"line":593,"column":0},"end":{"line":593,"column":14}},"593":{"start":{"line":594,"column":0},"end":{"line":594,"column":13}},"594":{"start":{"line":595,"column":0},"end":{"line":595,"column":33}},"595":{"start":{"line":596,"column":0},"end":{"line":596,"column":31}},"596":{"start":{"line":597,"column":0},"end":{"line":597,"column":30}},"597":{"start":{"line":598,"column":0},"end":{"line":598,"column":25}},"598":{"start":{"line":599,"column":0},"end":{"line":599,"column":61}},"599":{"start":{"line":600,"column":0},"end":{"line":600,"column":37}},"600":{"start":{"line":601,"column":0},"end":{"line":601,"column":28}},"601":{"start":{"line":602,"column":0},"end":{"line":602,"column":13}},"602":{"start":{"line":603,"column":0},"end":{"line":603,"column":11}},"603":{"start":{"line":604,"column":0},"end":{"line":604,"column":10}},"604":{"start":{"line":605,"column":0},"end":{"line":605,"column":9}},"605":{"start":{"line":606,"column":0},"end":{"line":606,"column":29}},"606":{"start":{"line":607,"column":0},"end":{"line":607,"column":27}},"607":{"start":{"line":608,"column":0},"end":{"line":608,"column":26}},"608":{"start":{"line":609,"column":0},"end":{"line":609,"column":21}},"609":{"start":{"line":610,"column":0},"end":{"line":610,"column":57}},"610":{"start":{"line":611,"column":0},"end":{"line":611,"column":54}},"611":{"start":{"line":612,"column":0},"end":{"line":612,"column":24}},"612":{"start":{"line":613,"column":0},"end":{"line":613,"column":9}},"613":{"start":{"line":614,"column":0},"end":{"line":614,"column":7}},"614":{"start":{"line":615,"column":0},"end":{"line":615,"column":6}},"615":{"start":{"line":616,"column":0},"end":{"line":616,"column":5}},"616":{"start":{"line":617,"column":0},"end":{"line":617,"column":30}},"617":{"start":{"line":618,"column":0},"end":{"line":618,"column":23}},"618":{"start":{"line":619,"column":0},"end":{"line":619,"column":22}},"619":{"start":{"line":620,"column":0},"end":{"line":620,"column":17}},"620":{"start":{"line":621,"column":0},"end":{"line":621,"column":53}},"621":{"start":{"line":622,"column":0},"end":{"line":622,"column":26}},"622":{"start":{"line":623,"column":0},"end":{"line":623,"column":20}},"623":{"start":{"line":624,"column":0},"end":{"line":624,"column":5}},"624":{"start":{"line":625,"column":0},"end":{"line":625,"column":2}},"625":{"start":{"line":626,"column":0},"end":{"line":626,"column":0}},"626":{"start":{"line":627,"column":0},"end":{"line":627,"column":45}},"627":{"start":{"line":628,"column":0},"end":{"line":628,"column":3}},"628":{"start":{"line":629,"column":0},"end":{"line":629,"column":25}},"629":{"start":{"line":630,"column":0},"end":{"line":630,"column":21}},"630":{"start":{"line":631,"column":0},"end":{"line":631,"column":20}},"631":{"start":{"line":632,"column":0},"end":{"line":632,"column":15}},"632":{"start":{"line":633,"column":0},"end":{"line":633,"column":51}},"633":{"start":{"line":634,"column":0},"end":{"line":634,"column":24}},"634":{"start":{"line":635,"column":0},"end":{"line":635,"column":17}},"635":{"start":{"line":636,"column":0},"end":{"line":636,"column":7}},"636":{"start":{"line":637,"column":0},"end":{"line":637,"column":27}},"637":{"start":{"line":638,"column":0},"end":{"line":638,"column":25}},"638":{"start":{"line":639,"column":0},"end":{"line":639,"column":24}},"639":{"start":{"line":640,"column":0},"end":{"line":640,"column":19}},"640":{"start":{"line":641,"column":0},"end":{"line":641,"column":55}},"641":{"start":{"line":642,"column":0},"end":{"line":642,"column":56}},"642":{"start":{"line":643,"column":0},"end":{"line":643,"column":22}},"643":{"start":{"line":644,"column":0},"end":{"line":644,"column":8}},"644":{"start":{"line":645,"column":0},"end":{"line":645,"column":7}},"645":{"start":{"line":646,"column":0},"end":{"line":646,"column":29}},"646":{"start":{"line":647,"column":0},"end":{"line":647,"column":25}},"647":{"start":{"line":648,"column":0},"end":{"line":648,"column":24}},"648":{"start":{"line":649,"column":0},"end":{"line":649,"column":19}},"649":{"start":{"line":650,"column":0},"end":{"line":650,"column":55}},"650":{"start":{"line":651,"column":0},"end":{"line":651,"column":28}},"651":{"start":{"line":652,"column":0},"end":{"line":652,"column":21}},"652":{"start":{"line":653,"column":0},"end":{"line":653,"column":11}},"653":{"start":{"line":654,"column":0},"end":{"line":654,"column":35}},"654":{"start":{"line":655,"column":0},"end":{"line":655,"column":29}},"655":{"start":{"line":656,"column":0},"end":{"line":656,"column":28}},"656":{"start":{"line":657,"column":0},"end":{"line":657,"column":23}},"657":{"start":{"line":658,"column":0},"end":{"line":658,"column":59}},"658":{"start":{"line":659,"column":0},"end":{"line":659,"column":32}},"659":{"start":{"line":660,"column":0},"end":{"line":660,"column":25}},"660":{"start":{"line":661,"column":0},"end":{"line":661,"column":15}},"661":{"start":{"line":662,"column":0},"end":{"line":662,"column":35}},"662":{"start":{"line":663,"column":0},"end":{"line":663,"column":33}},"663":{"start":{"line":664,"column":0},"end":{"line":664,"column":32}},"664":{"start":{"line":665,"column":0},"end":{"line":665,"column":27}},"665":{"start":{"line":666,"column":0},"end":{"line":666,"column":63}},"666":{"start":{"line":667,"column":0},"end":{"line":667,"column":49}},"667":{"start":{"line":668,"column":0},"end":{"line":668,"column":30}},"668":{"start":{"line":669,"column":0},"end":{"line":669,"column":15}},"669":{"start":{"line":670,"column":0},"end":{"line":670,"column":13}},"670":{"start":{"line":671,"column":0},"end":{"line":671,"column":11}},"671":{"start":{"line":672,"column":0},"end":{"line":672,"column":9}},"672":{"start":{"line":673,"column":0},"end":{"line":673,"column":8}},"673":{"start":{"line":674,"column":0},"end":{"line":674,"column":7}},"674":{"start":{"line":675,"column":0},"end":{"line":675,"column":27}},"675":{"start":{"line":676,"column":0},"end":{"line":676,"column":25}},"676":{"start":{"line":677,"column":0},"end":{"line":677,"column":24}},"677":{"start":{"line":678,"column":0},"end":{"line":678,"column":19}},"678":{"start":{"line":679,"column":0},"end":{"line":679,"column":55}},"679":{"start":{"line":680,"column":0},"end":{"line":680,"column":31}},"680":{"start":{"line":681,"column":0},"end":{"line":681,"column":22}},"681":{"start":{"line":682,"column":0},"end":{"line":682,"column":7}},"682":{"start":{"line":683,"column":0},"end":{"line":683,"column":5}},"683":{"start":{"line":684,"column":0},"end":{"line":684,"column":4}},"684":{"start":{"line":685,"column":0},"end":{"line":685,"column":3}},"685":{"start":{"line":686,"column":0},"end":{"line":686,"column":23}},"686":{"start":{"line":687,"column":0},"end":{"line":687,"column":21}},"687":{"start":{"line":688,"column":0},"end":{"line":688,"column":20}},"688":{"start":{"line":689,"column":0},"end":{"line":689,"column":15}},"689":{"start":{"line":690,"column":0},"end":{"line":690,"column":51}},"690":{"start":{"line":691,"column":0},"end":{"line":691,"column":48}},"691":{"start":{"line":692,"column":0},"end":{"line":692,"column":18}},"692":{"start":{"line":693,"column":0},"end":{"line":693,"column":3}},"693":{"start":{"line":694,"column":0},"end":{"line":694,"column":2}},"694":{"start":{"line":695,"column":0},"end":{"line":695,"column":0}},"695":{"start":{"line":696,"column":0},"end":{"line":696,"column":45}},"696":{"start":{"line":697,"column":0},"end":{"line":697,"column":3}},"697":{"start":{"line":698,"column":0},"end":{"line":698,"column":33}},"698":{"start":{"line":699,"column":0},"end":{"line":699,"column":21}},"699":{"start":{"line":700,"column":0},"end":{"line":700,"column":20}},"700":{"start":{"line":701,"column":0},"end":{"line":701,"column":15}},"701":{"start":{"line":702,"column":0},"end":{"line":702,"column":51}},"702":{"start":{"line":703,"column":0},"end":{"line":703,"column":24}},"703":{"start":{"line":704,"column":0},"end":{"line":704,"column":17}},"704":{"start":{"line":705,"column":0},"end":{"line":705,"column":7}},"705":{"start":{"line":706,"column":0},"end":{"line":706,"column":27}},"706":{"start":{"line":707,"column":0},"end":{"line":707,"column":25}},"707":{"start":{"line":708,"column":0},"end":{"line":708,"column":24}},"708":{"start":{"line":709,"column":0},"end":{"line":709,"column":19}},"709":{"start":{"line":710,"column":0},"end":{"line":710,"column":55}},"710":{"start":{"line":711,"column":0},"end":{"line":711,"column":34}},"711":{"start":{"line":712,"column":0},"end":{"line":712,"column":22}},"712":{"start":{"line":713,"column":0},"end":{"line":713,"column":7}},"713":{"start":{"line":714,"column":0},"end":{"line":714,"column":5}},"714":{"start":{"line":715,"column":0},"end":{"line":715,"column":3}},"715":{"start":{"line":716,"column":0},"end":{"line":716,"column":2}},"716":{"start":{"line":717,"column":0},"end":{"line":717,"column":0}},"717":{"start":{"line":718,"column":0},"end":{"line":718,"column":42}},"718":{"start":{"line":719,"column":0},"end":{"line":719,"column":25}},"719":{"start":{"line":720,"column":0},"end":{"line":720,"column":17}},"720":{"start":{"line":721,"column":0},"end":{"line":721,"column":22}},"721":{"start":{"line":722,"column":0},"end":{"line":722,"column":4}},"722":{"start":{"line":723,"column":0},"end":{"line":723,"column":18}},"723":{"start":{"line":724,"column":0},"end":{"line":724,"column":13}},"724":{"start":{"line":725,"column":0},"end":{"line":725,"column":49}},"725":{"start":{"line":726,"column":0},"end":{"line":726,"column":22}},"726":{"start":{"line":727,"column":0},"end":{"line":727,"column":15}},"727":{"start":{"line":728,"column":0},"end":{"line":728,"column":5}},"728":{"start":{"line":729,"column":0},"end":{"line":729,"column":30}},"729":{"start":{"line":730,"column":0},"end":{"line":730,"column":23}},"730":{"start":{"line":731,"column":0},"end":{"line":731,"column":22}},"731":{"start":{"line":732,"column":0},"end":{"line":732,"column":17}},"732":{"start":{"line":733,"column":0},"end":{"line":733,"column":53}},"733":{"start":{"line":734,"column":0},"end":{"line":734,"column":26}},"734":{"start":{"line":735,"column":0},"end":{"line":735,"column":19}},"735":{"start":{"line":736,"column":0},"end":{"line":736,"column":9}},"736":{"start":{"line":737,"column":0},"end":{"line":737,"column":39}},"737":{"start":{"line":738,"column":0},"end":{"line":738,"column":27}},"738":{"start":{"line":739,"column":0},"end":{"line":739,"column":26}},"739":{"start":{"line":740,"column":0},"end":{"line":740,"column":21}},"740":{"start":{"line":741,"column":0},"end":{"line":741,"column":57}},"741":{"start":{"line":742,"column":0},"end":{"line":742,"column":30}},"742":{"start":{"line":743,"column":0},"end":{"line":743,"column":23}},"743":{"start":{"line":744,"column":0},"end":{"line":744,"column":13}},"744":{"start":{"line":745,"column":0},"end":{"line":745,"column":33}},"745":{"start":{"line":746,"column":0},"end":{"line":746,"column":31}},"746":{"start":{"line":747,"column":0},"end":{"line":747,"column":30}},"747":{"start":{"line":748,"column":0},"end":{"line":748,"column":25}},"748":{"start":{"line":749,"column":0},"end":{"line":749,"column":61}},"749":{"start":{"line":750,"column":0},"end":{"line":750,"column":40}},"750":{"start":{"line":751,"column":0},"end":{"line":751,"column":28}},"751":{"start":{"line":752,"column":0},"end":{"line":752,"column":13}},"752":{"start":{"line":753,"column":0},"end":{"line":753,"column":11}},"753":{"start":{"line":754,"column":0},"end":{"line":754,"column":9}},"754":{"start":{"line":755,"column":0},"end":{"line":755,"column":7}},"755":{"start":{"line":756,"column":0},"end":{"line":756,"column":6}},"756":{"start":{"line":757,"column":0},"end":{"line":757,"column":5}},"757":{"start":{"line":758,"column":0},"end":{"line":758,"column":30}},"758":{"start":{"line":759,"column":0},"end":{"line":759,"column":23}},"759":{"start":{"line":760,"column":0},"end":{"line":760,"column":22}},"760":{"start":{"line":761,"column":0},"end":{"line":761,"column":17}},"761":{"start":{"line":762,"column":0},"end":{"line":762,"column":53}},"762":{"start":{"line":763,"column":0},"end":{"line":763,"column":26}},"763":{"start":{"line":764,"column":0},"end":{"line":764,"column":19}},"764":{"start":{"line":765,"column":0},"end":{"line":765,"column":9}},"765":{"start":{"line":766,"column":0},"end":{"line":766,"column":39}},"766":{"start":{"line":767,"column":0},"end":{"line":767,"column":27}},"767":{"start":{"line":768,"column":0},"end":{"line":768,"column":26}},"768":{"start":{"line":769,"column":0},"end":{"line":769,"column":21}},"769":{"start":{"line":770,"column":0},"end":{"line":770,"column":57}},"770":{"start":{"line":771,"column":0},"end":{"line":771,"column":30}},"771":{"start":{"line":772,"column":0},"end":{"line":772,"column":23}},"772":{"start":{"line":773,"column":0},"end":{"line":773,"column":13}},"773":{"start":{"line":774,"column":0},"end":{"line":774,"column":33}},"774":{"start":{"line":775,"column":0},"end":{"line":775,"column":31}},"775":{"start":{"line":776,"column":0},"end":{"line":776,"column":30}},"776":{"start":{"line":777,"column":0},"end":{"line":777,"column":25}},"777":{"start":{"line":778,"column":0},"end":{"line":778,"column":61}},"778":{"start":{"line":779,"column":0},"end":{"line":779,"column":40}},"779":{"start":{"line":780,"column":0},"end":{"line":780,"column":28}},"780":{"start":{"line":781,"column":0},"end":{"line":781,"column":13}},"781":{"start":{"line":782,"column":0},"end":{"line":782,"column":11}},"782":{"start":{"line":783,"column":0},"end":{"line":783,"column":9}},"783":{"start":{"line":784,"column":0},"end":{"line":784,"column":7}},"784":{"start":{"line":785,"column":0},"end":{"line":785,"column":5}},"785":{"start":{"line":786,"column":0},"end":{"line":786,"column":3}},"786":{"start":{"line":787,"column":0},"end":{"line":787,"column":2}},"787":{"start":{"line":788,"column":0},"end":{"line":788,"column":1}},"788":{"start":{"line":789,"column":0},"end":{"line":789,"column":25}},"789":{"start":{"line":790,"column":0},"end":{"line":790,"column":17}},"790":{"start":{"line":791,"column":0},"end":{"line":791,"column":23}},"791":{"start":{"line":792,"column":0},"end":{"line":792,"column":4}},"792":{"start":{"line":793,"column":0},"end":{"line":793,"column":18}},"793":{"start":{"line":794,"column":0},"end":{"line":794,"column":13}},"794":{"start":{"line":795,"column":0},"end":{"line":795,"column":49}},"795":{"start":{"line":796,"column":0},"end":{"line":796,"column":22}},"796":{"start":{"line":797,"column":0},"end":{"line":797,"column":15}},"797":{"start":{"line":798,"column":0},"end":{"line":798,"column":5}},"798":{"start":{"line":799,"column":0},"end":{"line":799,"column":30}},"799":{"start":{"line":800,"column":0},"end":{"line":800,"column":23}},"800":{"start":{"line":801,"column":0},"end":{"line":801,"column":22}},"801":{"start":{"line":802,"column":0},"end":{"line":802,"column":17}},"802":{"start":{"line":803,"column":0},"end":{"line":803,"column":53}},"803":{"start":{"line":804,"column":0},"end":{"line":804,"column":26}},"804":{"start":{"line":805,"column":0},"end":{"line":805,"column":19}},"805":{"start":{"line":806,"column":0},"end":{"line":806,"column":9}},"806":{"start":{"line":807,"column":0},"end":{"line":807,"column":39}},"807":{"start":{"line":808,"column":0},"end":{"line":808,"column":27}},"808":{"start":{"line":809,"column":0},"end":{"line":809,"column":26}},"809":{"start":{"line":810,"column":0},"end":{"line":810,"column":21}},"810":{"start":{"line":811,"column":0},"end":{"line":811,"column":57}},"811":{"start":{"line":812,"column":0},"end":{"line":812,"column":30}},"812":{"start":{"line":813,"column":0},"end":{"line":813,"column":23}},"813":{"start":{"line":814,"column":0},"end":{"line":814,"column":13}},"814":{"start":{"line":815,"column":0},"end":{"line":815,"column":33}},"815":{"start":{"line":816,"column":0},"end":{"line":816,"column":31}},"816":{"start":{"line":817,"column":0},"end":{"line":817,"column":30}},"817":{"start":{"line":818,"column":0},"end":{"line":818,"column":25}},"818":{"start":{"line":819,"column":0},"end":{"line":819,"column":61}},"819":{"start":{"line":820,"column":0},"end":{"line":820,"column":38}},"820":{"start":{"line":821,"column":0},"end":{"line":821,"column":28}},"821":{"start":{"line":822,"column":0},"end":{"line":822,"column":14}},"822":{"start":{"line":823,"column":0},"end":{"line":823,"column":13}},"823":{"start":{"line":824,"column":0},"end":{"line":824,"column":35}},"824":{"start":{"line":825,"column":0},"end":{"line":825,"column":31}},"825":{"start":{"line":826,"column":0},"end":{"line":826,"column":30}},"826":{"start":{"line":827,"column":0},"end":{"line":827,"column":25}},"827":{"start":{"line":828,"column":0},"end":{"line":828,"column":61}},"828":{"start":{"line":829,"column":0},"end":{"line":829,"column":34}},"829":{"start":{"line":830,"column":0},"end":{"line":830,"column":27}},"830":{"start":{"line":831,"column":0},"end":{"line":831,"column":17}},"831":{"start":{"line":832,"column":0},"end":{"line":832,"column":37}},"832":{"start":{"line":833,"column":0},"end":{"line":833,"column":35}},"833":{"start":{"line":834,"column":0},"end":{"line":834,"column":34}},"834":{"start":{"line":835,"column":0},"end":{"line":835,"column":29}},"835":{"start":{"line":836,"column":0},"end":{"line":836,"column":65}},"836":{"start":{"line":837,"column":0},"end":{"line":837,"column":40}},"837":{"start":{"line":838,"column":0},"end":{"line":838,"column":32}},"838":{"start":{"line":839,"column":0},"end":{"line":839,"column":17}},"839":{"start":{"line":840,"column":0},"end":{"line":840,"column":15}},"840":{"start":{"line":841,"column":0},"end":{"line":841,"column":14}},"841":{"start":{"line":842,"column":0},"end":{"line":842,"column":13}},"842":{"start":{"line":843,"column":0},"end":{"line":843,"column":33}},"843":{"start":{"line":844,"column":0},"end":{"line":844,"column":31}},"844":{"start":{"line":845,"column":0},"end":{"line":845,"column":30}},"845":{"start":{"line":846,"column":0},"end":{"line":846,"column":25}},"846":{"start":{"line":847,"column":0},"end":{"line":847,"column":61}},"847":{"start":{"line":848,"column":0},"end":{"line":848,"column":32}},"848":{"start":{"line":849,"column":0},"end":{"line":849,"column":28}},"849":{"start":{"line":850,"column":0},"end":{"line":850,"column":13}},"850":{"start":{"line":851,"column":0},"end":{"line":851,"column":11}},"851":{"start":{"line":852,"column":0},"end":{"line":852,"column":9}},"852":{"start":{"line":853,"column":0},"end":{"line":853,"column":7}},"853":{"start":{"line":854,"column":0},"end":{"line":854,"column":6}},"854":{"start":{"line":855,"column":0},"end":{"line":855,"column":5}},"855":{"start":{"line":856,"column":0},"end":{"line":856,"column":30}},"856":{"start":{"line":857,"column":0},"end":{"line":857,"column":23}},"857":{"start":{"line":858,"column":0},"end":{"line":858,"column":22}},"858":{"start":{"line":859,"column":0},"end":{"line":859,"column":17}},"859":{"start":{"line":860,"column":0},"end":{"line":860,"column":53}},"860":{"start":{"line":861,"column":0},"end":{"line":861,"column":26}},"861":{"start":{"line":862,"column":0},"end":{"line":862,"column":19}},"862":{"start":{"line":863,"column":0},"end":{"line":863,"column":9}},"863":{"start":{"line":864,"column":0},"end":{"line":864,"column":39}},"864":{"start":{"line":865,"column":0},"end":{"line":865,"column":27}},"865":{"start":{"line":866,"column":0},"end":{"line":866,"column":26}},"866":{"start":{"line":867,"column":0},"end":{"line":867,"column":21}},"867":{"start":{"line":868,"column":0},"end":{"line":868,"column":57}},"868":{"start":{"line":869,"column":0},"end":{"line":869,"column":30}},"869":{"start":{"line":870,"column":0},"end":{"line":870,"column":23}},"870":{"start":{"line":871,"column":0},"end":{"line":871,"column":13}},"871":{"start":{"line":872,"column":0},"end":{"line":872,"column":33}},"872":{"start":{"line":873,"column":0},"end":{"line":873,"column":31}},"873":{"start":{"line":874,"column":0},"end":{"line":874,"column":30}},"874":{"start":{"line":875,"column":0},"end":{"line":875,"column":25}},"875":{"start":{"line":876,"column":0},"end":{"line":876,"column":61}},"876":{"start":{"line":877,"column":0},"end":{"line":877,"column":39}},"877":{"start":{"line":878,"column":0},"end":{"line":878,"column":28}},"878":{"start":{"line":879,"column":0},"end":{"line":879,"column":14}},"879":{"start":{"line":880,"column":0},"end":{"line":880,"column":13}},"880":{"start":{"line":881,"column":0},"end":{"line":881,"column":37}},"881":{"start":{"line":882,"column":0},"end":{"line":882,"column":31}},"882":{"start":{"line":883,"column":0},"end":{"line":883,"column":30}},"883":{"start":{"line":884,"column":0},"end":{"line":884,"column":25}},"884":{"start":{"line":885,"column":0},"end":{"line":885,"column":61}},"885":{"start":{"line":886,"column":0},"end":{"line":886,"column":34}},"886":{"start":{"line":887,"column":0},"end":{"line":887,"column":27}},"887":{"start":{"line":888,"column":0},"end":{"line":888,"column":17}},"888":{"start":{"line":889,"column":0},"end":{"line":889,"column":37}},"889":{"start":{"line":890,"column":0},"end":{"line":890,"column":35}},"890":{"start":{"line":891,"column":0},"end":{"line":891,"column":34}},"891":{"start":{"line":892,"column":0},"end":{"line":892,"column":29}},"892":{"start":{"line":893,"column":0},"end":{"line":893,"column":65}},"893":{"start":{"line":894,"column":0},"end":{"line":894,"column":40}},"894":{"start":{"line":895,"column":0},"end":{"line":895,"column":32}},"895":{"start":{"line":896,"column":0},"end":{"line":896,"column":17}},"896":{"start":{"line":897,"column":0},"end":{"line":897,"column":15}},"897":{"start":{"line":898,"column":0},"end":{"line":898,"column":14}},"898":{"start":{"line":899,"column":0},"end":{"line":899,"column":13}},"899":{"start":{"line":900,"column":0},"end":{"line":900,"column":33}},"900":{"start":{"line":901,"column":0},"end":{"line":901,"column":31}},"901":{"start":{"line":902,"column":0},"end":{"line":902,"column":30}},"902":{"start":{"line":903,"column":0},"end":{"line":903,"column":25}},"903":{"start":{"line":904,"column":0},"end":{"line":904,"column":61}},"904":{"start":{"line":905,"column":0},"end":{"line":905,"column":32}},"905":{"start":{"line":906,"column":0},"end":{"line":906,"column":28}},"906":{"start":{"line":907,"column":0},"end":{"line":907,"column":13}},"907":{"start":{"line":908,"column":0},"end":{"line":908,"column":11}},"908":{"start":{"line":909,"column":0},"end":{"line":909,"column":9}},"909":{"start":{"line":910,"column":0},"end":{"line":910,"column":7}},"910":{"start":{"line":911,"column":0},"end":{"line":911,"column":5}},"911":{"start":{"line":912,"column":0},"end":{"line":912,"column":3}},"912":{"start":{"line":913,"column":0},"end":{"line":913,"column":2}},"913":{"start":{"line":914,"column":0},"end":{"line":914,"column":1}},"914":{"start":{"line":915,"column":0},"end":{"line":915,"column":25}},"915":{"start":{"line":916,"column":0},"end":{"line":916,"column":17}},"916":{"start":{"line":917,"column":0},"end":{"line":917,"column":23}},"917":{"start":{"line":918,"column":0},"end":{"line":918,"column":4}},"918":{"start":{"line":919,"column":0},"end":{"line":919,"column":18}},"919":{"start":{"line":920,"column":0},"end":{"line":920,"column":13}},"920":{"start":{"line":921,"column":0},"end":{"line":921,"column":49}},"921":{"start":{"line":922,"column":0},"end":{"line":922,"column":22}},"922":{"start":{"line":923,"column":0},"end":{"line":923,"column":15}},"923":{"start":{"line":924,"column":0},"end":{"line":924,"column":5}},"924":{"start":{"line":925,"column":0},"end":{"line":925,"column":30}},"925":{"start":{"line":926,"column":0},"end":{"line":926,"column":23}},"926":{"start":{"line":927,"column":0},"end":{"line":927,"column":22}},"927":{"start":{"line":928,"column":0},"end":{"line":928,"column":17}},"928":{"start":{"line":929,"column":0},"end":{"line":929,"column":53}},"929":{"start":{"line":930,"column":0},"end":{"line":930,"column":26}},"930":{"start":{"line":931,"column":0},"end":{"line":931,"column":19}},"931":{"start":{"line":932,"column":0},"end":{"line":932,"column":9}},"932":{"start":{"line":933,"column":0},"end":{"line":933,"column":39}},"933":{"start":{"line":934,"column":0},"end":{"line":934,"column":27}},"934":{"start":{"line":935,"column":0},"end":{"line":935,"column":26}},"935":{"start":{"line":936,"column":0},"end":{"line":936,"column":21}},"936":{"start":{"line":937,"column":0},"end":{"line":937,"column":57}},"937":{"start":{"line":938,"column":0},"end":{"line":938,"column":30}},"938":{"start":{"line":939,"column":0},"end":{"line":939,"column":23}},"939":{"start":{"line":940,"column":0},"end":{"line":940,"column":13}},"940":{"start":{"line":941,"column":0},"end":{"line":941,"column":33}},"941":{"start":{"line":942,"column":0},"end":{"line":942,"column":31}},"942":{"start":{"line":943,"column":0},"end":{"line":943,"column":30}},"943":{"start":{"line":944,"column":0},"end":{"line":944,"column":25}},"944":{"start":{"line":945,"column":0},"end":{"line":945,"column":61}},"945":{"start":{"line":946,"column":0},"end":{"line":946,"column":37}},"946":{"start":{"line":947,"column":0},"end":{"line":947,"column":28}},"947":{"start":{"line":948,"column":0},"end":{"line":948,"column":13}},"948":{"start":{"line":949,"column":0},"end":{"line":949,"column":11}},"949":{"start":{"line":950,"column":0},"end":{"line":950,"column":9}},"950":{"start":{"line":951,"column":0},"end":{"line":951,"column":7}},"951":{"start":{"line":952,"column":0},"end":{"line":952,"column":6}},"952":{"start":{"line":953,"column":0},"end":{"line":953,"column":5}},"953":{"start":{"line":954,"column":0},"end":{"line":954,"column":30}},"954":{"start":{"line":955,"column":0},"end":{"line":955,"column":23}},"955":{"start":{"line":956,"column":0},"end":{"line":956,"column":22}},"956":{"start":{"line":957,"column":0},"end":{"line":957,"column":17}},"957":{"start":{"line":958,"column":0},"end":{"line":958,"column":53}},"958":{"start":{"line":959,"column":0},"end":{"line":959,"column":26}},"959":{"start":{"line":960,"column":0},"end":{"line":960,"column":19}},"960":{"start":{"line":961,"column":0},"end":{"line":961,"column":9}},"961":{"start":{"line":962,"column":0},"end":{"line":962,"column":39}},"962":{"start":{"line":963,"column":0},"end":{"line":963,"column":27}},"963":{"start":{"line":964,"column":0},"end":{"line":964,"column":26}},"964":{"start":{"line":965,"column":0},"end":{"line":965,"column":21}},"965":{"start":{"line":966,"column":0},"end":{"line":966,"column":57}},"966":{"start":{"line":967,"column":0},"end":{"line":967,"column":30}},"967":{"start":{"line":968,"column":0},"end":{"line":968,"column":23}},"968":{"start":{"line":969,"column":0},"end":{"line":969,"column":13}},"969":{"start":{"line":970,"column":0},"end":{"line":970,"column":33}},"970":{"start":{"line":971,"column":0},"end":{"line":971,"column":31}},"971":{"start":{"line":972,"column":0},"end":{"line":972,"column":30}},"972":{"start":{"line":973,"column":0},"end":{"line":973,"column":25}},"973":{"start":{"line":974,"column":0},"end":{"line":974,"column":61}},"974":{"start":{"line":975,"column":0},"end":{"line":975,"column":38}},"975":{"start":{"line":976,"column":0},"end":{"line":976,"column":28}},"976":{"start":{"line":977,"column":0},"end":{"line":977,"column":13}},"977":{"start":{"line":978,"column":0},"end":{"line":978,"column":11}},"978":{"start":{"line":979,"column":0},"end":{"line":979,"column":9}},"979":{"start":{"line":980,"column":0},"end":{"line":980,"column":7}},"980":{"start":{"line":981,"column":0},"end":{"line":981,"column":5}},"981":{"start":{"line":982,"column":0},"end":{"line":982,"column":3}},"982":{"start":{"line":983,"column":0},"end":{"line":983,"column":1}},"983":{"start":{"line":984,"column":0},"end":{"line":984,"column":2}},"984":{"start":{"line":985,"column":0},"end":{"line":985,"column":0}},"985":{"start":{"line":986,"column":0},"end":{"line":986,"column":40}},"986":{"start":{"line":987,"column":0},"end":{"line":987,"column":5}},"987":{"start":{"line":988,"column":0},"end":{"line":988,"column":36}},"988":{"start":{"line":989,"column":0},"end":{"line":989,"column":25}},"989":{"start":{"line":990,"column":0},"end":{"line":990,"column":24}},"990":{"start":{"line":991,"column":0},"end":{"line":991,"column":19}},"991":{"start":{"line":992,"column":0},"end":{"line":992,"column":55}},"992":{"start":{"line":993,"column":0},"end":{"line":993,"column":28}},"993":{"start":{"line":994,"column":0},"end":{"line":994,"column":21}},"994":{"start":{"line":995,"column":0},"end":{"line":995,"column":11}},"995":{"start":{"line":996,"column":0},"end":{"line":996,"column":41}},"996":{"start":{"line":997,"column":0},"end":{"line":997,"column":29}},"997":{"start":{"line":998,"column":0},"end":{"line":998,"column":28}},"998":{"start":{"line":999,"column":0},"end":{"line":999,"column":23}},"999":{"start":{"line":1000,"column":0},"end":{"line":1000,"column":59}},"1000":{"start":{"line":1001,"column":0},"end":{"line":1001,"column":32}},"1001":{"start":{"line":1002,"column":0},"end":{"line":1002,"column":25}},"1002":{"start":{"line":1003,"column":0},"end":{"line":1003,"column":15}},"1003":{"start":{"line":1004,"column":0},"end":{"line":1004,"column":35}},"1004":{"start":{"line":1005,"column":0},"end":{"line":1005,"column":33}},"1005":{"start":{"line":1006,"column":0},"end":{"line":1006,"column":32}},"1006":{"start":{"line":1007,"column":0},"end":{"line":1007,"column":27}},"1007":{"start":{"line":1008,"column":0},"end":{"line":1008,"column":63}},"1008":{"start":{"line":1009,"column":0},"end":{"line":1009,"column":58}},"1009":{"start":{"line":1010,"column":0},"end":{"line":1010,"column":30}},"1010":{"start":{"line":1011,"column":0},"end":{"line":1011,"column":15}},"1011":{"start":{"line":1012,"column":0},"end":{"line":1012,"column":13}},"1012":{"start":{"line":1013,"column":0},"end":{"line":1013,"column":12}},"1013":{"start":{"line":1014,"column":0},"end":{"line":1014,"column":11}},"1014":{"start":{"line":1015,"column":0},"end":{"line":1015,"column":36}},"1015":{"start":{"line":1016,"column":0},"end":{"line":1016,"column":27}},"1016":{"start":{"line":1017,"column":0},"end":{"line":1017,"column":34}},"1017":{"start":{"line":1018,"column":0},"end":{"line":1018,"column":14}},"1018":{"start":{"line":1019,"column":0},"end":{"line":1019,"column":28}},"1019":{"start":{"line":1020,"column":0},"end":{"line":1020,"column":23}},"1020":{"start":{"line":1021,"column":0},"end":{"line":1021,"column":59}},"1021":{"start":{"line":1022,"column":0},"end":{"line":1022,"column":32}},"1022":{"start":{"line":1023,"column":0},"end":{"line":1023,"column":25}},"1023":{"start":{"line":1024,"column":0},"end":{"line":1024,"column":15}},"1024":{"start":{"line":1025,"column":0},"end":{"line":1025,"column":44}},"1025":{"start":{"line":1026,"column":0},"end":{"line":1026,"column":33}},"1026":{"start":{"line":1027,"column":0},"end":{"line":1027,"column":32}},"1027":{"start":{"line":1028,"column":0},"end":{"line":1028,"column":27}},"1028":{"start":{"line":1029,"column":0},"end":{"line":1029,"column":63}},"1029":{"start":{"line":1030,"column":0},"end":{"line":1030,"column":36}},"1030":{"start":{"line":1031,"column":0},"end":{"line":1031,"column":29}},"1031":{"start":{"line":1032,"column":0},"end":{"line":1032,"column":19}},"1032":{"start":{"line":1033,"column":0},"end":{"line":1033,"column":49}},"1033":{"start":{"line":1034,"column":0},"end":{"line":1034,"column":37}},"1034":{"start":{"line":1035,"column":0},"end":{"line":1035,"column":36}},"1035":{"start":{"line":1036,"column":0},"end":{"line":1036,"column":31}},"1036":{"start":{"line":1037,"column":0},"end":{"line":1037,"column":67}},"1037":{"start":{"line":1038,"column":0},"end":{"line":1038,"column":40}},"1038":{"start":{"line":1039,"column":0},"end":{"line":1039,"column":33}},"1039":{"start":{"line":1040,"column":0},"end":{"line":1040,"column":23}},"1040":{"start":{"line":1041,"column":0},"end":{"line":1041,"column":43}},"1041":{"start":{"line":1042,"column":0},"end":{"line":1042,"column":41}},"1042":{"start":{"line":1043,"column":0},"end":{"line":1043,"column":40}},"1043":{"start":{"line":1044,"column":0},"end":{"line":1044,"column":35}},"1044":{"start":{"line":1045,"column":0},"end":{"line":1045,"column":71}},"1045":{"start":{"line":1046,"column":0},"end":{"line":1046,"column":68}},"1046":{"start":{"line":1047,"column":0},"end":{"line":1047,"column":38}},"1047":{"start":{"line":1048,"column":0},"end":{"line":1048,"column":23}},"1048":{"start":{"line":1049,"column":0},"end":{"line":1049,"column":21}},"1049":{"start":{"line":1050,"column":0},"end":{"line":1050,"column":19}},"1050":{"start":{"line":1051,"column":0},"end":{"line":1051,"column":17}},"1051":{"start":{"line":1052,"column":0},"end":{"line":1052,"column":16}},"1052":{"start":{"line":1053,"column":0},"end":{"line":1053,"column":15}},"1053":{"start":{"line":1054,"column":0},"end":{"line":1054,"column":44}},"1054":{"start":{"line":1055,"column":0},"end":{"line":1055,"column":33}},"1055":{"start":{"line":1056,"column":0},"end":{"line":1056,"column":32}},"1056":{"start":{"line":1057,"column":0},"end":{"line":1057,"column":27}},"1057":{"start":{"line":1058,"column":0},"end":{"line":1058,"column":63}},"1058":{"start":{"line":1059,"column":0},"end":{"line":1059,"column":36}},"1059":{"start":{"line":1060,"column":0},"end":{"line":1060,"column":29}},"1060":{"start":{"line":1061,"column":0},"end":{"line":1061,"column":19}},"1061":{"start":{"line":1062,"column":0},"end":{"line":1062,"column":49}},"1062":{"start":{"line":1063,"column":0},"end":{"line":1063,"column":37}},"1063":{"start":{"line":1064,"column":0},"end":{"line":1064,"column":36}},"1064":{"start":{"line":1065,"column":0},"end":{"line":1065,"column":31}},"1065":{"start":{"line":1066,"column":0},"end":{"line":1066,"column":67}},"1066":{"start":{"line":1067,"column":0},"end":{"line":1067,"column":40}},"1067":{"start":{"line":1068,"column":0},"end":{"line":1068,"column":33}},"1068":{"start":{"line":1069,"column":0},"end":{"line":1069,"column":23}},"1069":{"start":{"line":1070,"column":0},"end":{"line":1070,"column":43}},"1070":{"start":{"line":1071,"column":0},"end":{"line":1071,"column":41}},"1071":{"start":{"line":1072,"column":0},"end":{"line":1072,"column":40}},"1072":{"start":{"line":1073,"column":0},"end":{"line":1073,"column":35}},"1073":{"start":{"line":1074,"column":0},"end":{"line":1074,"column":71}},"1074":{"start":{"line":1075,"column":0},"end":{"line":1075,"column":76}},"1075":{"start":{"line":1076,"column":0},"end":{"line":1076,"column":38}},"1076":{"start":{"line":1077,"column":0},"end":{"line":1077,"column":23}},"1077":{"start":{"line":1078,"column":0},"end":{"line":1078,"column":21}},"1078":{"start":{"line":1079,"column":0},"end":{"line":1079,"column":19}},"1079":{"start":{"line":1080,"column":0},"end":{"line":1080,"column":17}},"1080":{"start":{"line":1081,"column":0},"end":{"line":1081,"column":15}},"1081":{"start":{"line":1082,"column":0},"end":{"line":1082,"column":13}},"1082":{"start":{"line":1083,"column":0},"end":{"line":1083,"column":11}},"1083":{"start":{"line":1084,"column":0},"end":{"line":1084,"column":9}},"1084":{"start":{"line":1085,"column":0},"end":{"line":1085,"column":8}},"1085":{"start":{"line":1086,"column":0},"end":{"line":1086,"column":7}},"1086":{"start":{"line":1087,"column":0},"end":{"line":1087,"column":36}},"1087":{"start":{"line":1088,"column":0},"end":{"line":1088,"column":25}},"1088":{"start":{"line":1089,"column":0},"end":{"line":1089,"column":24}},"1089":{"start":{"line":1090,"column":0},"end":{"line":1090,"column":19}},"1090":{"start":{"line":1091,"column":0},"end":{"line":1091,"column":55}},"1091":{"start":{"line":1092,"column":0},"end":{"line":1092,"column":28}},"1092":{"start":{"line":1093,"column":0},"end":{"line":1093,"column":21}},"1093":{"start":{"line":1094,"column":0},"end":{"line":1094,"column":11}},"1094":{"start":{"line":1095,"column":0},"end":{"line":1095,"column":41}},"1095":{"start":{"line":1096,"column":0},"end":{"line":1096,"column":29}},"1096":{"start":{"line":1097,"column":0},"end":{"line":1097,"column":28}},"1097":{"start":{"line":1098,"column":0},"end":{"line":1098,"column":23}},"1098":{"start":{"line":1099,"column":0},"end":{"line":1099,"column":59}},"1099":{"start":{"line":1100,"column":0},"end":{"line":1100,"column":32}},"1100":{"start":{"line":1101,"column":0},"end":{"line":1101,"column":25}},"1101":{"start":{"line":1102,"column":0},"end":{"line":1102,"column":15}},"1102":{"start":{"line":1103,"column":0},"end":{"line":1103,"column":35}},"1103":{"start":{"line":1104,"column":0},"end":{"line":1104,"column":33}},"1104":{"start":{"line":1105,"column":0},"end":{"line":1105,"column":32}},"1105":{"start":{"line":1106,"column":0},"end":{"line":1106,"column":27}},"1106":{"start":{"line":1107,"column":0},"end":{"line":1107,"column":63}},"1107":{"start":{"line":1108,"column":0},"end":{"line":1108,"column":59}},"1108":{"start":{"line":1109,"column":0},"end":{"line":1109,"column":30}},"1109":{"start":{"line":1110,"column":0},"end":{"line":1110,"column":15}},"1110":{"start":{"line":1111,"column":0},"end":{"line":1111,"column":13}},"1111":{"start":{"line":1112,"column":0},"end":{"line":1112,"column":11}},"1112":{"start":{"line":1113,"column":0},"end":{"line":1113,"column":9}},"1113":{"start":{"line":1114,"column":0},"end":{"line":1114,"column":7}},"1114":{"start":{"line":1115,"column":0},"end":{"line":1115,"column":2}},"1115":{"start":{"line":1116,"column":0},"end":{"line":1116,"column":0}},"1116":{"start":{"line":1117,"column":0},"end":{"line":1117,"column":43}},"1117":{"start":{"line":1118,"column":0},"end":{"line":1118,"column":5}},"1118":{"start":{"line":1119,"column":0},"end":{"line":1119,"column":25}},"1119":{"start":{"line":1120,"column":0},"end":{"line":1120,"column":23}},"1120":{"start":{"line":1121,"column":0},"end":{"line":1121,"column":22}},"1121":{"start":{"line":1122,"column":0},"end":{"line":1122,"column":17}},"1122":{"start":{"line":1123,"column":0},"end":{"line":1123,"column":53}},"1123":{"start":{"line":1124,"column":0},"end":{"line":1124,"column":39}},"1124":{"start":{"line":1125,"column":0},"end":{"line":1125,"column":20}},"1125":{"start":{"line":1126,"column":0},"end"
[...]
,"E:\\windu\\WinduDocs\\src\\TextEditor\\wd-text-editor\\src\\rich-text-editor\\undo-redo-ot\\utils\\find-parent-node.ts": {"path":"E:\\windu\\WinduDocs\\src\\TextEditor\\wd-text-editor\\src\\rich-text-editor\\undo-redo-ot\\utils\\find-parent-node.ts","all":false,"statementMap":{"0":{"start":{"line":1,"column":0},"end":{"line":1,"column":64}},"1":{"start":{"line":2,"column":0},"end":{"line":2,"column":0}},"2":{"start":{"line":3,"column":0},"end":{"line":3,"column":107}},"3":{"start":{"line":4,"column":0},"end":{"line":4,"column":32}},"4":{"start":{"line":5,"column":0},"end":{"line":5,"column":22}},"5":{"start":{"line":6,"column":0},"end":{"line":6,"column":5}},"6":{"start":{"line":7,"column":0},"end":{"line":7,"column":40}},"7":{"start":{"line":8,"column":0},"end":{"line":8,"column":65}},"8":{"start":{"line":9,"column":0},"end":{"line":9,"column":44}},"9":{"start":{"line":10,"column":0},"end":{"line":10,"column":5}},"10":{"start":{"line":11,"column":0},"end":{"line":11,"column":16}},"11":{"start":{"line":12,"column":0},"end":{"line":12,"column":1}},"12":{"start":{"line":13,"column":0},"end":{"line":13,"column":0}},"13":{"start":{"line":14,"column":0},"end":{"line":14,"column":30}}},"s":{"0":1,"1":1,"2":1,"3":0,"4":0,"5":0,"6":0,"7":0,"8":0,"9":0,"10":0,"11":0,"12":1,"13":1},"branchMap":{},"b":{},"fnMap":{"0":{"name":"findParentNode","decl":{"start":{"line":3,"column":23},"end":{"line":12,"column":1}},"loc":{"start":{"line":3,"column":23},"end":{"line":12,"column":1}},"line":3}},"f":{"0":0}}
,"E:\\windu\\WinduDocs\\src\\TextEditor\\wd-text-editor\\src\\rich-text-editor\\undo-redo-ot\\utils\\increment-end.ts": {"path":"E:\\windu\\WinduDocs\\src\\TextEditor\\wd-text-editor\\src\\rich-text-editor\\undo-redo-ot\\utils\\increment-end.ts","all":false,"statementMap":{"0":{"start":{"line":1,"column":0},"end":{"line":1,"column":49}},"1":{"start":{"line":2,"column":0},"end":{"line":2,"column":54}},"2":{"start":{"line":3,"column":0},"end":{"line":3,"column":27}},"3":{"start":{"line":4,"column":0},"end":{"line":4,"column":0}},"4":{"start":{"line":5,"column":0},"end":{"line":5,"column":21}},"5":{"start":{"line":6,"column":0},"end":{"line":6,"column":37}},"6":{"start":{"line":7,"column":0},"end":{"line":7,"column":0}},"7":{"start":{"line":8,"column":0},"end":{"line":8,"column":16}},"8":{"start":{"line":9,"column":0},"end":{"line":9,"column":51}},"9":{"start":{"line":10,"column":0},"end":{"line":10,"column":48}},"10":{"start":{"line":11,"column":0},"end":{"line":11,"column":50}},"11":{"start":{"line":12,"column":0},"end":{"line":12,"column":9}},"12":{"start":{"line":13,"column":0},"end":{"line":13,"column":27}},"13":{"start":{"line":14,"column":0},"end":{"line":14,"column":9}},"14":{"start":{"line":15,"column":0},"end":{"line":15,"column":53}},"15":{"start":{"line":16,"column":0},"end":{"line":16,"column":0}},"16":{"start":{"line":17,"column":0},"end":{"line":17,"column":85}},"17":{"start":{"line":18,"column":0},"end":{"line":18,"column":70}},"18":{"start":{"line":19,"column":0},"end":{"line":19,"column":5}},"19":{"start":{"line":20,"column":0},"end":{"line":20,"column":0}},"20":{"start":{"line":21,"column":0},"end":{"line":21,"column":71}},"21":{"start":{"line":22,"column":0},"end":{"line":22,"column":17}},"22":{"start":{"line":23,"column":0},"end":{"line":23,"column":1}},"23":{"start":{"line":24,"column":0},"end":{"line":24,"column":28}}},"s":{"0":1,"1":5,"2":5,"3":5,"4":5,"5":5,"6":5,"7":5,"8":4,"9":4,"10":4,"11":4,"12":1,"13":1,"14":4,"15":4,"16":4,"17":4,"18":4,"19":1,"20":1,"21":1,"22":1,"23":1},"branchMap":{"0":{"type":"branch","line":1,"loc":{"start":{"line":1,"column":21},"end":{"line":23,"column":1}},"locations":[{"start":{"line":1,"column":21},"end":{"line":23,"column":1}}]},"1":{"type":"branch","line":8,"loc":{"start":{"line":8,"column":15},"end":{"line":19,"column":5}},"locations":[{"start":{"line":8,"column":15},"end":{"line":19,"column":5}}]},"2":{"type":"branch","line":12,"loc":{"start":{"line":12,"column":8},"end":{"line":14,"column":9}},"locations":[{"start":{"line":12,"column":8},"end":{"line":14,"column":9}}]},"3":{"type":"branch","line":19,"loc":{"start":{"line":19,"column":4},"end":{"line":23,"column":1}},"locations":[{"start":{"line":19,"column":4},"end":{"line":23,"column":1}}]}},"b":{"0":[5],"1":[4],"2":[1],"3":[1]},"fnMap":{"0":{"name":"incrementEnd","decl":{"start":{"line":1,"column":21},"end":{"line":23,"column":1}},"loc":{"start":{"line":1,"column":21},"end":{"line":23,"column":1}},"line":1}},"f":{"0":5}}
,"E:\\windu\\WinduDocs\\src\\TextEditor\\wd-text-editor\\src\\rich-text-editor\\undo-redo-ot\\utils\\trim-special.ts": {"path":"E:\\windu\\WinduDocs\\src\\TextEditor\\wd-text-editor\\src\\rich-text-editor\\undo-redo-ot\\utils\\trim-special.ts","all":false,"statementMap":{"0":{"start":{"line":1,"column":0},"end":{"line":1,"column":27}},"1":{"start":{"line":2,"column":0},"end":{"line":2,"column":25}},"2":{"start":{"line":3,"column":0},"end":{"line":3,"column":23}},"3":{"start":{"line":4,"column":0},"end":{"line":4,"column":26}},"4":{"start":{"line":5,"column":0},"end":{"line":5,"column":24}},"5":{"start":{"line":6,"column":0},"end":{"line":6,"column":2}},"6":{"start":{"line":7,"column":0},"end":{"line":7,"column":0}},"7":{"start":{"line":8,"column":0},"end":{"line":8,"column":70}},"8":{"start":{"line":9,"column":0},"end":{"line":9,"column":26}},"9":{"start":{"line":10,"column":0},"end":{"line":10,"column":31}},"10":{"start":{"line":11,"column":0},"end":{"line":11,"column":56}},"11":{"start":{"line":12,"column":0},"end":{"line":12,"column":32}},"12":{"start":{"line":13,"column":0},"end":{"line":13,"column":42}},"13":{"start":{"line":14,"column":0},"end":{"line":14,"column":9}},"14":{"start":{"line":15,"column":0},"end":{"line":15,"column":5}},"15":{"start":{"line":16,"column":0},"end":{"line":16,"column":0}},"16":{"start":{"line":17,"column":0},"end":{"line":17,"column":17}},"17":{"start":{"line":18,"column":0},"end":{"line":18,"column":71}},"18":{"start":{"line":19,"column":0},"end":{"line":19,"column":60}},"19":{"start":{"line":20,"column":0},"end":{"line":20,"column":5}},"20":{"start":{"line":21,"column":0},"end":{"line":21,"column":0}},"21":{"start":{"line":22,"column":0},"end":{"line":22,"column":15}},"22":{"start":{"line":23,"column":0},"end":{"line":23,"column":65}},"23":{"start":{"line":24,"column":0},"end":{"line":24,"column":76}},"24":{"start":{"line":25,"column":0},"end":{"line":25,"column":5}},"25":{"start":{"line":26,"column":0},"end":{"line":26,"column":0}},"26":{"start":{"line":27,"column":0},"end":{"line":27,"column":17}},"27":{"start":{"line":28,"column":0},"end":{"line":28,"column":1}},"28":{"start":{"line":29,"column":0},"end":{"line":29,"column":0}},"29":{"start":{"line":30,"column":0},"end":{"line":30,"column":27}}},"s":{"0":1,"1":1,"2":1,"3":1,"4":1,"5":1,"6":1,"7":1,"8":6,"9":6,"10":1,"11":1,"12":1,"13":1,"14":1,"15":6,"16":6,"17":6,"18":2,"19":2,"20":6,"21":6,"22":6,"23":2,"24":2,"25":6,"26":6,"27":6,"28":1,"29":1},"branchMap":{"0":{"type":"branch","line":8,"loc":{"start":{"line":8,"column":20},"end":{"line":28,"column":1}},"locations":[{"start":{"line":8,"column":20},"end":{"line":28,"column":1}}]},"1":{"type":"branch","line":10,"loc":{"start":{"line":10,"column":30},"end":{"line":15,"column":5}},"locations":[{"start":{"line":10,"column":30},"end":{"line":15,"column":5}}]},"2":{"type":"branch","line":18,"loc":{"start":{"line":18,"column":16},"end":{"line":18,"column":70}},"locations":[{"start":{"line":18,"column":16},"end":{"line":18,"column":70}}]},"3":{"type":"branch","line":18,"loc":{"start":{"line":18,"column":70},"end":{"line":20,"column":5}},"locations":[{"start":{"line":18,"column":70},"end":{"line":20,"column":5}}]},"4":{"type":"branch","line":23,"loc":{"start":{"line":23,"column":16},"end":{"line":23,"column":64}},"locations":[{"start":{"line":23,"column":16},"end":{"line":23,"column":64}}]},"5":{"type":"branch","line":23,"loc":{"start":{"line":23,"column":64},"end":{"line":25,"column":5}},"locations":[{"start":{"line":23,"column":64},"end":{"line":25,"column":5}}]}},"b":{"0":[6],"1":[1],"2":[4],"3":[2],"4":[2],"5":[2]},"fnMap":{"0":{"name":"trimSpecial","decl":{"start":{"line":8,"column":20},"end":{"line":28,"column":1}},"loc":{"start":{"line":8,"column":20},"end":{"line":28,"column":1}},"line":8}},"f":{"0":6}}
,"E:\\windu\\WinduDocs\\src\\TextEditor\\wd-text-editor\\src\\utils\\dom-diff.ts": {"path":"E:\\windu\\WinduDocs\\src\\TextEditor\\wd-text-editor\\src\\utils\\dom-diff.ts","all":false,"statementMap":{"0":{"start":{"line":1,"column":0},"end":{"line":1,"column":37}},"1":{"start":{"line":2,"column":0},"end":{"line":2,"column":29}},"2":{"start":{"line":3,"column":0},"end":{"line":3,"column":23}},"3":{"start":{"line":4,"column":0},"end":{"line":4,"column":25}},"4":{"start":{"line":5,"column":0},"end":{"line":5,"column":21}},"5":{"start":{"line":6,"column":0},"end":{"line":6,"column":22}},"6":{"start":{"line":7,"column":0},"end":{"line":7,"column":34}},"7":{"start":{"line":8,"column":0},"end":{"line":8,"column":34}},"8":{"start":{"line":9,"column":0},"end":{"line":9,"column":1}},"9":{"start":{"line":10,"column":0},"end":{"line":10,"column":0}},"10":{"start":{"line":11,"column":0},"end":{"line":11,"column":15}},"11":{"start":{"line":12,"column":0},"end":{"line":12,"column":70}},"12":{"start":{"line":13,"column":0},"end":{"line":13,"column":71}},"13":{"start":{"line":14,"column":0},"end":{"line":14,"column":52}},"14":{"start":{"line":15,"column":0},"end":{"line":15,"column":5}},"15":{"start":{"line":16,"column":0},"end":{"line":16,"column":0}},"16":{"start":{"line":17,"column":0},"end":{"line":17,"column":87}},"17":{"start":{"line":18,"column":0},"end":{"line":18,"column":44}},"18":{"start":{"line":19,"column":0},"end":{"line":19,"column":55}},"19":{"start":{"line":20,"column":0},"end":{"line":20,"column":61}},"20":{"start":{"line":21,"column":0},"end":{"line":21,"column":0}},"21":{"start":{"line":22,"column":0},"end":{"line":22,"column":71}},"22":{"start":{"line":23,"column":0},"end":{"line":23,"column":29}},"23":{"start":{"line":24,"column":0},"end":{"line":24,"column":9}},"24":{"start":{"line":25,"column":0},"end":{"line":25,"column":0}},"25":{"start":{"line":26,"column":0},"end":{"line":26,"column":69}},"26":{"start":{"line":27,"column":0},"end":{"line":27,"column":74}},"27":{"start":{"line":28,"column":0},"end":{"line":28,"column":74}},"28":{"start":{"line":29,"column":0},"end":{"line":29,"column":75}},"29":{"start":{"line":30,"column":0},"end":{"line":30,"column":0}},"30":{"start":{"line":31,"column":0},"end":{"line":31,"column":43}},"31":{"start":{"line":32,"column":0},"end":{"line":32,"column":45}},"32":{"start":{"line":33,"column":0},"end":{"line":33,"column":74}},"33":{"start":{"line":34,"column":0},"end":{"line":34,"column":9}},"34":{"start":{"line":35,"column":0},"end":{"line":35,"column":0}},"35":{"start":{"line":36,"column":0},"end":{"line":36,"column":25}},"36":{"start":{"line":37,"column":0},"end":{"line":37,"column":5}},"37":{"start":{"line":38,"column":0},"end":{"line":38,"column":0}},"38":{"start":{"line":39,"column":0},"end":{"line":39,"column":53}},"39":{"start":{"line":40,"column":0},"end":{"line":40,"column":56}},"40":{"start":{"line":41,"column":0},"end":{"line":41,"column":59}},"41":{"start":{"line":42,"column":0},"end":{"line":42,"column":57}},"42":{"start":{"line":43,"column":0},"end":{"line":43,"column":61}},"43":{"start":{"line":44,"column":0},"end":{"line":44,"column":5}},"44":{"start":{"line":45,"column":0},"end":{"line":45,"column":0}},"45":{"start":{"line":46,"column":0},"end":{"line":46,"column":83}},"46":{"start":{"line":47,"column":0},"end":{"line":47,"column":61}},"47":{"start":{"line":48,"column":0},"end":{"line":48,"column":54}},"48":{"start":{"line":49,"column":0},"end":{"line":49,"column":28}},"49":{"start":{"line":50,"column":0},"end":{"line":50,"column":38}},"50":{"start":{"line":51,"column":0},"end":{"line":51,"column":31}},"51":{"start":{"line":52,"column":0},"end":{"line":52,"column":33}},"52":{"start":{"line":53,"column":0},"end":{"line":53,"column":43}},"53":{"start":{"line":54,"column":0},"end":{"line":54,"column":71}},"54":{"start":{"line":55,"column":0},"end":{"line":55,"column":52}},"55":{"start":{"line":56,"column":0},"end":{"line":56,"column":52}},"56":{"start":{"line":57,"column":0},"end":{"line":57,"column":15}},"57":{"start":{"line":58,"column":0},"end":{"line":58,"column":16}},"58":{"start":{"line":59,"column":0},"end":{"line":59,"column":96}},"59":{"start":{"line":60,"column":0},"end":{"line":60,"column":119}},"60":{"start":{"line":61,"column":0},"end":{"line":61,"column":121}},"61":{"start":{"line":62,"column":0},"end":{"line":62,"column":0}},"62":{"start":{"line":63,"column":0},"end":{"line":63,"column":28}},"63":{"start":{"line":64,"column":0},"end":{"line":64,"column":34}},"64":{"start":{"line":65,"column":0},"end":{"line":65,"column":39}},"65":{"start":{"line":66,"column":0},"end":{"line":66,"column":43}},"66":{"start":{"line":67,"column":0},"end":{"line":67,"column":90}},"67":{"start":{"line":68,"column":0},"end":{"line":68,"column":71}},"68":{"start":{"line":69,"column":0},"end":{"line":69,"column":37}},"69":{"start":{"line":70,"column":0},"end":{"line":70,"column":37}},"70":{"start":{"line":71,"column":0},"end":{"line":71,"column":15}},"71":{"start":{"line":72,"column":0},"end":{"line":72,"column":9}},"72":{"start":{"line":73,"column":0},"end":{"line":73,"column":5}},"73":{"start":{"line":74,"column":0},"end":{"line":74,"column":1}},"74":{"start":{"line":75,"column":0},"end":{"line":75,"column":0}},"75":{"start":{"line":76,"column":0},"end":{"line":76,"column":29}}},"s":{"0":1,"1":1,"2":1,"3":1,"4":1,"5":1,"6":1,"7":1,"8":1,"9":1,"10":1,"11":1,"12":1,"13":1,"14":1,"15":1,"16":1,"17":1,"18":1,"19":1,"20":1,"21":1,"22":1,"23":1,"24":0,"25":0,"26":1,"27":1,"28":1,"29":1,"30":1,"31":1,"32":0,"33":0,"34":0,"35":0,"36":1,"37":1,"38":1,"39":1,"40":1,"41":1,"42":1,"43":1,"44":1,"45":1,"46":1,"47":1,"48":1,"49":1,"50":1,"51":1,"52":1,"53":1,"54":1,"55":1,"56":1,"57":1,"58":0,"59":0,"60":0,"61":0,"62":0,"63":0,"64":0,"65":0,"66":0,"67":0,"68":0,"69":0,"70":0,"71":0,"72":1,"73":1,"74":1,"75":1},"branchMap":{"0":{"type":"branch","line":12,"loc":{"start":{"line":12,"column":4},"end":{"line":15,"column":5}},"locations":[{"start":{"line":12,"column":4},"end":{"line":15,"column":5}}]},"1":{"type":"branch","line":17,"loc":{"start":{"line":17,"column":4},"end":{"line":37,"column":5}},"locations":[{"start":{"line":17,"column":4},"end":{"line":37,"column":5}}]},"2":{"type":"branch","line":24,"loc":{"start":{"line":24,"column":8},"end":{"line":27,"column":71}},"locations":[{"start":{"line":24,"column":8},"end":{"line":27,"column":71}}]},"3":{"type":"branch","line":27,"loc":{"start":{"line":27,"column":67},"end":{"line":27,"column":74}},"locations":[{"start":{"line":27,"column":67},"end":{"line":27,"column":74}}]},"4":{"type":"branch","line":28,"loc":{"start":{"line":28,"column":28},"end":{"line":28,"column":71}},"locations":[{"start":{"line":28,"column":28},"end":{"line":28,"column":71}}]},"5":{"type":"branch","line":28,"loc":{"start":{"line":28,"column":67},"end":{"line":28,"column":74}},"locations":[{"start":{"line":28,"column":67},"end":{"line":28,"column":74}}]},"6":{"type":"branch","line":32,"loc":{"start":{"line":32,"column":44},"end":{"line":36,"column":25}},"locations":[{"start":{"line":32,"column":44},"end":{"line":36,"column":25}}]},"7":{"type":"branch","line":39,"loc":{"start":{"line":39,"column":4},"end":{"line":44,"column":5}},"locations":[{"start":{"line":39,"column":4},"end":{"line":44,"column":5}}]},"8":{"type":"branch","line":46,"loc":{"start":{"line":46,"column":4},"end":{"line":73,"column":5}},"locations":[{"start":{"line":46,"column":4},"end":{"line":73,"column":5}}]},"9":{"type":"branch","line":54,"loc":{"start":{"line":54,"column":61},"end":{"line":54,"column":71}},"locations":[{"start":{"line":54,"column":61},"end":{"line":54,"column":71}}]},"10":{"type":"branch","line":58,"loc":{"start":{"line":58,"column":8},"end":{"line":72,"column":9}},"locations":[{"start":{"line":58,"column":8},"end":{"line":72,"column":9}}]}},"b":{"0":[1],"1":[1],"2":[0],"3":[0],"4":[0],"5":[0],"6":[0],"7":[1],"8":[1],"9":[0],"10":[0]},"fnMap":{"0":{"name":"compareTrees","decl":{"start":{"line":12,"column":4},"end":{"line":15,"column":5}},"loc":{"start":{"line":12,"column":4},"end":{"line":15,"column":5}},"line":12},"1":{"name":"traverseNodes","decl":{"start":{"line":17,"column":4},"end":{"line":37,"column":5}},"loc":{"start":{"line":17,"column":4},"end":{"line":37,"column":5}},"line":17},"2":{"name":"nodesAreDifferent","decl":{"start":{"line":39,"column":4},"end":{"line":44,"column":5}},"loc":{"start":{"line":39,"column":4},"end":{"line":44,"column":5}},"line":39},"3":{"name":"recordMutation","decl":{"start":{"line":46,"column":4},"end":{"line":73,"column":5}},"loc":{"start":{"line":46,"column":4},"end":{"line":73,"column":5}},"line":46}},"f":{"0":1,"1":1,"2":1,"3":1}}
,"E:\\windu\\WinduDocs\\src\\TextEditor\\wd-text-editor\\src\\utils\\test-utils.tsx": {"path":"E:\\windu\\WinduDocs\\src\\TextEditor\\wd-text-editor\\src\\utils\\test-utils.tsx","all":false,"statementMap":{"0":{"start":{"line":1,"column":0},"end":{"line":1,"column":56}},"1":{"start":{"line":2,"column":0},"end":{"line":2,"column":34}},"2":{"start":{"line":3,"column":0},"end":{"line":3,"column":0}},"3":{"start":{"line":4,"column":0},"end":{"line":4,"column":17}},"4":{"start":{"line":5,"column":0},"end":{"line":5,"column":11}},"5":{"start":{"line":6,"column":0},"end":{"line":6,"column":2}},"6":{"start":{"line":7,"column":0},"end":{"line":7,"column":0}},"7":{"start":{"line":8,"column":0},"end":{"line":8,"column":61}},"8":{"start":{"line":9,"column":0},"end":{"line":9,"column":21}},"9":{"start":{"line":10,"column":0},"end":{"line":10,"column":38}},"10":{"start":{"line":11,"column":0},"end":{"line":11,"column":40}},"11":{"start":{"line":12,"column":0},"end":{"line":12,"column":15}},"12":{"start":{"line":13,"column":0},"end":{"line":13,"column":4}},"13":{"start":{"line":14,"column":0},"end":{"line":14,"column":1}},"14":{"start":{"line":15,"column":0},"end":{"line":15,"column":0}},"15":{"start":{"line":16,"column":0},"end":{"line":16,"column":38}},"16":{"start":{"line":17,"column":0},"end":{"line":17,"column":66}},"17":{"start":{"line":18,"column":0},"end":{"line":18,"column":25}},"18":{"start":{"line":19,"column":0},"end":{"line":19,"column":33}}},"s":{"0":1,"1":1,"2":1,"3":1,"4":57,"5":57,"6":1,"7":48,"8":48,"9":48,"10":48,"11":48,"12":48,"13":48,"14":1,"15":1,"16":1,"17":1,"18":1},"branchMap":{"0":{"type":"branch","line":4,"loc":{"start":{"line":4,"column":10},"end":{"line":6,"column":2}},"locations":[{"start":{"line":4,"column":10},"end":{"line":6,"column":2}}]},"1":{"type":"branch","line":8,"loc":{"start":{"line":8,"column":0},"end":{"line":14,"column":1}},"locations":[{"start":{"line":8,"column":0},"end":{"line":14,"column":1}}]},"2":{"type":"branch","line":11,"loc":{"start":{"line":11,"column":13},"end":{"line":11,"column":40}},"locations":[{"start":{"line":11,"column":13},"end":{"line":11,"column":40}}]}},"b":{"0":[57],"1":[48],"2":[48]},"fnMap":{"0":{"name":"customRender","decl":{"start":{"line":8,"column":0},"end":{"line":14,"column":1}},"loc":{"start":{"line":8,"column":0},"end":{"line":14,"column":1}},"line":8},"1":{"name":"wrapper","decl":{"start":{"line":11,"column":13},"end":{"line":11,"column":40}},"loc":{"start":{"line":11,"column":13},"end":{"line":11,"column":40}},"line":11}},"f":{"0":48,"1":48}}
}
